[0.226s] Invoking command in '/mnt/c/Users/lcata/organic_ws/build/environment_msgs': CMAKE_PREFIX_PATH=${CMAKE_PREFIX_PATH}:/mnt/c/Users/lcata/organic_ws/install/my_agent:/opt/ros/kilted /usr/bin/cmake /mnt/c/Users/lcata/organic_ws/src/environment_msgs -DAMENT_CMAKE_SYMLINK_INSTALL=1 -DCMAKE_INSTALL_PREFIX=/mnt/c/Users/lcata/organic_ws/install/environment_msgs
[1.032s] -- The C compiler identification is GNU 13.3.0
[2.536s] -- The CXX compiler identification is GNU 13.3.0
[3.508s] -- Detecting C compiler ABI info
[5.281s] -- Detecting C compiler ABI info - done
[5.334s] -- Check for working C compiler: /usr/bin/cc - skipped
[5.335s] -- Detecting C compile features
[5.336s] -- Detecting C compile features - done
[5.760s] -- Detecting CXX compiler ABI info
[8.465s] -- Detecting CXX compiler ABI info - done
[8.497s] -- Check for working CXX compiler: /usr/bin/c++ - skipped
[8.497s] -- Detecting CXX compile features
[8.498s] -- Detecting CXX compile features - done
[8.576s] -- Found ament_cmake: 2.7.3 (/opt/ros/kilted/share/ament_cmake/cmake)
[10.291s] -- Found Python3: /usr/bin/python3 (found version "3.12.3") found components: Interpreter 
[10.630s] -- Override CMake install command with custom implementation using symlinks instead of copying resources
[12.103s] -- Found rosidl_default_generators: 1.7.1 (/opt/ros/kilted/share/rosidl_default_generators/cmake)
[12.180s] -- Using all available rosidl_typesupport_c: rosidl_typesupport_fastrtps_c;rosidl_typesupport_introspection_c
[12.704s] -- Using all available rosidl_typesupport_cpp: rosidl_typesupport_fastrtps_cpp;rosidl_typesupport_introspection_cpp
[13.028s] -- Found rosidl_adapter: 4.9.5 (/opt/ros/kilted/share/rosidl_adapter/cmake)
[17.604s] -- Found ament_cmake_ros_core: 0.14.5 (/opt/ros/kilted/share/ament_cmake_ros_core/cmake)
[20.905s] -- Using all available rosidl_typesupport_c: rosidl_typesupport_fastrtps_c;rosidl_typesupport_introspection_c
[25.383s] -- Using all available rosidl_typesupport_cpp: rosidl_typesupport_fastrtps_cpp;rosidl_typesupport_introspection_cpp
[26.984s] -- Found Python3: /usr/bin/python3 (found version "3.12.3") found components: Interpreter Development NumPy Development.Module Development.Embed 
[32.565s] -- Configuring done (32.2s)
[39.798s] -- Generating done (6.7s)
[41.657s] -- Build files have been written to: /mnt/c/Users/lcata/organic_ws/build/environment_msgs
[41.677s] Invoked command in '/mnt/c/Users/lcata/organic_ws/build/environment_msgs' returned '0': CMAKE_PREFIX_PATH=${CMAKE_PREFIX_PATH}:/mnt/c/Users/lcata/organic_ws/install/my_agent:/opt/ros/kilted /usr/bin/cmake /mnt/c/Users/lcata/organic_ws/src/environment_msgs -DAMENT_CMAKE_SYMLINK_INSTALL=1 -DCMAKE_INSTALL_PREFIX=/mnt/c/Users/lcata/organic_ws/install/environment_msgs
[41.715s] Invoking command in '/mnt/c/Users/lcata/organic_ws/build/environment_msgs': CMAKE_PREFIX_PATH=${CMAKE_PREFIX_PATH}:/mnt/c/Users/lcata/organic_ws/install/my_agent:/opt/ros/kilted /usr/bin/cmake --build /mnt/c/Users/lcata/organic_ws/build/environment_msgs -- -j8 -l8
[42.528s] [  1%] [34m[1mGenerating type hashes for ROS interfaces[0m
[42.541s] [  1%] Built target ament_cmake_python_symlink_environment_msgs
[43.166s] [  1%] Built target environment_msgs__rosidl_generator_type_description
[43.217s] running egg_info
[43.220s] creating environment_msgs.egg-info
[43.262s] writing environment_msgs.egg-info/PKG-INFO
[43.268s] [  2%] [34m[1mGenerating C code for ROS interfaces[0m
[43.271s] writing dependency_links to environment_msgs.egg-info/dependency_links.txt
[43.280s] writing top-level names to environment_msgs.egg-info/top_level.txt
[43.287s] writing manifest file 'environment_msgs.egg-info/SOURCES.txt'
[43.373s] [  4%] [34m[1mGenerating C++ code for ROS interfaces[0m
[43.407s] reading manifest file 'environment_msgs.egg-info/SOURCES.txt'
[43.443s] writing manifest file 'environment_msgs.egg-info/SOURCES.txt'
[43.520s] [  4%] Built target ament_cmake_python_build_environment_msgs_egg
[44.605s] [  4%] Built target environment_msgs__cpp
[46.266s] [  5%] [32mBuilding C object CMakeFiles/environment_msgs__rosidl_generator_c.dir/rosidl_generator_c/environment_msgs/msg/detail/environment_state__description.c.o[0m
[46.276s] [  6%] [32mBuilding C object CMakeFiles/environment_msgs__rosidl_generator_c.dir/rosidl_generator_c/environment_msgs/msg/detail/environment_state__functions.c.o[0m
[46.287s] [  8%] [32mBuilding C object CMakeFiles/environment_msgs__rosidl_generator_c.dir/rosidl_generator_c/environment_msgs/msg/detail/environment_state__type_support.c.o[0m
[46.302s] [ 10%] [32mBuilding C object CMakeFiles/environment_msgs__rosidl_generator_c.dir/rosidl_generator_c/environment_msgs/msg/detail/agent_state__description.c.o[0m
[46.309s] [ 10%] [32mBuilding C object CMakeFiles/environment_msgs__rosidl_generator_c.dir/rosidl_generator_c/environment_msgs/msg/detail/agent_state__functions.c.o[0m
[46.322s] [ 12%] [32mBuilding C object CMakeFiles/environment_msgs__rosidl_generator_c.dir/rosidl_generator_c/environment_msgs/msg/detail/agent_state__type_support.c.o[0m
[46.343s] [ 14%] [32mBuilding C object CMakeFiles/environment_msgs__rosidl_generator_c.dir/rosidl_generator_c/environment_msgs/msg/detail/local_map_update__functions.c.o[0m
[46.354s] [ 14%] [32mBuilding C object CMakeFiles/environment_msgs__rosidl_generator_c.dir/rosidl_generator_c/environment_msgs/msg/detail/local_map_update__description.c.o[0m
[46.558s] [ 16%] [32mBuilding C object CMakeFiles/environment_msgs__rosidl_generator_c.dir/rosidl_generator_c/environment_msgs/msg/detail/local_map_update__type_support.c.o[0m
[46.572s] [ 17%] [32mBuilding C object CMakeFiles/environment_msgs__rosidl_generator_c.dir/rosidl_generator_c/environment_msgs/msg/detail/predicted_map__functions.c.o[0m
[46.590s] [ 18%] [32mBuilding C object CMakeFiles/environment_msgs__rosidl_generator_c.dir/rosidl_generator_c/environment_msgs/msg/detail/predicted_map__description.c.o[0m
[46.602s] [ 21%] [32mBuilding C object CMakeFiles/environment_msgs__rosidl_generator_c.dir/rosidl_generator_c/environment_msgs/msg/detail/guidance_field__description.c.o[0m
[46.604s] [ 21%] [32mBuilding C object CMakeFiles/environment_msgs__rosidl_generator_c.dir/rosidl_generator_c/environment_msgs/msg/detail/predicted_map__type_support.c.o[0m
[46.617s] [ 22%] [32mBuilding C object CMakeFiles/environment_msgs__rosidl_generator_c.dir/rosidl_generator_c/environment_msgs/msg/detail/guidance_field__functions.c.o[0m
[46.631s] [ 24%] [32mBuilding C object CMakeFiles/environment_msgs__rosidl_generator_c.dir/rosidl_generator_c/environment_msgs/msg/detail/guidance_field__type_support.c.o[0m
[46.944s] [ 25%] [32m[1mLinking C shared library libenvironment_msgs__rosidl_generator_c.so[0m
[48.528s] [ 25%] Built target environment_msgs__rosidl_generator_c
[48.639s] [ 32%] [34m[1mGenerating C++ type support for eProsima Fast-RTPS[0m
[48.641s] [ 32%] [34m[1mGenerating C++ introspection for ROS interfaces[0m
[48.643s] [ 32%] [34m[1mGenerating C++ type support dispatch for ROS interfaces[0m
[48.644s] [ 32%] [34m[1mGenerating C introspection for ROS interfaces[0m
[48.653s] [ 32%] [34m[1mGenerating C type support for eProsima Fast-RTPS[0m
[48.664s] [ 33%] [34m[1mGenerating C type support dispatch for ROS interfaces[0m
[49.786s] [ 35%] [32mBuilding CXX object CMakeFiles/environment_msgs__rosidl_typesupport_cpp.dir/rosidl_typesupport_cpp/environment_msgs/msg/environment_state__type_support.cpp.o[0m
[49.831s] [ 36%] [32mBuilding CXX object CMakeFiles/environment_msgs__rosidl_typesupport_cpp.dir/rosidl_typesupport_cpp/environment_msgs/msg/agent_state__type_support.cpp.o[0m
[49.873s] [ 37%] [32mBuilding CXX object CMakeFiles/environment_msgs__rosidl_typesupport_c.dir/rosidl_typesupport_c/environment_msgs/msg/environment_state__type_support.cpp.o[0m
[49.912s] [ 39%] [32mBuilding CXX object CMakeFiles/environment_msgs__rosidl_typesupport_cpp.dir/rosidl_typesupport_cpp/environment_msgs/msg/local_map_update__type_support.cpp.o[0m
[50.166s] [ 40%] [32mBuilding C object CMakeFiles/environment_msgs__rosidl_typesupport_introspection_c.dir/rosidl_typesupport_introspection_c/environment_msgs/msg/detail/environment_state__type_support.c.o[0m
[50.219s] [ 41%] [32mBuilding CXX object CMakeFiles/environment_msgs__rosidl_typesupport_introspection_cpp.dir/rosidl_typesupport_introspection_cpp/environment_msgs/msg/detail/environment_state__type_support.cpp.o[0m
[50.360s] [ 43%] [32mBuilding CXX object CMakeFiles/environment_msgs__rosidl_typesupport_c.dir/rosidl_typesupport_c/environment_msgs/msg/agent_state__type_support.cpp.o[0m
[50.534s] [ 44%] [32mBuilding CXX object CMakeFiles/environment_msgs__rosidl_typesupport_fastrtps_cpp.dir/rosidl_typesupport_fastrtps_cpp/environment_msgs/msg/detail/dds_fastrtps/environment_state__type_support.cpp.o[0m
[50.613s] [ 45%] [32mBuilding CXX object CMakeFiles/environment_msgs__rosidl_typesupport_fastrtps_c.dir/rosidl_typesupport_fastrtps_c/environment_msgs/msg/detail/environment_state__type_support_c.cpp.o[0m
[50.810s] [ 47%] [32mBuilding CXX object CMakeFiles/environment_msgs__rosidl_typesupport_c.dir/rosidl_typesupport_c/environment_msgs/msg/local_map_update__type_support.cpp.o[0m
[50.842s] [ 48%] [32mBuilding C object CMakeFiles/environment_msgs__rosidl_typesupport_introspection_c.dir/rosidl_typesupport_introspection_c/environment_msgs/msg/detail/agent_state__type_support.c.o[0m
[51.314s] [ 51%] [32mBuilding CXX object CMakeFiles/environment_msgs__rosidl_typesupport_c.dir/rosidl_typesupport_c/environment_msgs/msg/predicted_map__type_support.cpp.o[0m
[51.320s] [ 51%] [32mBuilding C object CMakeFiles/environment_msgs__rosidl_typesupport_introspection_c.dir/rosidl_typesupport_introspection_c/environment_msgs/msg/detail/local_map_update__type_support.c.o[0m
[51.398s] [ 52%] [32mBuilding CXX object CMakeFiles/environment_msgs__rosidl_typesupport_cpp.dir/rosidl_typesupport_cpp/environment_msgs/msg/predicted_map__type_support.cpp.o[0m
[51.505s] [ 54%] [32mBuilding CXX object CMakeFiles/environment_msgs__rosidl_typesupport_c.dir/rosidl_typesupport_c/environment_msgs/msg/guidance_field__type_support.cpp.o[0m
[51.528s] [ 55%] [32mBuilding CXX object CMakeFiles/environment_msgs__rosidl_typesupport_introspection_cpp.dir/rosidl_typesupport_introspection_cpp/environment_msgs/msg/detail/agent_state__type_support.cpp.o[0m
[51.891s] [ 56%] [32mBuilding CXX object CMakeFiles/environment_msgs__rosidl_typesupport_introspection_cpp.dir/rosidl_typesupport_introspection_cpp/environment_msgs/msg/detail/local_map_update__type_support.cpp.o[0m
[52.003s] [ 58%] [32mBuilding C object CMakeFiles/environment_msgs__rosidl_typesupport_introspection_c.dir/rosidl_typesupport_introspection_c/environment_msgs/msg/detail/predicted_map__type_support.c.o[0m
[52.055s] [ 59%] [32m[1mLinking CXX shared library libenvironment_msgs__rosidl_typesupport_c.so[0m
[52.561s] [ 60%] [32mBuilding C object CMakeFiles/environment_msgs__rosidl_typesupport_introspection_c.dir/rosidl_typesupport_introspection_c/environment_msgs/msg/detail/guidance_field__type_support.c.o[0m
[52.708s] [ 60%] Built target environment_msgs__rosidl_typesupport_c
[52.739s] [ 62%] [32mBuilding CXX object CMakeFiles/environment_msgs__rosidl_typesupport_introspection_cpp.dir/rosidl_typesupport_introspection_cpp/environment_msgs/msg/detail/predicted_map__type_support.cpp.o[0m
[52.781s] [ 63%] [32mBuilding CXX object CMakeFiles/environment_msgs__rosidl_typesupport_introspection_cpp.dir/rosidl_typesupport_introspection_cpp/environment_msgs/msg/detail/guidance_field__type_support.cpp.o[0m
[52.943s] [ 64%] [32mBuilding CXX object CMakeFiles/environment_msgs__rosidl_typesupport_fastrtps_c.dir/rosidl_typesupport_fastrtps_c/environment_msgs/msg/detail/agent_state__type_support_c.cpp.o[0m
[53.047s] [ 66%] [32mBuilding CXX object CMakeFiles/environment_msgs__rosidl_typesupport_cpp.dir/rosidl_typesupport_cpp/environment_msgs/msg/guidance_field__type_support.cpp.o[0m
[53.335s] [ 67%] [32m[1mLinking C shared library libenvironment_msgs__rosidl_typesupport_introspection_c.so[0m
[53.419s] [ 68%] [32mBuilding CXX object CMakeFiles/environment_msgs__rosidl_typesupport_fastrtps_cpp.dir/rosidl_typesupport_fastrtps_cpp/environment_msgs/msg/detail/dds_fastrtps/agent_state__type_support.cpp.o[0m
[53.717s] [ 70%] [32mBuilding CXX object CMakeFiles/environment_msgs__rosidl_typesupport_fastrtps_cpp.dir/rosidl_typesupport_fastrtps_cpp/environment_msgs/msg/detail/dds_fastrtps/local_map_update__type_support.cpp.o[0m
[54.073s] [ 71%] [32mBuilding CXX object CMakeFiles/environment_msgs__rosidl_typesupport_fastrtps_cpp.dir/rosidl_typesupport_fastrtps_cpp/environment_msgs/msg/detail/dds_fastrtps/predicted_map__type_support.cpp.o[0m
[54.086s] [ 71%] Built target environment_msgs__rosidl_typesupport_introspection_c
[54.144s] [ 72%] [32mBuilding CXX object CMakeFiles/environment_msgs__rosidl_typesupport_fastrtps_cpp.dir/rosidl_typesupport_fastrtps_cpp/environment_msgs/msg/detail/dds_fastrtps/guidance_field__type_support.cpp.o[0m
[54.771s] [ 74%] [32m[1mLinking CXX shared library libenvironment_msgs__rosidl_typesupport_cpp.so[0m
[54.854s] [ 75%] [32mBuilding CXX object CMakeFiles/environment_msgs__rosidl_typesupport_fastrtps_c.dir/rosidl_typesupport_fastrtps_c/environment_msgs/msg/detail/local_map_update__type_support_c.cpp.o[0m
[54.870s] [ 77%] [32m[1mLinking CXX shared library libenvironment_msgs__rosidl_typesupport_introspection_cpp.so[0m
[55.100s] [ 78%] [32mBuilding CXX object CMakeFiles/environment_msgs__rosidl_typesupport_fastrtps_c.dir/rosidl_typesupport_fastrtps_c/environment_msgs/msg/detail/predicted_map__type_support_c.cpp.o[0m
[55.460s] [ 78%] Built target environment_msgs__rosidl_typesupport_cpp
[55.536s] [ 79%] [32mBuilding CXX object CMakeFiles/environment_msgs__rosidl_typesupport_fastrtps_c.dir/rosidl_typesupport_fastrtps_c/environment_msgs/msg/detail/guidance_field__type_support_c.cpp.o[0m
[55.968s] [ 79%] Built target environment_msgs__rosidl_typesupport_introspection_cpp
[56.669s] [ 81%] [32m[1mLinking CXX shared library libenvironment_msgs__rosidl_typesupport_fastrtps_cpp.so[0m
[57.198s] [ 82%] [32m[1mLinking CXX shared library libenvironment_msgs__rosidl_typesupport_fastrtps_c.so[0m
[57.340s] [ 82%] Built target environment_msgs__rosidl_typesupport_fastrtps_cpp
[57.858s] [ 82%] Built target environment_msgs__rosidl_typesupport_fastrtps_c
[58.082s] [ 82%] Built target environment_msgs
[58.322s] [ 83%] [34m[1mGenerating Python code for ROS interfaces[0m
[59.954s] [ 83%] Built target environment_msgs__py
[60.317s] [ 85%] [32mBuilding C object CMakeFiles/environment_msgs__rosidl_generator_py.dir/rosidl_generator_py/environment_msgs/msg/_agent_state_s.c.o[0m
[60.324s] [ 86%] [32mBuilding C object CMakeFiles/environment_msgs__rosidl_generator_py.dir/rosidl_generator_py/environment_msgs/msg/_environment_state_s.c.o[0m
[60.344s] [ 89%] [32mBuilding C object CMakeFiles/environment_msgs__rosidl_generator_py.dir/rosidl_generator_py/environment_msgs/msg/_local_map_update_s.c.o[0m
[60.346s] [ 89%] [32mBuilding C object CMakeFiles/environment_msgs__rosidl_generator_py.dir/rosidl_generator_py/environment_msgs/msg/_predicted_map_s.c.o[0m
[60.357s] [ 90%] [32mBuilding C object CMakeFiles/environment_msgs__rosidl_generator_py.dir/rosidl_generator_py/environment_msgs/msg/_guidance_field_s.c.o[0m
[61.030s] [ 91%] [32m[1mLinking C shared library libenvironment_msgs__rosidl_generator_py.so[0m
[61.697s] [ 91%] Built target environment_msgs__rosidl_generator_py
[61.839s] [ 93%] [32mBuilding C object CMakeFiles/environment_msgs_s__rosidl_typesupport_c.dir/rosidl_generator_py/environment_msgs/_environment_msgs_s.ep.rosidl_typesupport_c.c.o[0m
[61.845s] [ 94%] [32mBuilding C object CMakeFiles/environment_msgs_s__rosidl_typesupport_introspection_c.dir/rosidl_generator_py/environment_msgs/_environment_msgs_s.ep.rosidl_typesupport_introspection_c.c.o[0m
[61.853s] [ 95%] [32mBuilding C object CMakeFiles/environment_msgs_s__rosidl_typesupport_fastrtps_c.dir/rosidl_generator_py/environment_msgs/_environment_msgs_s.ep.rosidl_typesupport_fastrtps_c.c.o[0m
[62.537s] [ 97%] [32m[1mLinking C shared module rosidl_generator_py/environment_msgs/environment_msgs_s__rosidl_typesupport_c.so[0m
[62.643s] [ 98%] [32m[1mLinking C shared module rosidl_generator_py/environment_msgs/environment_msgs_s__rosidl_typesupport_fastrtps_c.so[0m
[62.651s] [100%] [32m[1mLinking C shared module rosidl_generator_py/environment_msgs/environment_msgs_s__rosidl_typesupport_introspection_c.so[0m
[62.811s] [100%] Built target environment_msgs_s__rosidl_typesupport_c
[62.877s] [100%] Built target environment_msgs_s__rosidl_typesupport_fastrtps_c
[62.882s] [100%] Built target environment_msgs_s__rosidl_typesupport_introspection_c
[63.257s] Invoked command in '/mnt/c/Users/lcata/organic_ws/build/environment_msgs' returned '0': CMAKE_PREFIX_PATH=${CMAKE_PREFIX_PATH}:/mnt/c/Users/lcata/organic_ws/install/my_agent:/opt/ros/kilted /usr/bin/cmake --build /mnt/c/Users/lcata/organic_ws/build/environment_msgs -- -j8 -l8
[63.345s] Invoking command in '/mnt/c/Users/lcata/organic_ws/build/environment_msgs': CMAKE_PREFIX_PATH=${CMAKE_PREFIX_PATH}:/mnt/c/Users/lcata/organic_ws/install/my_agent:/opt/ros/kilted /usr/bin/cmake --install /mnt/c/Users/lcata/organic_ws/build/environment_msgs
[63.400s] -- Install configuration: ""
[63.430s] -- Execute custom install script
[63.534s] -- Symlinking: /mnt/c/Users/lcata/organic_ws/install/environment_msgs/share/ament_index/resource_index/rosidl_interfaces/environment_msgs
[63.665s] -- Symlinking: /mnt/c/Users/lcata/organic_ws/install/environment_msgs/share/environment_msgs/msg/EnvironmentState.json
[63.825s] -- Symlinking: /mnt/c/Users/lcata/organic_ws/install/environment_msgs/share/environment_msgs/msg/AgentState.json
[63.927s] -- Symlinking: /mnt/c/Users/lcata/organic_ws/install/environment_msgs/share/environment_msgs/msg/LocalMapUpdate.json
[64.009s] -- Symlinking: /mnt/c/Users/lcata/organic_ws/install/environment_msgs/share/environment_msgs/msg/PredictedMap.json
[64.194s] -- Symlinking: /mnt/c/Users/lcata/organic_ws/install/environment_msgs/share/environment_msgs/msg/GuidanceField.json
[64.840s] -- Symlinking: /mnt/c/Users/lcata/organic_ws/install/environment_msgs/include/environment_msgs/environment_msgs/msg/agent_state.h
[65.150s] -- Symlinking: /mnt/c/Users/lcata/organic_ws/install/environment_msgs/include/environment_msgs/environment_msgs/msg/detail/agent_state__functions.h
[65.216s] -- Symlinking: /mnt/c/Users/lcata/organic_ws/install/environment_msgs/include/environment_msgs/environment_msgs/msg/detail/agent_state__struct.h
[65.306s] -- Symlinking: /mnt/c/Users/lcata/organic_ws/install/environment_msgs/include/environment_msgs/environment_msgs/msg/detail/agent_state__type_support.h
[65.476s] -- Symlinking: /mnt/c/Users/lcata/organic_ws/install/environment_msgs/include/environment_msgs/environment_msgs/msg/detail/environment_state__functions.h
[65.640s] -- Symlinking: /mnt/c/Users/lcata/organic_ws/install/environment_msgs/include/environment_msgs/environment_msgs/msg/detail/environment_state__struct.h
[65.743s] -- Symlinking: /mnt/c/Users/lcata/organic_ws/install/environment_msgs/include/environment_msgs/environment_msgs/msg/detail/environment_state__type_support.h
[65.917s] -- Symlinking: /mnt/c/Users/lcata/organic_ws/install/environment_msgs/include/environment_msgs/environment_msgs/msg/detail/guidance_field__functions.h
[66.090s] -- Symlinking: /mnt/c/Users/lcata/organic_ws/install/environment_msgs/include/environment_msgs/environment_msgs/msg/detail/guidance_field__struct.h
[66.188s] -- Symlinking: /mnt/c/Users/lcata/organic_ws/install/environment_msgs/include/environment_msgs/environment_msgs/msg/detail/guidance_field__type_support.h
[66.269s] -- Symlinking: /mnt/c/Users/lcata/organic_ws/install/environment_msgs/include/environment_msgs/environment_msgs/msg/detail/local_map_update__functions.h
[66.337s] -- Symlinking: /mnt/c/Users/lcata/organic_ws/install/environment_msgs/include/environment_msgs/environment_msgs/msg/detail/local_map_update__struct.h
[66.409s] -- Symlinking: /mnt/c/Users/lcata/organic_ws/install/environment_msgs/include/environment_msgs/environment_msgs/msg/detail/local_map_update__type_support.h
[66.475s] -- Symlinking: /mnt/c/Users/lcata/organic_ws/install/environment_msgs/include/environment_msgs/environment_msgs/msg/detail/predicted_map__functions.h
[66.543s] -- Symlinking: /mnt/c/Users/lcata/organic_ws/install/environment_msgs/include/environment_msgs/environment_msgs/msg/detail/predicted_map__struct.h
[66.607s] -- Symlinking: /mnt/c/Users/lcata/organic_ws/install/environment_msgs/include/environment_msgs/environment_msgs/msg/detail/predicted_map__type_support.h
[66.679s] -- Symlinking: /mnt/c/Users/lcata/organic_ws/install/environment_msgs/include/environment_msgs/environment_msgs/msg/environment_state.h
[66.743s] -- Symlinking: /mnt/c/Users/lcata/organic_ws/install/environment_msgs/include/environment_msgs/environment_msgs/msg/guidance_field.h
[66.811s] -- Symlinking: /mnt/c/Users/lcata/organic_ws/install/environment_msgs/include/environment_msgs/environment_msgs/msg/local_map_update.h
[66.881s] -- Symlinking: /mnt/c/Users/lcata/organic_ws/install/environment_msgs/include/environment_msgs/environment_msgs/msg/predicted_map.h
[66.964s] -- Symlinking: /mnt/c/Users/lcata/organic_ws/install/environment_msgs/include/environment_msgs/environment_msgs/msg/rosidl_generator_c__visibility_control.h
[67.045s] -- Symlinking: /mnt/c/Users/lcata/organic_ws/install/environment_msgs/share/environment_msgs/environment/library_path.sh
[67.119s] -- Symlinking: /mnt/c/Users/lcata/organic_ws/install/environment_msgs/share/environment_msgs/environment/library_path.dsv
[67.452s] -- Symlinking: /mnt/c/Users/lcata/organic_ws/install/environment_msgs/include/environment_msgs/environment_msgs/msg/detail/agent_state__rosidl_typesupport_fastrtps_c.h
[67.542s] -- Symlinking: /mnt/c/Users/lcata/organic_ws/install/environment_msgs/include/environment_msgs/environment_msgs/msg/detail/environment_state__rosidl_typesupport_fastrtps_c.h
[67.644s] -- Symlinking: /mnt/c/Users/lcata/organic_ws/install/environment_msgs/include/environment_msgs/environment_msgs/msg/detail/guidance_field__rosidl_typesupport_fastrtps_c.h
[67.732s] -- Symlinking: /mnt/c/Users/lcata/organic_ws/install/environment_msgs/include/environment_msgs/environment_msgs/msg/detail/local_map_update__rosidl_typesupport_fastrtps_c.h
[67.872s] -- Symlinking: /mnt/c/Users/lcata/organic_ws/install/environment_msgs/include/environment_msgs/environment_msgs/msg/detail/predicted_map__rosidl_typesupport_fastrtps_c.h
[67.980s] -- Symlinking: /mnt/c/Users/lcata/organic_ws/install/environment_msgs/include/environment_msgs/environment_msgs/msg/rosidl_typesupport_fastrtps_c__visibility_control.h
[68.151s] -- Symlinking: /mnt/c/Users/lcata/organic_ws/install/environment_msgs/include/environment_msgs/environment_msgs/msg/detail/agent_state__rosidl_typesupport_introspection_c.h
[68.227s] -- Symlinking: /mnt/c/Users/lcata/organic_ws/install/environment_msgs/include/environment_msgs/environment_msgs/msg/detail/environment_state__rosidl_typesupport_introspection_c.h
[68.314s] -- Symlinking: /mnt/c/Users/lcata/organic_ws/install/environment_msgs/include/environment_msgs/environment_msgs/msg/detail/guidance_field__rosidl_typesupport_introspection_c.h
[68.408s] -- Symlinking: /mnt/c/Users/lcata/organic_ws/install/environment_msgs/include/environment_msgs/environment_msgs/msg/detail/local_map_update__rosidl_typesupport_introspection_c.h
[68.483s] -- Symlinking: /mnt/c/Users/lcata/organic_ws/install/environment_msgs/include/environment_msgs/environment_msgs/msg/detail/predicted_map__rosidl_typesupport_introspection_c.h
[68.549s] -- Symlinking: /mnt/c/Users/lcata/organic_ws/install/environment_msgs/include/environment_msgs/environment_msgs/msg/rosidl_typesupport_introspection_c__visibility_control.h
[68.795s] -- Symlinking: /mnt/c/Users/lcata/organic_ws/install/environment_msgs/include/environment_msgs/environment_msgs/msg/agent_state.hpp
[68.863s] -- Symlinking: /mnt/c/Users/lcata/organic_ws/install/environment_msgs/include/environment_msgs/environment_msgs/msg/detail/agent_state__builder.hpp
[68.936s] -- Symlinking: /mnt/c/Users/lcata/organic_ws/install/environment_msgs/include/environment_msgs/environment_msgs/msg/detail/agent_state__struct.hpp
[69.009s] -- Symlinking: /mnt/c/Users/lcata/organic_ws/install/environment_msgs/include/environment_msgs/environment_msgs/msg/detail/agent_state__traits.hpp
[69.086s] -- Symlinking: /mnt/c/Users/lcata/organic_ws/install/environment_msgs/include/environment_msgs/environment_msgs/msg/detail/agent_state__type_support.hpp
[69.156s] -- Symlinking: /mnt/c/Users/lcata/organic_ws/install/environment_msgs/include/environment_msgs/environment_msgs/msg/detail/environment_state__builder.hpp
[69.219s] -- Symlinking: /mnt/c/Users/lcata/organic_ws/install/environment_msgs/include/environment_msgs/environment_msgs/msg/detail/environment_state__struct.hpp
[69.298s] -- Symlinking: /mnt/c/Users/lcata/organic_ws/install/environment_msgs/include/environment_msgs/environment_msgs/msg/detail/environment_state__traits.hpp
[69.455s] -- Symlinking: /mnt/c/Users/lcata/organic_ws/install/environment_msgs/include/environment_msgs/environment_msgs/msg/detail/environment_state__type_support.hpp
[69.587s] -- Symlinking: /mnt/c/Users/lcata/organic_ws/install/environment_msgs/include/environment_msgs/environment_msgs/msg/detail/guidance_field__builder.hpp
[69.745s] -- Symlinking: /mnt/c/Users/lcata/organic_ws/install/environment_msgs/include/environment_msgs/environment_msgs/msg/detail/guidance_field__struct.hpp
[69.953s] -- Symlinking: /mnt/c/Users/lcata/organic_ws/install/environment_msgs/include/environment_msgs/environment_msgs/msg/detail/guidance_field__traits.hpp
[70.228s] -- Symlinking: /mnt/c/Users/lcata/organic_ws/install/environment_msgs/include/environment_msgs/environment_msgs/msg/detail/guidance_field__type_support.hpp
[70.397s] -- Symlinking: /mnt/c/Users/lcata/organic_ws/install/environment_msgs/include/environment_msgs/environment_msgs/msg/detail/local_map_update__builder.hpp
[70.652s] -- Symlinking: /mnt/c/Users/lcata/organic_ws/install/environment_msgs/include/environment_msgs/environment_msgs/msg/detail/local_map_update__struct.hpp
[70.929s] -- Symlinking: /mnt/c/Users/lcata/organic_ws/install/environment_msgs/include/environment_msgs/environment_msgs/msg/detail/local_map_update__traits.hpp
[71.187s] -- Symlinking: /mnt/c/Users/lcata/organic_ws/install/environment_msgs/include/environment_msgs/environment_msgs/msg/detail/local_map_update__type_support.hpp
[71.259s] -- Symlinking: /mnt/c/Users/lcata/organic_ws/install/environment_msgs/include/environment_msgs/environment_msgs/msg/detail/predicted_map__builder.hpp
[71.388s] -- Symlinking: /mnt/c/Users/lcata/organic_ws/install/environment_msgs/include/environment_msgs/environment_msgs/msg/detail/predicted_map__struct.hpp
[71.579s] -- Symlinking: /mnt/c/Users/lcata/organic_ws/install/environment_msgs/include/environment_msgs/environment_msgs/msg/detail/predicted_map__traits.hpp
[71.852s] -- Symlinking: /mnt/c/Users/lcata/organic_ws/install/environment_msgs/include/environment_msgs/environment_msgs/msg/detail/predicted_map__type_support.hpp
[71.957s] -- Symlinking: /mnt/c/Users/lcata/organic_ws/install/environment_msgs/include/environment_msgs/environment_msgs/msg/environment_state.hpp
[72.113s] -- Symlinking: /mnt/c/Users/lcata/organic_ws/install/environment_msgs/include/environment_msgs/environment_msgs/msg/guidance_field.hpp
[72.267s] -- Symlinking: /mnt/c/Users/lcata/organic_ws/install/environment_msgs/include/environment_msgs/environment_msgs/msg/local_map_update.hpp
[72.455s] -- Symlinking: /mnt/c/Users/lcata/organic_ws/install/environment_msgs/include/environment_msgs/environment_msgs/msg/predicted_map.hpp
[72.582s] -- Symlinking: /mnt/c/Users/lcata/organic_ws/install/environment_msgs/include/environment_msgs/environment_msgs/msg/rosidl_generator_cpp__visibility_control.hpp
[72.867s] -- Symlinking: /mnt/c/Users/lcata/organic_ws/install/environment_msgs/include/environment_msgs/environment_msgs/msg/detail/agent_state__rosidl_typesupport_fastrtps_cpp.hpp
[72.947s] -- Symlinking: /mnt/c/Users/lcata/organic_ws/install/environment_msgs/include/environment_msgs/environment_msgs/msg/detail/environment_state__rosidl_typesupport_fastrtps_cpp.hpp
[73.031s] -- Symlinking: /mnt/c/Users/lcata/organic_ws/install/environment_msgs/include/environment_msgs/environment_msgs/msg/detail/guidance_field__rosidl_typesupport_fastrtps_cpp.hpp
[73.120s] -- Symlinking: /mnt/c/Users/lcata/organic_ws/install/environment_msgs/include/environment_msgs/environment_msgs/msg/detail/local_map_update__rosidl_typesupport_fastrtps_cpp.hpp
[73.204s] -- Symlinking: /mnt/c/Users/lcata/organic_ws/install/environment_msgs/include/environment_msgs/environment_msgs/msg/detail/predicted_map__rosidl_typesupport_fastrtps_cpp.hpp
[73.339s] -- Symlinking: /mnt/c/Users/lcata/organic_ws/install/environment_msgs/include/environment_msgs/environment_msgs/msg/rosidl_typesupport_fastrtps_cpp__visibility_control.h
[73.764s] -- Symlinking: /mnt/c/Users/lcata/organic_ws/install/environment_msgs/include/environment_msgs/environment_msgs/msg/detail/agent_state__rosidl_typesupport_introspection_cpp.hpp
[73.995s] -- Symlinking: /mnt/c/Users/lcata/organic_ws/install/environment_msgs/include/environment_msgs/environment_msgs/msg/detail/environment_state__rosidl_typesupport_introspection_cpp.hpp
[74.179s] -- Symlinking: /mnt/c/Users/lcata/organic_ws/install/environment_msgs/include/environment_msgs/environment_msgs/msg/detail/guidance_field__rosidl_typesupport_introspection_cpp.hpp
[74.425s] -- Symlinking: /mnt/c/Users/lcata/organic_ws/install/environment_msgs/include/environment_msgs/environment_msgs/msg/detail/local_map_update__rosidl_typesupport_introspection_cpp.hpp
[74.632s] -- Symlinking: /mnt/c/Users/lcata/organic_ws/install/environment_msgs/include/environment_msgs/environment_msgs/msg/detail/predicted_map__rosidl_typesupport_introspection_cpp.hpp
[74.728s] -- Symlinking: /mnt/c/Users/lcata/organic_ws/install/environment_msgs/share/environment_msgs/environment/pythonpath.sh
[74.812s] -- Symlinking: /mnt/c/Users/lcata/organic_ws/install/environment_msgs/share/environment_msgs/environment/pythonpath.dsv
[75.205s] -- Symlinking: /mnt/c/Users/lcata/organic_ws/install/environment_msgs/lib/python3.12/site-packages/environment_msgs-0.0.0-py3.12.egg-info/PKG-INFO
[75.783s] -- Symlinking: /mnt/c/Users/lcata/organic_ws/install/environment_msgs/lib/python3.12/site-packages/environment_msgs-0.0.0-py3.12.egg-info/SOURCES.txt
[76.144s] -- Symlinking: /mnt/c/Users/lcata/organic_ws/install/environment_msgs/lib/python3.12/site-packages/environment_msgs-0.0.0-py3.12.egg-info/dependency_links.txt
[76.436s] -- Symlinking: /mnt/c/Users/lcata/organic_ws/install/environment_msgs/lib/python3.12/site-packages/environment_msgs-0.0.0-py3.12.egg-info/top_level.txt
[77.019s] -- Symlinking: /mnt/c/Users/lcata/organic_ws/install/environment_msgs/lib/python3.12/site-packages/environment_msgs/__init__.py
[77.168s] -- Symlinking: /mnt/c/Users/lcata/organic_ws/install/environment_msgs/lib/python3.12/site-packages/environment_msgs/_environment_msgs_s.ep.rosidl_typesupport_c.c
[77.319s] -- Symlinking: /mnt/c/Users/lcata/organic_ws/install/environment_msgs/lib/python3.12/site-packages/environment_msgs/_environment_msgs_s.ep.rosidl_typesupport_fastrtps_c.c
[77.659s] -- Symlinking: /mnt/c/Users/lcata/organic_ws/install/environment_msgs/lib/python3.12/site-packages/environment_msgs/_environment_msgs_s.ep.rosidl_typesupport_introspection_c.c
[77.996s] -- Symlinking: /mnt/c/Users/lcata/organic_ws/install/environment_msgs/lib/python3.12/site-packages/environment_msgs/environment_msgs_s__rosidl_typesupport_c.so
[78.339s] -- Symlinking: /mnt/c/Users/lcata/organic_ws/install/environment_msgs/lib/python3.12/site-packages/environment_msgs/environment_msgs_s__rosidl_typesupport_fastrtps_c.so
[78.631s] -- Symlinking: /mnt/c/Users/lcata/organic_ws/install/environment_msgs/lib/python3.12/site-packages/environment_msgs/environment_msgs_s__rosidl_typesupport_introspection_c.so
[78.819s] -- Symlinking: /mnt/c/Users/lcata/organic_ws/install/environment_msgs/lib/python3.12/site-packages/environment_msgs/msg/__init__.py
[78.972s] -- Symlinking: /mnt/c/Users/lcata/organic_ws/install/environment_msgs/lib/python3.12/site-packages/environment_msgs/msg/_agent_state.py
[79.131s] -- Symlinking: /mnt/c/Users/lcata/organic_ws/install/environment_msgs/lib/python3.12/site-packages/environment_msgs/msg/_agent_state_s.c
[79.292s] -- Symlinking: /mnt/c/Users/lcata/organic_ws/install/environment_msgs/lib/python3.12/site-packages/environment_msgs/msg/_environment_state.py
[79.543s] -- Symlinking: /mnt/c/Users/lcata/organic_ws/install/environment_msgs/lib/python3.12/site-packages/environment_msgs/msg/_environment_state_s.c
[79.770s] -- Symlinking: /mnt/c/Users/lcata/organic_ws/install/environment_msgs/lib/python3.12/site-packages/environment_msgs/msg/_guidance_field.py
[80.104s] -- Symlinking: /mnt/c/Users/lcata/organic_ws/install/environment_msgs/lib/python3.12/site-packages/environment_msgs/msg/_guidance_field_s.c
[80.278s] -- Symlinking: /mnt/c/Users/lcata/organic_ws/install/environment_msgs/lib/python3.12/site-packages/environment_msgs/msg/_local_map_update.py
[80.432s] -- Symlinking: /mnt/c/Users/lcata/organic_ws/install/environment_msgs/lib/python3.12/site-packages/environment_msgs/msg/_local_map_update_s.c
[80.587s] -- Symlinking: /mnt/c/Users/lcata/organic_ws/install/environment_msgs/lib/python3.12/site-packages/environment_msgs/msg/_predicted_map.py
[80.741s] -- Symlinking: /mnt/c/Users/lcata/organic_ws/install/environment_msgs/lib/python3.12/site-packages/environment_msgs/msg/_predicted_map_s.c
[80.938s] -- Up-to-date symlink: /mnt/c/Users/lcata/organic_ws/install/environment_msgs/lib/python3.12/site-packages/environment_msgs/environment_msgs_s__rosidl_typesupport_fastrtps_c.so
[80.986s] -- Up-to-date symlink: /mnt/c/Users/lcata/organic_ws/install/environment_msgs/lib/python3.12/site-packages/environment_msgs/environment_msgs_s__rosidl_typesupport_introspection_c.so
[81.038s] -- Up-to-date symlink: /mnt/c/Users/lcata/organic_ws/install/environment_msgs/lib/python3.12/site-packages/environment_msgs/environment_msgs_s__rosidl_typesupport_c.so
[81.055s] -- Symlinking: /mnt/c/Users/lcata/organic_ws/install/environment_msgs/share/environment_msgs/msg/EnvironmentState.idl
[81.207s] -- Symlinking: /mnt/c/Users/lcata/organic_ws/install/environment_msgs/share/environment_msgs/msg/AgentState.idl
[81.369s] -- Symlinking: /mnt/c/Users/lcata/organic_ws/install/environment_msgs/share/environment_msgs/msg/LocalMapUpdate.idl
[81.602s] -- Symlinking: /mnt/c/Users/lcata/organic_ws/install/environment_msgs/share/environment_msgs/msg/PredictedMap.idl
[81.827s] -- Symlinking: /mnt/c/Users/lcata/organic_ws/install/environment_msgs/share/environment_msgs/msg/GuidanceField.idl
[82.090s] -- Symlinking: /mnt/c/Users/lcata/organic_ws/install/environment_msgs/share/environment_msgs/msg/EnvironmentState.msg
[82.236s] -- Symlinking: /mnt/c/Users/lcata/organic_ws/install/environment_msgs/share/environment_msgs/msg/AgentState.msg
[82.398s] -- Symlinking: /mnt/c/Users/lcata/organic_ws/install/environment_msgs/share/environment_msgs/msg/LocalMapUpdate.msg
[82.544s] -- Symlinking: /mnt/c/Users/lcata/organic_ws/install/environment_msgs/share/environment_msgs/msg/PredictedMap.msg
[82.691s] -- Symlinking: /mnt/c/Users/lcata/organic_ws/install/environment_msgs/share/environment_msgs/msg/GuidanceField.msg
[82.854s] -- Symlinking: /mnt/c/Users/lcata/organic_ws/install/environment_msgs/share/ament_index/resource_index/package_run_dependencies/environment_msgs
[83.027s] -- Symlinking: /mnt/c/Users/lcata/organic_ws/install/environment_msgs/share/ament_index/resource_index/parent_prefix_path/environment_msgs
[83.217s] -- Symlinking: /mnt/c/Users/lcata/organic_ws/install/environment_msgs/share/environment_msgs/environment/ament_prefix_path.sh
[83.550s] -- Symlinking: /mnt/c/Users/lcata/organic_ws/install/environment_msgs/share/environment_msgs/environment/ament_prefix_path.dsv
[84.042s] -- Symlinking: /mnt/c/Users/lcata/organic_ws/install/environment_msgs/share/environment_msgs/environment/path.sh
[84.389s] -- Symlinking: /mnt/c/Users/lcata/organic_ws/install/environment_msgs/share/environment_msgs/environment/path.dsv
[84.531s] -- Symlinking: /mnt/c/Users/lcata/organic_ws/install/environment_msgs/share/environment_msgs/local_setup.bash
[84.687s] -- Symlinking: /mnt/c/Users/lcata/organic_ws/install/environment_msgs/share/environment_msgs/local_setup.sh
[84.977s] -- Symlinking: /mnt/c/Users/lcata/organic_ws/install/environment_msgs/share/environment_msgs/local_setup.zsh
[85.373s] -- Symlinking: /mnt/c/Users/lcata/organic_ws/install/environment_msgs/share/environment_msgs/local_setup.dsv
[85.583s] -- Symlinking: /mnt/c/Users/lcata/organic_ws/install/environment_msgs/share/environment_msgs/package.dsv
[85.862s] -- Symlinking: /mnt/c/Users/lcata/organic_ws/install/environment_msgs/share/ament_index/resource_index/packages/environment_msgs
[86.087s] -- Symlinking: /mnt/c/Users/lcata/organic_ws/install/environment_msgs/share/environment_msgs/cmake/rosidl_cmake-extras.cmake
[86.230s] -- Symlinking: /mnt/c/Users/lcata/organic_ws/install/environment_msgs/share/environment_msgs/cmake/ament_cmake_export_include_directories-extras.cmake
[86.377s] -- Symlinking: /mnt/c/Users/lcata/organic_ws/install/environment_msgs/share/environment_msgs/cmake/ament_cmake_export_libraries-extras.cmake
[86.551s] -- Symlinking: /mnt/c/Users/lcata/organic_ws/install/environment_msgs/share/environment_msgs/cmake/ament_cmake_export_targets-extras.cmake
[86.725s] -- Symlinking: /mnt/c/Users/lcata/organic_ws/install/environment_msgs/share/environment_msgs/cmake/rosidl_cmake_export_typesupport_targets-extras.cmake
[86.925s] -- Symlinking: /mnt/c/Users/lcata/organic_ws/install/environment_msgs/share/environment_msgs/cmake/ament_cmake_export_dependencies-extras.cmake
[87.097s] -- Symlinking: /mnt/c/Users/lcata/organic_ws/install/environment_msgs/share/environment_msgs/cmake/rosidl_cmake_export_typesupport_libraries-extras.cmake
[87.254s] -- Symlinking: /mnt/c/Users/lcata/organic_ws/install/environment_msgs/share/environment_msgs/cmake/environment_msgsConfig.cmake
[87.441s] -- Symlinking: /mnt/c/Users/lcata/organic_ws/install/environment_msgs/share/environment_msgs/cmake/environment_msgsConfig-version.cmake
[87.716s] -- Symlinking: /mnt/c/Users/lcata/organic_ws/install/environment_msgs/share/environment_msgs/package.xml
[88.268s] -- Installing: /mnt/c/Users/lcata/organic_ws/install/environment_msgs/lib/libenvironment_msgs__rosidl_generator_c.so
[88.672s] -- Set non-toolchain portion of runtime path of "/mnt/c/Users/lcata/organic_ws/install/environment_msgs/lib/libenvironment_msgs__rosidl_generator_c.so" to ""
[88.711s] -- Installing: /mnt/c/Users/lcata/organic_ws/install/environment_msgs/lib/libenvironment_msgs__rosidl_typesupport_fastrtps_c.so
[88.863s] -- Set non-toolchain portion of runtime path of "/mnt/c/Users/lcata/organic_ws/install/environment_msgs/lib/libenvironment_msgs__rosidl_typesupport_fastrtps_c.so" to ""
[88.882s] -- Installing: /mnt/c/Users/lcata/organic_ws/install/environment_msgs/lib/libenvironment_msgs__rosidl_typesupport_introspection_c.so
[88.977s] -- Set non-toolchain portion of runtime path of "/mnt/c/Users/lcata/organic_ws/install/environment_msgs/lib/libenvironment_msgs__rosidl_typesupport_introspection_c.so" to ""
[88.998s] -- Installing: /mnt/c/Users/lcata/organic_ws/install/environment_msgs/lib/libenvironment_msgs__rosidl_typesupport_c.so
[89.113s] -- Set non-toolchain portion of runtime path of "/mnt/c/Users/lcata/organic_ws/install/environment_msgs/lib/libenvironment_msgs__rosidl_typesupport_c.so" to ""
[89.138s] -- Installing: /mnt/c/Users/lcata/organic_ws/install/environment_msgs/lib/libenvironment_msgs__rosidl_typesupport_fastrtps_cpp.so
[89.249s] -- Set non-toolchain portion of runtime path of "/mnt/c/Users/lcata/organic_ws/install/environment_msgs/lib/libenvironment_msgs__rosidl_typesupport_fastrtps_cpp.so" to ""
[89.270s] -- Installing: /mnt/c/Users/lcata/organic_ws/install/environment_msgs/lib/libenvironment_msgs__rosidl_typesupport_introspection_cpp.so
[89.424s] -- Set non-toolchain portion of runtime path of "/mnt/c/Users/lcata/organic_ws/install/environment_msgs/lib/libenvironment_msgs__rosidl_typesupport_introspection_cpp.so" to ""
[89.441s] -- Installing: /mnt/c/Users/lcata/organic_ws/install/environment_msgs/lib/libenvironment_msgs__rosidl_typesupport_cpp.so
[89.573s] -- Set non-toolchain portion of runtime path of "/mnt/c/Users/lcata/organic_ws/install/environment_msgs/lib/libenvironment_msgs__rosidl_typesupport_cpp.so" to ""
[91.062s] Listing '/mnt/c/Users/lcata/organic_ws/install/environment_msgs/lib/python3.12/site-packages/environment_msgs'...
[91.062s] Compiling '/mnt/c/Users/lcata/organic_ws/install/environment_msgs/lib/python3.12/site-packages/environment_msgs/__init__.py'...
[91.063s] Listing '/mnt/c/Users/lcata/organic_ws/install/environment_msgs/lib/python3.12/site-packages/environment_msgs/msg'...
[91.063s] Compiling '/mnt/c/Users/lcata/organic_ws/install/environment_msgs/lib/python3.12/site-packages/environment_msgs/msg/__init__.py'...
[91.064s] Compiling '/mnt/c/Users/lcata/organic_ws/install/environment_msgs/lib/python3.12/site-packages/environment_msgs/msg/_agent_state.py'...
[91.065s] Compiling '/mnt/c/Users/lcata/organic_ws/install/environment_msgs/lib/python3.12/site-packages/environment_msgs/msg/_environment_state.py'...
[91.065s] Compiling '/mnt/c/Users/lcata/organic_ws/install/environment_msgs/lib/python3.12/site-packages/environment_msgs/msg/_guidance_field.py'...
[91.066s] Compiling '/mnt/c/Users/lcata/organic_ws/install/environment_msgs/lib/python3.12/site-packages/environment_msgs/msg/_local_map_update.py'...
[91.066s] Compiling '/mnt/c/Users/lcata/organic_ws/install/environment_msgs/lib/python3.12/site-packages/environment_msgs/msg/_predicted_map.py'...
[91.078s] -- Installing: /mnt/c/Users/lcata/organic_ws/install/environment_msgs/lib/libenvironment_msgs__rosidl_generator_py.so
[91.190s] -- Set non-toolchain portion of runtime path of "/mnt/c/Users/lcata/organic_ws/install/environment_msgs/lib/libenvironment_msgs__rosidl_generator_py.so" to ""
[91.224s] -- Installing: /mnt/c/Users/lcata/organic_ws/install/environment_msgs/share/environment_msgs/cmake/export_environment_msgs__rosidl_generator_cExport.cmake
[91.324s] -- Installing: /mnt/c/Users/lcata/organic_ws/install/environment_msgs/share/environment_msgs/cmake/export_environment_msgs__rosidl_generator_cExport-noconfig.cmake
[91.669s] -- Installing: /mnt/c/Users/lcata/organic_ws/install/environment_msgs/share/environment_msgs/cmake/export_environment_msgs__rosidl_typesupport_fastrtps_cExport.cmake
[92.045s] -- Installing: /mnt/c/Users/lcata/organic_ws/install/environment_msgs/share/environment_msgs/cmake/export_environment_msgs__rosidl_typesupport_fastrtps_cExport-noconfig.cmake
[92.422s] -- Installing: /mnt/c/Users/lcata/organic_ws/install/environment_msgs/share/environment_msgs/cmake/environment_msgs__rosidl_typesupport_introspection_cExport.cmake
[92.593s] -- Installing: /mnt/c/Users/lcata/organic_ws/install/environment_msgs/share/environment_msgs/cmake/environment_msgs__rosidl_typesupport_introspection_cExport-noconfig.cmake
[92.702s] -- Installing: /mnt/c/Users/lcata/organic_ws/install/environment_msgs/share/environment_msgs/cmake/environment_msgs__rosidl_typesupport_cExport.cmake
[92.860s] -- Installing: /mnt/c/Users/lcata/organic_ws/install/environment_msgs/share/environment_msgs/cmake/environment_msgs__rosidl_typesupport_cExport-noconfig.cmake
[92.961s] -- Installing: /mnt/c/Users/lcata/organic_ws/install/environment_msgs/share/environment_msgs/cmake/export_environment_msgs__rosidl_generator_cppExport.cmake
[93.053s] -- Installing: /mnt/c/Users/lcata/organic_ws/install/environment_msgs/share/environment_msgs/cmake/export_environment_msgs__rosidl_typesupport_fastrtps_cppExport.cmake
[93.163s] -- Installing: /mnt/c/Users/lcata/organic_ws/install/environment_msgs/share/environment_msgs/cmake/export_environment_msgs__rosidl_typesupport_fastrtps_cppExport-noconfig.cmake
[93.256s] -- Installing: /mnt/c/Users/lcata/organic_ws/install/environment_msgs/share/environment_msgs/cmake/environment_msgs__rosidl_typesupport_introspection_cppExport.cmake
[93.387s] -- Installing: /mnt/c/Users/lcata/organic_ws/install/environment_msgs/share/environment_msgs/cmake/environment_msgs__rosidl_typesupport_introspection_cppExport-noconfig.cmake
[93.686s] -- Installing: /mnt/c/Users/lcata/organic_ws/install/environment_msgs/share/environment_msgs/cmake/environment_msgs__rosidl_typesupport_cppExport.cmake
[94.045s] -- Installing: /mnt/c/Users/lcata/organic_ws/install/environment_msgs/share/environment_msgs/cmake/environment_msgs__rosidl_typesupport_cppExport-noconfig.cmake
[94.317s] -- Installing: /mnt/c/Users/lcata/organic_ws/install/environment_msgs/share/environment_msgs/cmake/export_environment_msgs__rosidl_generator_pyExport.cmake
[94.416s] -- Installing: /mnt/c/Users/lcata/organic_ws/install/environment_msgs/share/environment_msgs/cmake/export_environment_msgs__rosidl_generator_pyExport-noconfig.cmake
[94.501s] Invoked command in '/mnt/c/Users/lcata/organic_ws/build/environment_msgs' returned '0': CMAKE_PREFIX_PATH=${CMAKE_PREFIX_PATH}:/mnt/c/Users/lcata/organic_ws/install/my_agent:/opt/ros/kilted /usr/bin/cmake --install /mnt/c/Users/lcata/organic_ws/build/environment_msgs
