-- The C compiler identification is GNU 13.3.0
-- The CXX compiler identification is GNU 13.3.0
-- Detecting C compiler ABI info
-- Detecting C compiler ABI info - done
-- Check for working C compiler: /usr/bin/cc - skipped
-- Detecting C compile features
-- Detecting C compile features - done
-- Detecting CXX compiler ABI info
-- Detecting CXX compiler ABI info - done
-- Check for working CXX compiler: /usr/bin/c++ - skipped
-- Detecting CXX compile features
-- Detecting CXX compile features - done
-- Found ament_cmake: 2.7.3 (/opt/ros/kilted/share/ament_cmake/cmake)
-- Found Python3: /usr/bin/python3 (found version "3.12.3") found components: Interpreter 
-- Override CMake install command with custom implementation using symlinks instead of copying resources
-- Found rosidl_default_generators: 1.7.1 (/opt/ros/kilted/share/rosidl_default_generators/cmake)
-- Using all available rosidl_typesupport_c: rosidl_typesupport_fastrtps_c;rosidl_typesupport_introspection_c
-- Using all available rosidl_typesupport_cpp: rosidl_typesupport_fastrtps_cpp;rosidl_typesupport_introspection_cpp
-- Found rosidl_adapter: 4.9.5 (/opt/ros/kilted/share/rosidl_adapter/cmake)
-- Found ament_cmake_ros_core: 0.14.5 (/opt/ros/kilted/share/ament_cmake_ros_core/cmake)
-- Using all available rosidl_typesupport_c: rosidl_typesupport_fastrtps_c;rosidl_typesupport_introspection_c
-- Using all available rosidl_typesupport_cpp: rosidl_typesupport_fastrtps_cpp;rosidl_typesupport_introspection_cpp
-- Found Python3: /usr/bin/python3 (found version "3.12.3") found components: Interpreter Development NumPy Development.Module Development.Embed 
-- Configuring done (38.1s)
-- Generating done (7.8s)
-- Build files have been written to: /mnt/c/Users/lcata/organic_ws/build/environment_msgs
[  0%] Built target ament_cmake_python_symlink_environment_msgs
[  1%] [34m[1mGenerating type hashes for ROS interfaces[0m
[  1%] Built target environment_msgs__rosidl_generator_type_description
running egg_info
creating environment_msgs.egg-info
writing environment_msgs.egg-info/PKG-INFO
writing dependency_links to environment_msgs.egg-info/dependency_links.txt
writing top-level names to environment_msgs.egg-info/top_level.txt
writing manifest file 'environment_msgs.egg-info/SOURCES.txt'
[  2%] [34m[1mGenerating C code for ROS interfaces[0m
[  4%] [34m[1mGenerating C++ code for ROS interfaces[0m
reading manifest file 'environment_msgs.egg-info/SOURCES.txt'
writing manifest file 'environment_msgs.egg-info/SOURCES.txt'
[  4%] Built target ament_cmake_python_build_environment_msgs_egg
[  4%] Built target environment_msgs__cpp
[  5%] [32mBuilding C object CMakeFiles/environment_msgs__rosidl_generator_c.dir/rosidl_generator_c/environment_msgs/msg/detail/environment_state__functions.c.o[0m
[  6%] [32mBuilding C object CMakeFiles/environment_msgs__rosidl_generator_c.dir/rosidl_generator_c/environment_msgs/msg/detail/environment_state__description.c.o[0m
[  8%] [32mBuilding C object CMakeFiles/environment_msgs__rosidl_generator_c.dir/rosidl_generator_c/environment_msgs/msg/detail/environment_state__type_support.c.o[0m
[  9%] [32mBuilding C object CMakeFiles/environment_msgs__rosidl_generator_c.dir/rosidl_generator_c/environment_msgs/msg/detail/agent_state__description.c.o[0m
[ 10%] [32mBuilding C object CMakeFiles/environment_msgs__rosidl_generator_c.dir/rosidl_generator_c/environment_msgs/msg/detail/agent_state__functions.c.o[0m
[ 12%] [32mBuilding C object CMakeFiles/environment_msgs__rosidl_generator_c.dir/rosidl_generator_c/environment_msgs/msg/detail/agent_state__type_support.c.o[0m
[ 13%] [32mBuilding C object CMakeFiles/environment_msgs__rosidl_generator_c.dir/rosidl_generator_c/environment_msgs/msg/detail/local_map_update__description.c.o[0m
[ 14%] [32mBuilding C object CMakeFiles/environment_msgs__rosidl_generator_c.dir/rosidl_generator_c/environment_msgs/msg/detail/local_map_update__functions.c.o[0m
[ 17%] [32mBuilding C object CMakeFiles/environment_msgs__rosidl_generator_c.dir/rosidl_generator_c/environment_msgs/msg/detail/predicted_map__description.c.o[0m
[ 17%] [32mBuilding C object CMakeFiles/environment_msgs__rosidl_generator_c.dir/rosidl_generator_c/environment_msgs/msg/detail/local_map_update__type_support.c.o[0m
[ 20%] [32mBuilding C object CMakeFiles/environment_msgs__rosidl_generator_c.dir/rosidl_generator_c/environment_msgs/msg/detail/predicted_map__functions.c.o[0m
[ 20%] [32mBuilding C object CMakeFiles/environment_msgs__rosidl_generator_c.dir/rosidl_generator_c/environment_msgs/msg/detail/guidance_field__description.c.o[0m
[ 21%] [32mBuilding C object CMakeFiles/environment_msgs__rosidl_generator_c.dir/rosidl_generator_c/environment_msgs/msg/detail/predicted_map__type_support.c.o[0m
[ 22%] [32mBuilding C object CMakeFiles/environment_msgs__rosidl_generator_c.dir/rosidl_generator_c/environment_msgs/msg/detail/guidance_field__functions.c.o[0m
[ 24%] [32mBuilding C object CMakeFiles/environment_msgs__rosidl_generator_c.dir/rosidl_generator_c/environment_msgs/msg/detail/guidance_field__type_support.c.o[0m
[ 25%] [32m[1mLinking C shared library libenvironment_msgs__rosidl_generator_c.so[0m
[ 25%] Built target environment_msgs__rosidl_generator_c
[ 31%] [34m[1mGenerating C++ introspection for ROS interfaces[0m
[ 31%] [34m[1mGenerating C introspection for ROS interfaces[0m
[ 31%] [34m[1mGenerating C type support for eProsima Fast-RTPS[0m
[ 31%] [34m[1mGenerating C++ type support dispatch for ROS interfaces[0m
[ 32%] [34m[1mGenerating C++ type support for eProsima Fast-RTPS[0m
[ 33%] [34m[1mGenerating C type support dispatch for ROS interfaces[0m
[ 35%] [32mBuilding CXX object CMakeFiles/environment_msgs__rosidl_typesupport_cpp.dir/rosidl_typesupport_cpp/environment_msgs/msg/environment_state__type_support.cpp.o[0m
[ 36%] [32mBuilding CXX object CMakeFiles/environment_msgs__rosidl_typesupport_cpp.dir/rosidl_typesupport_cpp/environment_msgs/msg/agent_state__type_support.cpp.o[0m
[ 37%] [32mBuilding CXX object CMakeFiles/environment_msgs__rosidl_typesupport_c.dir/rosidl_typesupport_c/environment_msgs/msg/environment_state__type_support.cpp.o[0m
[ 39%] [32mBuilding CXX object CMakeFiles/environment_msgs__rosidl_typesupport_cpp.dir/rosidl_typesupport_cpp/environment_msgs/msg/local_map_update__type_support.cpp.o[0m
[ 40%] [32mBuilding CXX object CMakeFiles/environment_msgs__rosidl_typesupport_introspection_cpp.dir/rosidl_typesupport_introspection_cpp/environment_msgs/msg/detail/environment_state__type_support.cpp.o[0m
[ 41%] [32mBuilding C object CMakeFiles/environment_msgs__rosidl_typesupport_introspection_c.dir/rosidl_typesupport_introspection_c/environment_msgs/msg/detail/environment_state__type_support.c.o[0m
[ 43%] [32mBuilding CXX object CMakeFiles/environment_msgs__rosidl_typesupport_c.dir/rosidl_typesupport_c/environment_msgs/msg/agent_state__type_support.cpp.o[0m
[ 44%] [32mBuilding CXX object CMakeFiles/environment_msgs__rosidl_typesupport_fastrtps_c.dir/rosidl_typesupport_fastrtps_c/environment_msgs/msg/detail/environment_state__type_support_c.cpp.o[0m
[ 45%] [32mBuilding CXX object CMakeFiles/environment_msgs__rosidl_typesupport_fastrtps_cpp.dir/rosidl_typesupport_fastrtps_cpp/environment_msgs/msg/detail/dds_fastrtps/environment_state__type_support.cpp.o[0m
[ 47%] [32mBuilding CXX object CMakeFiles/environment_msgs__rosidl_typesupport_c.dir/rosidl_typesupport_c/environment_msgs/msg/local_map_update__type_support.cpp.o[0m
[ 48%] [32mBuilding C object CMakeFiles/environment_msgs__rosidl_typesupport_introspection_c.dir/rosidl_typesupport_introspection_c/environment_msgs/msg/detail/agent_state__type_support.c.o[0m
[ 50%] [32mBuilding CXX object CMakeFiles/environment_msgs__rosidl_typesupport_c.dir/rosidl_typesupport_c/environment_msgs/msg/predicted_map__type_support.cpp.o[0m
[ 51%] [32mBuilding CXX object CMakeFiles/environment_msgs__rosidl_typesupport_c.dir/rosidl_typesupport_c/environment_msgs/msg/guidance_field__type_support.cpp.o[0m
[ 52%] [32mBuilding C object CMakeFiles/environment_msgs__rosidl_typesupport_introspection_c.dir/rosidl_typesupport_introspection_c/environment_msgs/msg/detail/local_map_update__type_support.c.o[0m
[ 54%] [32mBuilding CXX object CMakeFiles/environment_msgs__rosidl_typesupport_cpp.dir/rosidl_typesupport_cpp/environment_msgs/msg/predicted_map__type_support.cpp.o[0m
[ 55%] [32mBuilding CXX object CMakeFiles/environment_msgs__rosidl_typesupport_introspection_cpp.dir/rosidl_typesupport_introspection_cpp/environment_msgs/msg/detail/agent_state__type_support.cpp.o[0m
[ 56%] [32mBuilding CXX object CMakeFiles/environment_msgs__rosidl_typesupport_cpp.dir/rosidl_typesupport_cpp/environment_msgs/msg/guidance_field__type_support.cpp.o[0m
[ 58%] [32m[1mLinking CXX shared library libenvironment_msgs__rosidl_typesupport_c.so[0m
[ 59%] [32mBuilding C object CMakeFiles/environment_msgs__rosidl_typesupport_introspection_c.dir/rosidl_typesupport_introspection_c/environment_msgs/msg/detail/predicted_map__type_support.c.o[0m
[ 59%] Built target environment_msgs__rosidl_typesupport_c
[ 60%] [32mBuilding C object CMakeFiles/environment_msgs__rosidl_typesupport_introspection_c.dir/rosidl_typesupport_introspection_c/environment_msgs/msg/detail/guidance_field__type_support.c.o[0m
[ 62%] [32mBuilding CXX object CMakeFiles/environment_msgs__rosidl_typesupport_introspection_cpp.dir/rosidl_typesupport_introspection_cpp/environment_msgs/msg/detail/local_map_update__type_support.cpp.o[0m
[ 63%] [32mBuilding CXX object CMakeFiles/environment_msgs__rosidl_typesupport_introspection_cpp.dir/rosidl_typesupport_introspection_cpp/environment_msgs/msg/detail/predicted_map__type_support.cpp.o[0m
[ 64%] [32mBuilding CXX object CMakeFiles/environment_msgs__rosidl_typesupport_fastrtps_c.dir/rosidl_typesupport_fastrtps_c/environment_msgs/msg/detail/agent_state__type_support_c.cpp.o[0m
[ 66%] [32mBuilding CXX object CMakeFiles/environment_msgs__rosidl_typesupport_introspection_cpp.dir/rosidl_typesupport_introspection_cpp/environment_msgs/msg/detail/guidance_field__type_support.cpp.o[0m
[ 67%] [32m[1mLinking C shared library libenvironment_msgs__rosidl_typesupport_introspection_c.so[0m
[ 68%] [32m[1mLinking CXX shared library libenvironment_msgs__rosidl_typesupport_cpp.so[0m
[ 70%] [32mBuilding CXX object CMakeFiles/environment_msgs__rosidl_typesupport_fastrtps_cpp.dir/rosidl_typesupport_fastrtps_cpp/environment_msgs/msg/detail/dds_fastrtps/agent_state__type_support.cpp.o[0m
[ 71%] [32mBuilding CXX object CMakeFiles/environment_msgs__rosidl_typesupport_fastrtps_c.dir/rosidl_typesupport_fastrtps_c/environment_msgs/msg/detail/local_map_update__type_support_c.cpp.o[0m
[ 71%] Built target environment_msgs__rosidl_typesupport_introspection_c
[ 72%] [32mBuilding CXX object CMakeFiles/environment_msgs__rosidl_typesupport_fastrtps_cpp.dir/rosidl_typesupport_fastrtps_cpp/environment_msgs/msg/detail/dds_fastrtps/local_map_update__type_support.cpp.o[0m
[ 72%] Built target environment_msgs__rosidl_typesupport_cpp
[ 74%] [32mBuilding CXX object CMakeFiles/environment_msgs__rosidl_typesupport_fastrtps_cpp.dir/rosidl_typesupport_fastrtps_cpp/environment_msgs/msg/detail/dds_fastrtps/predicted_map__type_support.cpp.o[0m
[ 75%] [32mBuilding CXX object CMakeFiles/environment_msgs__rosidl_typesupport_fastrtps_c.dir/rosidl_typesupport_fastrtps_c/environment_msgs/msg/detail/predicted_map__type_support_c.cpp.o[0m
[ 77%] [32mBuilding CXX object CMakeFiles/environment_msgs__rosidl_typesupport_fastrtps_c.dir/rosidl_typesupport_fastrtps_c/environment_msgs/msg/detail/guidance_field__type_support_c.cpp.o[0m
[ 78%] [32mBuilding CXX object CMakeFiles/environment_msgs__rosidl_typesupport_fastrtps_cpp.dir/rosidl_typesupport_fastrtps_cpp/environment_msgs/msg/detail/dds_fastrtps/guidance_field__type_support.cpp.o[0m
[ 79%] [32m[1mLinking CXX shared library libenvironment_msgs__rosidl_typesupport_introspection_cpp.so[0m
[ 79%] Built target environment_msgs__rosidl_typesupport_introspection_cpp
[ 81%] [32m[1mLinking CXX shared library libenvironment_msgs__rosidl_typesupport_fastrtps_c.so[0m
[ 82%] [32m[1mLinking CXX shared library libenvironment_msgs__rosidl_typesupport_fastrtps_cpp.so[0m
[ 82%] Built target environment_msgs__rosidl_typesupport_fastrtps_c
[ 82%] Built target environment_msgs__rosidl_typesupport_fastrtps_cpp
[ 82%] Built target environment_msgs
[ 83%] [34m[1mGenerating Python code for ROS interfaces[0m
[ 83%] Built target environment_msgs__py
[ 86%] [32mBuilding C object CMakeFiles/environment_msgs__rosidl_generator_py.dir/rosidl_generator_py/environment_msgs/msg/_agent_state_s.c.o[0m
[ 86%] [32mBuilding C object CMakeFiles/environment_msgs__rosidl_generator_py.dir/rosidl_generator_py/environment_msgs/msg/_environment_state_s.c.o[0m
[ 89%] [32mBuilding C object CMakeFiles/environment_msgs__rosidl_generator_py.dir/rosidl_generator_py/environment_msgs/msg/_predicted_map_s.c.o[0m
[ 89%] [32mBuilding C object CMakeFiles/environment_msgs__rosidl_generator_py.dir/rosidl_generator_py/environment_msgs/msg/_local_map_update_s.c.o[0m
[ 90%] [32mBuilding C object CMakeFiles/environment_msgs__rosidl_generator_py.dir/rosidl_generator_py/environment_msgs/msg/_guidance_field_s.c.o[0m
[ 91%] [32m[1mLinking C shared library libenvironment_msgs__rosidl_generator_py.so[0m
[ 91%] Built target environment_msgs__rosidl_generator_py
[ 94%] [32mBuilding C object CMakeFiles/environment_msgs_s__rosidl_typesupport_c.dir/rosidl_generator_py/environment_msgs/_environment_msgs_s.ep.rosidl_typesupport_c.c.o[0m
[ 94%] [32mBuilding C object CMakeFiles/environment_msgs_s__rosidl_typesupport_fastrtps_c.dir/rosidl_generator_py/environment_msgs/_environment_msgs_s.ep.rosidl_typesupport_fastrtps_c.c.o[0m
[ 95%] [32mBuilding C object CMakeFiles/environment_msgs_s__rosidl_typesupport_introspection_c.dir/rosidl_generator_py/environment_msgs/_environment_msgs_s.ep.rosidl_typesupport_introspection_c.c.o[0m
[ 97%] [32m[1mLinking C shared module rosidl_generator_py/environment_msgs/environment_msgs_s__rosidl_typesupport_c.so[0m
[ 98%] [32m[1mLinking C shared module rosidl_generator_py/environment_msgs/environment_msgs_s__rosidl_typesupport_fastrtps_c.so[0m
[100%] [32m[1mLinking C shared module rosidl_generator_py/environment_msgs/environment_msgs_s__rosidl_typesupport_introspection_c.so[0m
[100%] Built target environment_msgs_s__rosidl_typesupport_c
[100%] Built target environment_msgs_s__rosidl_typesupport_fastrtps_c
[100%] Built target environment_msgs_s__rosidl_typesupport_introspection_c
-- Install configuration: ""
-- Execute custom install script
-- Symlinking: /mnt/c/Users/lcata/organic_ws/install/environment_msgs/share/ament_index/resource_index/rosidl_interfaces/environment_msgs
-- Symlinking: /mnt/c/Users/lcata/organic_ws/install/environment_msgs/share/environment_msgs/msg/EnvironmentState.json
-- Symlinking: /mnt/c/Users/lcata/organic_ws/install/environment_msgs/share/environment_msgs/msg/AgentState.json
-- Symlinking: /mnt/c/Users/lcata/organic_ws/install/environment_msgs/share/environment_msgs/msg/LocalMapUpdate.json
-- Symlinking: /mnt/c/Users/lcata/organic_ws/install/environment_msgs/share/environment_msgs/msg/PredictedMap.json
-- Symlinking: /mnt/c/Users/lcata/organic_ws/install/environment_msgs/share/environment_msgs/msg/GuidanceField.json
-- Symlinking: /mnt/c/Users/lcata/organic_ws/install/environment_msgs/include/environment_msgs/environment_msgs/msg/agent_state.h
-- Symlinking: /mnt/c/Users/lcata/organic_ws/install/environment_msgs/include/environment_msgs/environment_msgs/msg/detail/agent_state__functions.h
-- Symlinking: /mnt/c/Users/lcata/organic_ws/install/environment_msgs/include/environment_msgs/environment_msgs/msg/detail/agent_state__struct.h
-- Symlinking: /mnt/c/Users/lcata/organic_ws/install/environment_msgs/include/environment_msgs/environment_msgs/msg/detail/agent_state__type_support.h
-- Symlinking: /mnt/c/Users/lcata/organic_ws/install/environment_msgs/include/environment_msgs/environment_msgs/msg/detail/environment_state__functions.h
-- Symlinking: /mnt/c/Users/lcata/organic_ws/install/environment_msgs/include/environment_msgs/environment_msgs/msg/detail/environment_state__struct.h
-- Symlinking: /mnt/c/Users/lcata/organic_ws/install/environment_msgs/include/environment_msgs/environment_msgs/msg/detail/environment_state__type_support.h
-- Symlinking: /mnt/c/Users/lcata/organic_ws/install/environment_msgs/include/environment_msgs/environment_msgs/msg/detail/guidance_field__functions.h
-- Symlinking: /mnt/c/Users/lcata/organic_ws/install/environment_msgs/include/environment_msgs/environment_msgs/msg/detail/guidance_field__struct.h
-- Symlinking: /mnt/c/Users/lcata/organic_ws/install/environment_msgs/include/environment_msgs/environment_msgs/msg/detail/guidance_field__type_support.h
-- Symlinking: /mnt/c/Users/lcata/organic_ws/install/environment_msgs/include/environment_msgs/environment_msgs/msg/detail/local_map_update__functions.h
-- Symlinking: /mnt/c/Users/lcata/organic_ws/install/environment_msgs/include/environment_msgs/environment_msgs/msg/detail/local_map_update__struct.h
-- Symlinking: /mnt/c/Users/lcata/organic_ws/install/environment_msgs/include/environment_msgs/environment_msgs/msg/detail/local_map_update__type_support.h
-- Symlinking: /mnt/c/Users/lcata/organic_ws/install/environment_msgs/include/environment_msgs/environment_msgs/msg/detail/predicted_map__functions.h
-- Symlinking: /mnt/c/Users/lcata/organic_ws/install/environment_msgs/include/environment_msgs/environment_msgs/msg/detail/predicted_map__struct.h
-- Symlinking: /mnt/c/Users/lcata/organic_ws/install/environment_msgs/include/environment_msgs/environment_msgs/msg/detail/predicted_map__type_support.h
-- Symlinking: /mnt/c/Users/lcata/organic_ws/install/environment_msgs/include/environment_msgs/environment_msgs/msg/environment_state.h
-- Symlinking: /mnt/c/Users/lcata/organic_ws/install/environment_msgs/include/environment_msgs/environment_msgs/msg/guidance_field.h
-- Symlinking: /mnt/c/Users/lcata/organic_ws/install/environment_msgs/include/environment_msgs/environment_msgs/msg/local_map_update.h
-- Symlinking: /mnt/c/Users/lcata/organic_ws/install/environment_msgs/include/environment_msgs/environment_msgs/msg/predicted_map.h
-- Symlinking: /mnt/c/Users/lcata/organic_ws/install/environment_msgs/include/environment_msgs/environment_msgs/msg/rosidl_generator_c__visibility_control.h
-- Symlinking: /mnt/c/Users/lcata/organic_ws/install/environment_msgs/share/environment_msgs/environment/library_path.sh
-- Symlinking: /mnt/c/Users/lcata/organic_ws/install/environment_msgs/share/environment_msgs/environment/library_path.dsv
-- Symlinking: /mnt/c/Users/lcata/organic_ws/install/environment_msgs/include/environment_msgs/environment_msgs/msg/detail/agent_state__rosidl_typesupport_fastrtps_c.h
-- Symlinking: /mnt/c/Users/lcata/organic_ws/install/environment_msgs/include/environment_msgs/environment_msgs/msg/detail/environment_state__rosidl_typesupport_fastrtps_c.h
-- Symlinking: /mnt/c/Users/lcata/organic_ws/install/environment_msgs/include/environment_msgs/environment_msgs/msg/detail/guidance_field__rosidl_typesupport_fastrtps_c.h
-- Symlinking: /mnt/c/Users/lcata/organic_ws/install/environment_msgs/include/environment_msgs/environment_msgs/msg/detail/local_map_update__rosidl_typesupport_fastrtps_c.h
-- Symlinking: /mnt/c/Users/lcata/organic_ws/install/environment_msgs/include/environment_msgs/environment_msgs/msg/detail/predicted_map__rosidl_typesupport_fastrtps_c.h
-- Symlinking: /mnt/c/Users/lcata/organic_ws/install/environment_msgs/include/environment_msgs/environment_msgs/msg/rosidl_typesupport_fastrtps_c__visibility_control.h
-- Symlinking: /mnt/c/Users/lcata/organic_ws/install/environment_msgs/include/environment_msgs/environment_msgs/msg/detail/agent_state__rosidl_typesupport_introspection_c.h
-- Symlinking: /mnt/c/Users/lcata/organic_ws/install/environment_msgs/include/environment_msgs/environment_msgs/msg/detail/environment_state__rosidl_typesupport_introspection_c.h
-- Symlinking: /mnt/c/Users/lcata/organic_ws/install/environment_msgs/include/environment_msgs/environment_msgs/msg/detail/guidance_field__rosidl_typesupport_introspection_c.h
-- Symlinking: /mnt/c/Users/lcata/organic_ws/install/environment_msgs/include/environment_msgs/environment_msgs/msg/detail/local_map_update__rosidl_typesupport_introspection_c.h
-- Symlinking: /mnt/c/Users/lcata/organic_ws/install/environment_msgs/include/environment_msgs/environment_msgs/msg/detail/predicted_map__rosidl_typesupport_introspection_c.h
-- Symlinking: /mnt/c/Users/lcata/organic_ws/install/environment_msgs/include/environment_msgs/environment_msgs/msg/rosidl_typesupport_introspection_c__visibility_control.h
-- Symlinking: /mnt/c/Users/lcata/organic_ws/install/environment_msgs/include/environment_msgs/environment_msgs/msg/agent_state.hpp
-- Symlinking: /mnt/c/Users/lcata/organic_ws/install/environment_msgs/include/environment_msgs/environment_msgs/msg/detail/agent_state__builder.hpp
-- Symlinking: /mnt/c/Users/lcata/organic_ws/install/environment_msgs/include/environment_msgs/environment_msgs/msg/detail/agent_state__struct.hpp
-- Symlinking: /mnt/c/Users/lcata/organic_ws/install/environment_msgs/include/environment_msgs/environment_msgs/msg/detail/agent_state__traits.hpp
-- Symlinking: /mnt/c/Users/lcata/organic_ws/install/environment_msgs/include/environment_msgs/environment_msgs/msg/detail/agent_state__type_support.hpp
-- Symlinking: /mnt/c/Users/lcata/organic_ws/install/environment_msgs/include/environment_msgs/environment_msgs/msg/detail/environment_state__builder.hpp
-- Symlinking: /mnt/c/Users/lcata/organic_ws/install/environment_msgs/include/environment_msgs/environment_msgs/msg/detail/environment_state__struct.hpp
-- Symlinking: /mnt/c/Users/lcata/organic_ws/install/environment_msgs/include/environment_msgs/environment_msgs/msg/detail/environment_state__traits.hpp
-- Symlinking: /mnt/c/Users/lcata/organic_ws/install/environment_msgs/include/environment_msgs/environment_msgs/msg/detail/environment_state__type_support.hpp
-- Symlinking: /mnt/c/Users/lcata/organic_ws/install/environment_msgs/include/environment_msgs/environment_msgs/msg/detail/guidance_field__builder.hpp
-- Symlinking: /mnt/c/Users/lcata/organic_ws/install/environment_msgs/include/environment_msgs/environment_msgs/msg/detail/guidance_field__struct.hpp
-- Symlinking: /mnt/c/Users/lcata/organic_ws/install/environment_msgs/include/environment_msgs/environment_msgs/msg/detail/guidance_field__traits.hpp
-- Symlinking: /mnt/c/Users/lcata/organic_ws/install/environment_msgs/include/environment_msgs/environment_msgs/msg/detail/guidance_field__type_support.hpp
-- Symlinking: /mnt/c/Users/lcata/organic_ws/install/environment_msgs/include/environment_msgs/environment_msgs/msg/detail/local_map_update__builder.hpp
-- Symlinking: /mnt/c/Users/lcata/organic_ws/install/environment_msgs/include/environment_msgs/environment_msgs/msg/detail/local_map_update__struct.hpp
-- Symlinking: /mnt/c/Users/lcata/organic_ws/install/environment_msgs/include/environment_msgs/environment_msgs/msg/detail/local_map_update__traits.hpp
-- Symlinking: /mnt/c/Users/lcata/organic_ws/install/environment_msgs/include/environment_msgs/environment_msgs/msg/detail/local_map_update__type_support.hpp
-- Symlinking: /mnt/c/Users/lcata/organic_ws/install/environment_msgs/include/environment_msgs/environment_msgs/msg/detail/predicted_map__builder.hpp
-- Symlinking: /mnt/c/Users/lcata/organic_ws/install/environment_msgs/include/environment_msgs/environment_msgs/msg/detail/predicted_map__struct.hpp
-- Symlinking: /mnt/c/Users/lcata/organic_ws/install/environment_msgs/include/environment_msgs/environment_msgs/msg/detail/predicted_map__traits.hpp
-- Symlinking: /mnt/c/Users/lcata/organic_ws/install/environment_msgs/include/environment_msgs/environment_msgs/msg/detail/predicted_map__type_support.hpp
-- Symlinking: /mnt/c/Users/lcata/organic_ws/install/environment_msgs/include/environment_msgs/environment_msgs/msg/environment_state.hpp
-- Symlinking: /mnt/c/Users/lcata/organic_ws/install/environment_msgs/include/environment_msgs/environment_msgs/msg/guidance_field.hpp
-- Symlinking: /mnt/c/Users/lcata/organic_ws/install/environment_msgs/include/environment_msgs/environment_msgs/msg/local_map_update.hpp
-- Symlinking: /mnt/c/Users/lcata/organic_ws/install/environment_msgs/include/environment_msgs/environment_msgs/msg/predicted_map.hpp
-- Symlinking: /mnt/c/Users/lcata/organic_ws/install/environment_msgs/include/environment_msgs/environment_msgs/msg/rosidl_generator_cpp__visibility_control.hpp
-- Symlinking: /mnt/c/Users/lcata/organic_ws/install/environment_msgs/include/environment_msgs/environment_msgs/msg/detail/agent_state__rosidl_typesupport_fastrtps_cpp.hpp
-- Symlinking: /mnt/c/Users/lcata/organic_ws/install/environment_msgs/include/environment_msgs/environment_msgs/msg/detail/environment_state__rosidl_typesupport_fastrtps_cpp.hpp
-- Symlinking: /mnt/c/Users/lcata/organic_ws/install/environment_msgs/include/environment_msgs/environment_msgs/msg/detail/guidance_field__rosidl_typesupport_fastrtps_cpp.hpp
-- Symlinking: /mnt/c/Users/lcata/organic_ws/install/environment_msgs/include/environment_msgs/environment_msgs/msg/detail/local_map_update__rosidl_typesupport_fastrtps_cpp.hpp
-- Symlinking: /mnt/c/Users/lcata/organic_ws/install/environment_msgs/include/environment_msgs/environment_msgs/msg/detail/predicted_map__rosidl_typesupport_fastrtps_cpp.hpp
-- Symlinking: /mnt/c/Users/lcata/organic_ws/install/environment_msgs/include/environment_msgs/environment_msgs/msg/rosidl_typesupport_fastrtps_cpp__visibility_control.h
-- Symlinking: /mnt/c/Users/lcata/organic_ws/install/environment_msgs/include/environment_msgs/environment_msgs/msg/detail/agent_state__rosidl_typesupport_introspection_cpp.hpp
-- Symlinking: /mnt/c/Users/lcata/organic_ws/install/environment_msgs/include/environment_msgs/environment_msgs/msg/detail/environment_state__rosidl_typesupport_introspection_cpp.hpp
-- Symlinking: /mnt/c/Users/lcata/organic_ws/install/environment_msgs/include/environment_msgs/environment_msgs/msg/detail/guidance_field__rosidl_typesupport_introspection_cpp.hpp
-- Symlinking: /mnt/c/Users/lcata/organic_ws/install/environment_msgs/include/environment_msgs/environment_msgs/msg/detail/local_map_update__rosidl_typesupport_introspection_cpp.hpp
-- Symlinking: /mnt/c/Users/lcata/organic_ws/install/environment_msgs/include/environment_msgs/environment_msgs/msg/detail/predicted_map__rosidl_typesupport_introspection_cpp.hpp
-- Symlinking: /mnt/c/Users/lcata/organic_ws/install/environment_msgs/share/environment_msgs/environment/pythonpath.sh
-- Symlinking: /mnt/c/Users/lcata/organic_ws/install/environment_msgs/share/environment_msgs/environment/pythonpath.dsv
-- Symlinking: /mnt/c/Users/lcata/organic_ws/install/environment_msgs/lib/python3.12/site-packages/environment_msgs-0.0.0-py3.12.egg-info/PKG-INFO
-- Symlinking: /mnt/c/Users/lcata/organic_ws/install/environment_msgs/lib/python3.12/site-packages/environment_msgs-0.0.0-py3.12.egg-info/SOURCES.txt
-- Symlinking: /mnt/c/Users/lcata/organic_ws/install/environment_msgs/lib/python3.12/site-packages/environment_msgs-0.0.0-py3.12.egg-info/dependency_links.txt
-- Symlinking: /mnt/c/Users/lcata/organic_ws/install/environment_msgs/lib/python3.12/site-packages/environment_msgs-0.0.0-py3.12.egg-info/top_level.txt
-- Symlinking: /mnt/c/Users/lcata/organic_ws/install/environment_msgs/lib/python3.12/site-packages/environment_msgs/__init__.py
-- Symlinking: /mnt/c/Users/lcata/organic_ws/install/environment_msgs/lib/python3.12/site-packages/environment_msgs/_environment_msgs_s.ep.rosidl_typesupport_c.c
-- Symlinking: /mnt/c/Users/lcata/organic_ws/install/environment_msgs/lib/python3.12/site-packages/environment_msgs/_environment_msgs_s.ep.rosidl_typesupport_fastrtps_c.c
-- Symlinking: /mnt/c/Users/lcata/organic_ws/install/environment_msgs/lib/python3.12/site-packages/environment_msgs/_environment_msgs_s.ep.rosidl_typesupport_introspection_c.c
-- Symlinking: /mnt/c/Users/lcata/organic_ws/install/environment_msgs/lib/python3.12/site-packages/environment_msgs/environment_msgs_s__rosidl_typesupport_c.so
-- Symlinking: /mnt/c/Users/lcata/organic_ws/install/environment_msgs/lib/python3.12/site-packages/environment_msgs/environment_msgs_s__rosidl_typesupport_fastrtps_c.so
-- Symlinking: /mnt/c/Users/lcata/organic_ws/install/environment_msgs/lib/python3.12/site-packages/environment_msgs/environment_msgs_s__rosidl_typesupport_introspection_c.so
-- Symlinking: /mnt/c/Users/lcata/organic_ws/install/environment_msgs/lib/python3.12/site-packages/environment_msgs/msg/__init__.py
-- Symlinking: /mnt/c/Users/lcata/organic_ws/install/environment_msgs/lib/python3.12/site-packages/environment_msgs/msg/_agent_state.py
-- Symlinking: /mnt/c/Users/lcata/organic_ws/install/environment_msgs/lib/python3.12/site-packages/environment_msgs/msg/_agent_state_s.c
-- Symlinking: /mnt/c/Users/lcata/organic_ws/install/environment_msgs/lib/python3.12/site-packages/environment_msgs/msg/_environment_state.py
-- Symlinking: /mnt/c/Users/lcata/organic_ws/install/environment_msgs/lib/python3.12/site-packages/environment_msgs/msg/_environment_state_s.c
-- Symlinking: /mnt/c/Users/lcata/organic_ws/install/environment_msgs/lib/python3.12/site-packages/environment_msgs/msg/_guidance_field.py
-- Symlinking: /mnt/c/Users/lcata/organic_ws/install/environment_msgs/lib/python3.12/site-packages/environment_msgs/msg/_guidance_field_s.c
-- Symlinking: /mnt/c/Users/lcata/organic_ws/install/environment_msgs/lib/python3.12/site-packages/environment_msgs/msg/_local_map_update.py
-- Symlinking: /mnt/c/Users/lcata/organic_ws/install/environment_msgs/lib/python3.12/site-packages/environment_msgs/msg/_local_map_update_s.c
-- Symlinking: /mnt/c/Users/lcata/organic_ws/install/environment_msgs/lib/python3.12/site-packages/environment_msgs/msg/_predicted_map.py
-- Symlinking: /mnt/c/Users/lcata/organic_ws/install/environment_msgs/lib/python3.12/site-packages/environment_msgs/msg/_predicted_map_s.c
-- Up-to-date symlink: /mnt/c/Users/lcata/organic_ws/install/environment_msgs/lib/python3.12/site-packages/environment_msgs/environment_msgs_s__rosidl_typesupport_fastrtps_c.so
-- Up-to-date symlink: /mnt/c/Users/lcata/organic_ws/install/environment_msgs/lib/python3.12/site-packages/environment_msgs/environment_msgs_s__rosidl_typesupport_introspection_c.so
-- Up-to-date symlink: /mnt/c/Users/lcata/organic_ws/install/environment_msgs/lib/python3.12/site-packages/environment_msgs/environment_msgs_s__rosidl_typesupport_c.so
-- Symlinking: /mnt/c/Users/lcata/organic_ws/install/environment_msgs/share/environment_msgs/msg/EnvironmentState.idl
-- Symlinking: /mnt/c/Users/lcata/organic_ws/install/environment_msgs/share/environment_msgs/msg/AgentState.idl
-- Symlinking: /mnt/c/Users/lcata/organic_ws/install/environment_msgs/share/environment_msgs/msg/LocalMapUpdate.idl
-- Symlinking: /mnt/c/Users/lcata/organic_ws/install/environment_msgs/share/environment_msgs/msg/PredictedMap.idl
-- Symlinking: /mnt/c/Users/lcata/organic_ws/install/environment_msgs/share/environment_msgs/msg/GuidanceField.idl
-- Symlinking: /mnt/c/Users/lcata/organic_ws/install/environment_msgs/share/environment_msgs/msg/EnvironmentState.msg
-- Symlinking: /mnt/c/Users/lcata/organic_ws/install/environment_msgs/share/environment_msgs/msg/AgentState.msg
-- Symlinking: /mnt/c/Users/lcata/organic_ws/install/environment_msgs/share/environment_msgs/msg/LocalMapUpdate.msg
-- Symlinking: /mnt/c/Users/lcata/organic_ws/install/environment_msgs/share/environment_msgs/msg/PredictedMap.msg
-- Symlinking: /mnt/c/Users/lcata/organic_ws/install/environment_msgs/share/environment_msgs/msg/GuidanceField.msg
-- Symlinking: /mnt/c/Users/lcata/organic_ws/install/environment_msgs/share/ament_index/resource_index/package_run_dependencies/environment_msgs
-- Symlinking: /mnt/c/Users/lcata/organic_ws/install/environment_msgs/share/ament_index/resource_index/parent_prefix_path/environment_msgs
-- Symlinking: /mnt/c/Users/lcata/organic_ws/install/environment_msgs/share/environment_msgs/environment/ament_prefix_path.sh
-- Symlinking: /mnt/c/Users/lcata/organic_ws/install/environment_msgs/share/environment_msgs/environment/ament_prefix_path.dsv
-- Symlinking: /mnt/c/Users/lcata/organic_ws/install/environment_msgs/share/environment_msgs/environment/path.sh
-- Symlinking: /mnt/c/Users/lcata/organic_ws/install/environment_msgs/share/environment_msgs/environment/path.dsv
-- Symlinking: /mnt/c/Users/lcata/organic_ws/install/environment_msgs/share/environment_msgs/local_setup.bash
-- Symlinking: /mnt/c/Users/lcata/organic_ws/install/environment_msgs/share/environment_msgs/local_setup.sh
-- Symlinking: /mnt/c/Users/lcata/organic_ws/install/environment_msgs/share/environment_msgs/local_setup.zsh
-- Symlinking: /mnt/c/Users/lcata/organic_ws/install/environment_msgs/share/environment_msgs/local_setup.dsv
-- Symlinking: /mnt/c/Users/lcata/organic_ws/install/environment_msgs/share/environment_msgs/package.dsv
-- Symlinking: /mnt/c/Users/lcata/organic_ws/install/environment_msgs/share/ament_index/resource_index/packages/environment_msgs
-- Symlinking: /mnt/c/Users/lcata/organic_ws/install/environment_msgs/share/environment_msgs/cmake/rosidl_cmake-extras.cmake
-- Symlinking: /mnt/c/Users/lcata/organic_ws/install/environment_msgs/share/environment_msgs/cmake/ament_cmake_export_include_directories-extras.cmake
-- Symlinking: /mnt/c/Users/lcata/organic_ws/install/environment_msgs/share/environment_msgs/cmake/ament_cmake_export_libraries-extras.cmake
-- Symlinking: /mnt/c/Users/lcata/organic_ws/install/environment_msgs/share/environment_msgs/cmake/ament_cmake_export_targets-extras.cmake
-- Symlinking: /mnt/c/Users/lcata/organic_ws/install/environment_msgs/share/environment_msgs/cmake/rosidl_cmake_export_typesupport_targets-extras.cmake
-- Symlinking: /mnt/c/Users/lcata/organic_ws/install/environment_msgs/share/environment_msgs/cmake/ament_cmake_export_dependencies-extras.cmake
-- Symlinking: /mnt/c/Users/lcata/organic_ws/install/environment_msgs/share/environment_msgs/cmake/rosidl_cmake_export_typesupport_libraries-extras.cmake
-- Symlinking: /mnt/c/Users/lcata/organic_ws/install/environment_msgs/share/environment_msgs/cmake/environment_msgsConfig.cmake
-- Symlinking: /mnt/c/Users/lcata/organic_ws/install/environment_msgs/share/environment_msgs/cmake/environment_msgsConfig-version.cmake
-- Symlinking: /mnt/c/Users/lcata/organic_ws/install/environment_msgs/share/environment_msgs/package.xml
-- Installing: /mnt/c/Users/lcata/organic_ws/install/environment_msgs/lib/libenvironment_msgs__rosidl_generator_c.so
-- Set non-toolchain portion of runtime path of "/mnt/c/Users/lcata/organic_ws/install/environment_msgs/lib/libenvironment_msgs__rosidl_generator_c.so" to ""
-- Installing: /mnt/c/Users/lcata/organic_ws/install/environment_msgs/lib/libenvironment_msgs__rosidl_typesupport_fastrtps_c.so
-- Set non-toolchain portion of runtime path of "/mnt/c/Users/lcata/organic_ws/install/environment_msgs/lib/libenvironment_msgs__rosidl_typesupport_fastrtps_c.so" to ""
-- Installing: /mnt/c/Users/lcata/organic_ws/install/environment_msgs/lib/libenvironment_msgs__rosidl_typesupport_introspection_c.so
-- Set non-toolchain portion of runtime path of "/mnt/c/Users/lcata/organic_ws/install/environment_msgs/lib/libenvironment_msgs__rosidl_typesupport_introspection_c.so" to ""
-- Installing: /mnt/c/Users/lcata/organic_ws/install/environment_msgs/lib/libenvironment_msgs__rosidl_typesupport_c.so
-- Set non-toolchain portion of runtime path of "/mnt/c/Users/lcata/organic_ws/install/environment_msgs/lib/libenvironment_msgs__rosidl_typesupport_c.so" to ""
-- Installing: /mnt/c/Users/lcata/organic_ws/install/environment_msgs/lib/libenvironment_msgs__rosidl_typesupport_fastrtps_cpp.so
-- Set non-toolchain portion of runtime path of "/mnt/c/Users/lcata/organic_ws/install/environment_msgs/lib/libenvironment_msgs__rosidl_typesupport_fastrtps_cpp.so" to ""
-- Installing: /mnt/c/Users/lcata/organic_ws/install/environment_msgs/lib/libenvironment_msgs__rosidl_typesupport_introspection_cpp.so
-- Set non-toolchain portion of runtime path of "/mnt/c/Users/lcata/organic_ws/install/environment_msgs/lib/libenvironment_msgs__rosidl_typesupport_introspection_cpp.so" to ""
-- Installing: /mnt/c/Users/lcata/organic_ws/install/environment_msgs/lib/libenvironment_msgs__rosidl_typesupport_cpp.so
-- Set non-toolchain portion of runtime path of "/mnt/c/Users/lcata/organic_ws/install/environment_msgs/lib/libenvironment_msgs__rosidl_typesupport_cpp.so" to ""
Listing '/mnt/c/Users/lcata/organic_ws/install/environment_msgs/lib/python3.12/site-packages/environment_msgs'...
Compiling '/mnt/c/Users/lcata/organic_ws/install/environment_msgs/lib/python3.12/site-packages/environment_msgs/__init__.py'...
Listing '/mnt/c/Users/lcata/organic_ws/install/environment_msgs/lib/python3.12/site-packages/environment_msgs/msg'...
Compiling '/mnt/c/Users/lcata/organic_ws/install/environment_msgs/lib/python3.12/site-packages/environment_msgs/msg/__init__.py'...
Compiling '/mnt/c/Users/lcata/organic_ws/install/environment_msgs/lib/python3.12/site-packages/environment_msgs/msg/_agent_state.py'...
Compiling '/mnt/c/Users/lcata/organic_ws/install/environment_msgs/lib/python3.12/site-packages/environment_msgs/msg/_environment_state.py'...
Compiling '/mnt/c/Users/lcata/organic_ws/install/environment_msgs/lib/python3.12/site-packages/environment_msgs/msg/_guidance_field.py'...
Compiling '/mnt/c/Users/lcata/organic_ws/install/environment_msgs/lib/python3.12/site-packages/environment_msgs/msg/_local_map_update.py'...
Compiling '/mnt/c/Users/lcata/organic_ws/install/environment_msgs/lib/python3.12/site-packages/environment_msgs/msg/_predicted_map.py'...
-- Installing: /mnt/c/Users/lcata/organic_ws/install/environment_msgs/lib/libenvironment_msgs__rosidl_generator_py.so
-- Set non-toolchain portion of runtime path of "/mnt/c/Users/lcata/organic_ws/install/environment_msgs/lib/libenvironment_msgs__rosidl_generator_py.so" to ""
-- Installing: /mnt/c/Users/lcata/organic_ws/install/environment_msgs/share/environment_msgs/cmake/export_environment_msgs__rosidl_generator_cExport.cmake
-- Installing: /mnt/c/Users/lcata/organic_ws/install/environment_msgs/share/environment_msgs/cmake/export_environment_msgs__rosidl_generator_cExport-noconfig.cmake
-- Installing: /mnt/c/Users/lcata/organic_ws/install/environment_msgs/share/environment_msgs/cmake/export_environment_msgs__rosidl_typesupport_fastrtps_cExport.cmake
-- Installing: /mnt/c/Users/lcata/organic_ws/install/environment_msgs/share/environment_msgs/cmake/export_environment_msgs__rosidl_typesupport_fastrtps_cExport-noconfig.cmake
-- Installing: /mnt/c/Users/lcata/organic_ws/install/environment_msgs/share/environment_msgs/cmake/environment_msgs__rosidl_typesupport_introspection_cExport.cmake
-- Installing: /mnt/c/Users/lcata/organic_ws/install/environment_msgs/share/environment_msgs/cmake/environment_msgs__rosidl_typesupport_introspection_cExport-noconfig.cmake
-- Installing: /mnt/c/Users/lcata/organic_ws/install/environment_msgs/share/environment_msgs/cmake/environment_msgs__rosidl_typesupport_cExport.cmake
-- Installing: /mnt/c/Users/lcata/organic_ws/install/environment_msgs/share/environment_msgs/cmake/environment_msgs__rosidl_typesupport_cExport-noconfig.cmake
-- Installing: /mnt/c/Users/lcata/organic_ws/install/environment_msgs/share/environment_msgs/cmake/export_environment_msgs__rosidl_generator_cppExport.cmake
-- Installing: /mnt/c/Users/lcata/organic_ws/install/environment_msgs/share/environment_msgs/cmake/export_environment_msgs__rosidl_typesupport_fastrtps_cppExport.cmake
-- Installing: /mnt/c/Users/lcata/organic_ws/install/environment_msgs/share/environment_msgs/cmake/export_environment_msgs__rosidl_typesupport_fastrtps_cppExport-noconfig.cmake
-- Installing: /mnt/c/Users/lcata/organic_ws/install/environment_msgs/share/environment_msgs/cmake/environment_msgs__rosidl_typesupport_introspection_cppExport.cmake
-- Installing: /mnt/c/Users/lcata/organic_ws/install/environment_msgs/share/environment_msgs/cmake/environment_msgs__rosidl_typesupport_introspection_cppExport-noconfig.cmake
-- Installing: /mnt/c/Users/lcata/organic_ws/install/environment_msgs/share/environment_msgs/cmake/environment_msgs__rosidl_typesupport_cppExport.cmake
-- Installing: /mnt/c/Users/lcata/organic_ws/install/environment_msgs/share/environment_msgs/cmake/environment_msgs__rosidl_typesupport_cppExport-noconfig.cmake
-- Installing: /mnt/c/Users/lcata/organic_ws/install/environment_msgs/share/environment_msgs/cmake/export_environment_msgs__rosidl_generator_pyExport.cmake
-- Installing: /mnt/c/Users/lcata/organic_ws/install/environment_msgs/share/environment_msgs/cmake/export_environment_msgs__rosidl_generator_pyExport-noconfig.cmake
