[0.463s] Invoking command in '/mnt/c/Users/lcata/organic_ws/build/environment_msgs': CMAKE_PREFIX_PATH=${CMAKE_PREFIX_PATH}:/mnt/c/Users/lcata/organic_ws/install/my_agent:/opt/ros/kilted /usr/bin/cmake /mnt/c/Users/lcata/organic_ws/src/environment_msgs -DAMENT_CMAKE_SYMLINK_INSTALL=1 -DCMAKE_INSTALL_PREFIX=/mnt/c/Users/lcata/organic_ws/install/environment_msgs
[1.935s] -- The C compiler identification is GNU 13.3.0
[4.341s] -- The CXX compiler identification is GNU 13.3.0
[5.104s] -- Detecting C compiler ABI info
[7.298s] -- Detecting C compiler ABI info - done
[7.330s] -- Check for working C compiler: /usr/bin/cc - skipped
[7.332s] -- Detecting C compile features
[7.333s] -- Detecting C compile features - done
[7.470s] -- Detecting CXX compiler ABI info
[9.649s] -- Detecting CXX compiler ABI info - done
[9.681s] -- Check for working CXX compiler: /usr/bin/c++ - skipped
[9.682s] -- Detecting CXX compile features
[9.683s] -- Detecting CXX compile features - done
[9.759s] -- Found ament_cmake: 2.7.3 (/opt/ros/kilted/share/ament_cmake/cmake)
[11.591s] -- Found Python3: /usr/bin/python3 (found version "3.12.3") found components: Interpreter 
[11.931s] -- Override CMake install command with custom implementation using symlinks instead of copying resources
[13.515s] -- Found rosidl_default_generators: 1.7.1 (/opt/ros/kilted/share/rosidl_default_generators/cmake)
[13.590s] -- Using all available rosidl_typesupport_c: rosidl_typesupport_fastrtps_c;rosidl_typesupport_introspection_c
[14.095s] -- Using all available rosidl_typesupport_cpp: rosidl_typesupport_fastrtps_cpp;rosidl_typesupport_introspection_cpp
[14.448s] -- Found rosidl_adapter: 4.9.5 (/opt/ros/kilted/share/rosidl_adapter/cmake)
[20.881s] -- Found ament_cmake_ros_core: 0.14.5 (/opt/ros/kilted/share/ament_cmake_ros_core/cmake)
[24.223s] -- Using all available rosidl_typesupport_c: rosidl_typesupport_fastrtps_c;rosidl_typesupport_introspection_c
[30.425s] -- Using all available rosidl_typesupport_cpp: rosidl_typesupport_fastrtps_cpp;rosidl_typesupport_introspection_cpp
[31.879s] -- Found Python3: /usr/bin/python3 (found version "3.12.3") found components: Interpreter Development NumPy Development.Module Development.Embed 
[38.702s] -- Configuring done (38.1s)
[47.519s] -- Generating done (7.8s)
[50.748s] -- Build files have been written to: /mnt/c/Users/lcata/organic_ws/build/environment_msgs
[50.783s] Invoked command in '/mnt/c/Users/lcata/organic_ws/build/environment_msgs' returned '0': CMAKE_PREFIX_PATH=${CMAKE_PREFIX_PATH}:/mnt/c/Users/lcata/organic_ws/install/my_agent:/opt/ros/kilted /usr/bin/cmake /mnt/c/Users/lcata/organic_ws/src/environment_msgs -DAMENT_CMAKE_SYMLINK_INSTALL=1 -DCMAKE_INSTALL_PREFIX=/mnt/c/Users/lcata/organic_ws/install/environment_msgs
[50.822s] Invoking command in '/mnt/c/Users/lcata/organic_ws/build/environment_msgs': CMAKE_PREFIX_PATH=${CMAKE_PREFIX_PATH}:/mnt/c/Users/lcata/organic_ws/install/my_agent:/opt/ros/kilted /usr/bin/cmake --build /mnt/c/Users/lcata/organic_ws/build/environment_msgs -- -j8 -l8
[51.300s] [  0%] Built target ament_cmake_python_symlink_environment_msgs
[51.307s] [  1%] [34m[1mGenerating type hashes for ROS interfaces[0m
[51.778s] [  1%] Built target environment_msgs__rosidl_generator_type_description
[51.802s] running egg_info
[51.804s] creating environment_msgs.egg-info
[51.832s] writing environment_msgs.egg-info/PKG-INFO
[51.839s] writing dependency_links to environment_msgs.egg-info/dependency_links.txt
[51.849s] writing top-level names to environment_msgs.egg-info/top_level.txt
[51.855s] writing manifest file 'environment_msgs.egg-info/SOURCES.txt'
[51.876s] [  2%] [34m[1mGenerating C code for ROS interfaces[0m
[51.980s] [  4%] [34m[1mGenerating C++ code for ROS interfaces[0m
[51.984s] reading manifest file 'environment_msgs.egg-info/SOURCES.txt'
[52.021s] writing manifest file 'environment_msgs.egg-info/SOURCES.txt'
[52.095s] [  4%] Built target ament_cmake_python_build_environment_msgs_egg
[53.440s] [  4%] Built target environment_msgs__cpp
[54.169s] [  5%] [32mBuilding C object CMakeFiles/environment_msgs__rosidl_generator_c.dir/rosidl_generator_c/environment_msgs/msg/detail/environment_state__functions.c.o[0m
[54.179s] [  6%] [32mBuilding C object CMakeFiles/environment_msgs__rosidl_generator_c.dir/rosidl_generator_c/environment_msgs/msg/detail/environment_state__description.c.o[0m
[54.207s] [  8%] [32mBuilding C object CMakeFiles/environment_msgs__rosidl_generator_c.dir/rosidl_generator_c/environment_msgs/msg/detail/environment_state__type_support.c.o[0m
[54.220s] [  9%] [32mBuilding C object CMakeFiles/environment_msgs__rosidl_generator_c.dir/rosidl_generator_c/environment_msgs/msg/detail/agent_state__description.c.o[0m
[54.236s] [ 10%] [32mBuilding C object CMakeFiles/environment_msgs__rosidl_generator_c.dir/rosidl_generator_c/environment_msgs/msg/detail/agent_state__functions.c.o[0m
[54.250s] [ 12%] [32mBuilding C object CMakeFiles/environment_msgs__rosidl_generator_c.dir/rosidl_generator_c/environment_msgs/msg/detail/agent_state__type_support.c.o[0m
[54.260s] [ 13%] [32mBuilding C object CMakeFiles/environment_msgs__rosidl_generator_c.dir/rosidl_generator_c/environment_msgs/msg/detail/local_map_update__description.c.o[0m
[54.267s] [ 14%] [32mBuilding C object CMakeFiles/environment_msgs__rosidl_generator_c.dir/rosidl_generator_c/environment_msgs/msg/detail/local_map_update__functions.c.o[0m
[54.450s] [ 17%] [32mBuilding C object CMakeFiles/environment_msgs__rosidl_generator_c.dir/rosidl_generator_c/environment_msgs/msg/detail/predicted_map__description.c.o[0m
[54.452s] [ 17%] [32mBuilding C object CMakeFiles/environment_msgs__rosidl_generator_c.dir/rosidl_generator_c/environment_msgs/msg/detail/local_map_update__type_support.c.o[0m
[54.491s] [ 20%] [32mBuilding C object CMakeFiles/environment_msgs__rosidl_generator_c.dir/rosidl_generator_c/environment_msgs/msg/detail/predicted_map__functions.c.o[0m
[54.492s] [ 20%] [32mBuilding C object CMakeFiles/environment_msgs__rosidl_generator_c.dir/rosidl_generator_c/environment_msgs/msg/detail/guidance_field__description.c.o[0m
[54.499s] [ 21%] [32mBuilding C object CMakeFiles/environment_msgs__rosidl_generator_c.dir/rosidl_generator_c/environment_msgs/msg/detail/predicted_map__type_support.c.o[0m
[54.511s] [ 22%] [32mBuilding C object CMakeFiles/environment_msgs__rosidl_generator_c.dir/rosidl_generator_c/environment_msgs/msg/detail/guidance_field__functions.c.o[0m
[54.537s] [ 24%] [32mBuilding C object CMakeFiles/environment_msgs__rosidl_generator_c.dir/rosidl_generator_c/environment_msgs/msg/detail/guidance_field__type_support.c.o[0m
[55.118s] [ 25%] [32m[1mLinking C shared library libenvironment_msgs__rosidl_generator_c.so[0m
[57.544s] [ 25%] Built target environment_msgs__rosidl_generator_c
[57.655s] [ 31%] [34m[1mGenerating C++ introspection for ROS interfaces[0m
[57.658s] [ 31%] [34m[1mGenerating C introspection for ROS interfaces[0m
[57.660s] [ 31%] [34m[1mGenerating C type support for eProsima Fast-RTPS[0m
[57.668s] [ 31%] [34m[1mGenerating C++ type support dispatch for ROS interfaces[0m
[57.678s] [ 32%] [34m[1mGenerating C++ type support for eProsima Fast-RTPS[0m
[57.686s] [ 33%] [34m[1mGenerating C type support dispatch for ROS interfaces[0m
[58.870s] [ 35%] [32mBuilding CXX object CMakeFiles/environment_msgs__rosidl_typesupport_cpp.dir/rosidl_typesupport_cpp/environment_msgs/msg/environment_state__type_support.cpp.o[0m
[58.929s] [ 36%] [32mBuilding CXX object CMakeFiles/environment_msgs__rosidl_typesupport_cpp.dir/rosidl_typesupport_cpp/environment_msgs/msg/agent_state__type_support.cpp.o[0m
[58.949s] [ 37%] [32mBuilding CXX object CMakeFiles/environment_msgs__rosidl_typesupport_c.dir/rosidl_typesupport_c/environment_msgs/msg/environment_state__type_support.cpp.o[0m
[58.981s] [ 39%] [32mBuilding CXX object CMakeFiles/environment_msgs__rosidl_typesupport_cpp.dir/rosidl_typesupport_cpp/environment_msgs/msg/local_map_update__type_support.cpp.o[0m
[59.308s] [ 40%] [32mBuilding CXX object CMakeFiles/environment_msgs__rosidl_typesupport_introspection_cpp.dir/rosidl_typesupport_introspection_cpp/environment_msgs/msg/detail/environment_state__type_support.cpp.o[0m
[59.438s] [ 41%] [32mBuilding C object CMakeFiles/environment_msgs__rosidl_typesupport_introspection_c.dir/rosidl_typesupport_introspection_c/environment_msgs/msg/detail/environment_state__type_support.c.o[0m
[59.457s] [ 43%] [32mBuilding CXX object CMakeFiles/environment_msgs__rosidl_typesupport_c.dir/rosidl_typesupport_c/environment_msgs/msg/agent_state__type_support.cpp.o[0m
[59.771s] [ 44%] [32mBuilding CXX object CMakeFiles/environment_msgs__rosidl_typesupport_fastrtps_c.dir/rosidl_typesupport_fastrtps_c/environment_msgs/msg/detail/environment_state__type_support_c.cpp.o[0m
[59.874s] [ 45%] [32mBuilding CXX object CMakeFiles/environment_msgs__rosidl_typesupport_fastrtps_cpp.dir/rosidl_typesupport_fastrtps_cpp/environment_msgs/msg/detail/dds_fastrtps/environment_state__type_support.cpp.o[0m
[59.995s] [ 47%] [32mBuilding CXX object CMakeFiles/environment_msgs__rosidl_typesupport_c.dir/rosidl_typesupport_c/environment_msgs/msg/local_map_update__type_support.cpp.o[0m
[60.247s] [ 48%] [32mBuilding C object CMakeFiles/environment_msgs__rosidl_typesupport_introspection_c.dir/rosidl_typesupport_introspection_c/environment_msgs/msg/detail/agent_state__type_support.c.o[0m
[60.619s] [ 50%] [32mBuilding CXX object CMakeFiles/environment_msgs__rosidl_typesupport_c.dir/rosidl_typesupport_c/environment_msgs/msg/predicted_map__type_support.cpp.o[0m
[60.675s] [ 51%] [32mBuilding CXX object CMakeFiles/environment_msgs__rosidl_typesupport_c.dir/rosidl_typesupport_c/environment_msgs/msg/guidance_field__type_support.cpp.o[0m
[60.713s] [ 52%] [32mBuilding C object CMakeFiles/environment_msgs__rosidl_typesupport_introspection_c.dir/rosidl_typesupport_introspection_c/environment_msgs/msg/detail/local_map_update__type_support.c.o[0m
[60.771s] [ 54%] [32mBuilding CXX object CMakeFiles/environment_msgs__rosidl_typesupport_cpp.dir/rosidl_typesupport_cpp/environment_msgs/msg/predicted_map__type_support.cpp.o[0m
[60.998s] [ 55%] [32mBuilding CXX object CMakeFiles/environment_msgs__rosidl_typesupport_introspection_cpp.dir/rosidl_typesupport_introspection_cpp/environment_msgs/msg/detail/agent_state__type_support.cpp.o[0m
[61.070s] [ 56%] [32mBuilding CXX object CMakeFiles/environment_msgs__rosidl_typesupport_cpp.dir/rosidl_typesupport_cpp/environment_msgs/msg/guidance_field__type_support.cpp.o[0m
[61.167s] [ 58%] [32m[1mLinking CXX shared library libenvironment_msgs__rosidl_typesupport_c.so[0m
[61.359s] [ 59%] [32mBuilding C object CMakeFiles/environment_msgs__rosidl_typesupport_introspection_c.dir/rosidl_typesupport_introspection_c/environment_msgs/msg/detail/predicted_map__type_support.c.o[0m
[61.879s] [ 59%] Built target environment_msgs__rosidl_typesupport_c
[61.938s] [ 60%] [32mBuilding C object CMakeFiles/environment_msgs__rosidl_typesupport_introspection_c.dir/rosidl_typesupport_introspection_c/environment_msgs/msg/detail/guidance_field__type_support.c.o[0m
[62.097s] [ 62%] [32mBuilding CXX object CMakeFiles/environment_msgs__rosidl_typesupport_introspection_cpp.dir/rosidl_typesupport_introspection_cpp/environment_msgs/msg/detail/local_map_update__type_support.cpp.o[0m
[62.154s] [ 63%] [32mBuilding CXX object CMakeFiles/environment_msgs__rosidl_typesupport_introspection_cpp.dir/rosidl_typesupport_introspection_cpp/environment_msgs/msg/detail/predicted_map__type_support.cpp.o[0m
[62.263s] [ 64%] [32mBuilding CXX object CMakeFiles/environment_msgs__rosidl_typesupport_fastrtps_c.dir/rosidl_typesupport_fastrtps_c/environment_msgs/msg/detail/agent_state__type_support_c.cpp.o[0m
[62.502s] [ 66%] [32mBuilding CXX object CMakeFiles/environment_msgs__rosidl_typesupport_introspection_cpp.dir/rosidl_typesupport_introspection_cpp/environment_msgs/msg/detail/guidance_field__type_support.cpp.o[0m
[62.701s] [ 67%] [32m[1mLinking C shared library libenvironment_msgs__rosidl_typesupport_introspection_c.so[0m
[62.867s] [ 68%] [32m[1mLinking CXX shared library libenvironment_msgs__rosidl_typesupport_cpp.so[0m
[63.008s] [ 70%] [32mBuilding CXX object CMakeFiles/environment_msgs__rosidl_typesupport_fastrtps_cpp.dir/rosidl_typesupport_fastrtps_cpp/environment_msgs/msg/detail/dds_fastrtps/agent_state__type_support.cpp.o[0m
[63.243s] [ 71%] [32mBuilding CXX object CMakeFiles/environment_msgs__rosidl_typesupport_fastrtps_c.dir/rosidl_typesupport_fastrtps_c/environment_msgs/msg/detail/local_map_update__type_support_c.cpp.o[0m
[63.407s] [ 71%] Built target environment_msgs__rosidl_typesupport_introspection_c
[63.469s] [ 72%] [32mBuilding CXX object CMakeFiles/environment_msgs__rosidl_typesupport_fastrtps_cpp.dir/rosidl_typesupport_fastrtps_cpp/environment_msgs/msg/detail/dds_fastrtps/local_map_update__type_support.cpp.o[0m
[63.504s] [ 72%] Built target environment_msgs__rosidl_typesupport_cpp
[63.575s] [ 74%] [32mBuilding CXX object CMakeFiles/environment_msgs__rosidl_typesupport_fastrtps_cpp.dir/rosidl_typesupport_fastrtps_cpp/environment_msgs/msg/detail/dds_fastrtps/predicted_map__type_support.cpp.o[0m
[64.218s] [ 75%] [32mBuilding CXX object CMakeFiles/environment_msgs__rosidl_typesupport_fastrtps_c.dir/rosidl_typesupport_fastrtps_c/environment_msgs/msg/detail/predicted_map__type_support_c.cpp.o[0m
[64.264s] [ 77%] [32mBuilding CXX object CMakeFiles/environment_msgs__rosidl_typesupport_fastrtps_c.dir/rosidl_typesupport_fastrtps_c/environment_msgs/msg/detail/guidance_field__type_support_c.cpp.o[0m
[64.521s] [ 78%] [32mBuilding CXX object CMakeFiles/environment_msgs__rosidl_typesupport_fastrtps_cpp.dir/rosidl_typesupport_fastrtps_cpp/environment_msgs/msg/detail/dds_fastrtps/guidance_field__type_support.cpp.o[0m
[64.770s] [ 79%] [32m[1mLinking CXX shared library libenvironment_msgs__rosidl_typesupport_introspection_cpp.so[0m
[65.721s] [ 79%] Built target environment_msgs__rosidl_typesupport_introspection_cpp
[66.167s] [ 81%] [32m[1mLinking CXX shared library libenvironment_msgs__rosidl_typesupport_fastrtps_c.so[0m
[66.769s] [ 82%] [32m[1mLinking CXX shared library libenvironment_msgs__rosidl_typesupport_fastrtps_cpp.so[0m
[66.809s] [ 82%] Built target environment_msgs__rosidl_typesupport_fastrtps_c
[68.116s] [ 82%] Built target environment_msgs__rosidl_typesupport_fastrtps_cpp
[68.480s] [ 82%] Built target environment_msgs
[68.762s] [ 83%] [34m[1mGenerating Python code for ROS interfaces[0m
[70.309s] [ 83%] Built target environment_msgs__py
[70.673s] [ 86%] [32mBuilding C object CMakeFiles/environment_msgs__rosidl_generator_py.dir/rosidl_generator_py/environment_msgs/msg/_agent_state_s.c.o[0m
[70.677s] [ 86%] [32mBuilding C object CMakeFiles/environment_msgs__rosidl_generator_py.dir/rosidl_generator_py/environment_msgs/msg/_environment_state_s.c.o[0m
[70.691s] [ 89%] [32mBuilding C object CMakeFiles/environment_msgs__rosidl_generator_py.dir/rosidl_generator_py/environment_msgs/msg/_predicted_map_s.c.o[0m
[70.696s] [ 89%] [32mBuilding C object CMakeFiles/environment_msgs__rosidl_generator_py.dir/rosidl_generator_py/environment_msgs/msg/_local_map_update_s.c.o[0m
[70.704s] [ 90%] [32mBuilding C object CMakeFiles/environment_msgs__rosidl_generator_py.dir/rosidl_generator_py/environment_msgs/msg/_guidance_field_s.c.o[0m
[71.403s] [ 91%] [32m[1mLinking C shared library libenvironment_msgs__rosidl_generator_py.so[0m
[71.727s] [ 91%] Built target environment_msgs__rosidl_generator_py
[71.858s] [ 94%] [32mBuilding C object CMakeFiles/environment_msgs_s__rosidl_typesupport_c.dir/rosidl_generator_py/environment_msgs/_environment_msgs_s.ep.rosidl_typesupport_c.c.o[0m
[71.861s] [ 94%] [32mBuilding C object CMakeFiles/environment_msgs_s__rosidl_typesupport_fastrtps_c.dir/rosidl_generator_py/environment_msgs/_environment_msgs_s.ep.rosidl_typesupport_fastrtps_c.c.o[0m
[71.872s] [ 95%] [32mBuilding C object CMakeFiles/environment_msgs_s__rosidl_typesupport_introspection_c.dir/rosidl_generator_py/environment_msgs/_environment_msgs_s.ep.rosidl_typesupport_introspection_c.c.o[0m
[72.594s] [ 97%] [32m[1mLinking C shared module rosidl_generator_py/environment_msgs/environment_msgs_s__rosidl_typesupport_c.so[0m
[72.720s] [ 98%] [32m[1mLinking C shared module rosidl_generator_py/environment_msgs/environment_msgs_s__rosidl_typesupport_fastrtps_c.so[0m
[72.728s] [100%] [32m[1mLinking C shared module rosidl_generator_py/environment_msgs/environment_msgs_s__rosidl_typesupport_introspection_c.so[0m
[72.890s] [100%] Built target environment_msgs_s__rosidl_typesupport_c
[72.967s] [100%] Built target environment_msgs_s__rosidl_typesupport_fastrtps_c
[72.976s] [100%] Built target environment_msgs_s__rosidl_typesupport_introspection_c
[73.404s] Invoked command in '/mnt/c/Users/lcata/organic_ws/build/environment_msgs' returned '0': CMAKE_PREFIX_PATH=${CMAKE_PREFIX_PATH}:/mnt/c/Users/lcata/organic_ws/install/my_agent:/opt/ros/kilted /usr/bin/cmake --build /mnt/c/Users/lcata/organic_ws/build/environment_msgs -- -j8 -l8
[73.460s] Invoking command in '/mnt/c/Users/lcata/organic_ws/build/environment_msgs': CMAKE_PREFIX_PATH=${CMAKE_PREFIX_PATH}:/mnt/c/Users/lcata/organic_ws/install/my_agent:/opt/ros/kilted /usr/bin/cmake --install /mnt/c/Users/lcata/organic_ws/build/environment_msgs
[73.482s] -- Install configuration: ""
[73.494s] -- Execute custom install script
[73.533s] -- Symlinking: /mnt/c/Users/lcata/organic_ws/install/environment_msgs/share/ament_index/resource_index/rosidl_interfaces/environment_msgs
[73.733s] -- Symlinking: /mnt/c/Users/lcata/organic_ws/install/environment_msgs/share/environment_msgs/msg/EnvironmentState.json
[74.025s] -- Symlinking: /mnt/c/Users/lcata/organic_ws/install/environment_msgs/share/environment_msgs/msg/AgentState.json
[74.309s] -- Symlinking: /mnt/c/Users/lcata/organic_ws/install/environment_msgs/share/environment_msgs/msg/LocalMapUpdate.json
[74.442s] -- Symlinking: /mnt/c/Users/lcata/organic_ws/install/environment_msgs/share/environment_msgs/msg/PredictedMap.json
[74.525s] -- Symlinking: /mnt/c/Users/lcata/organic_ws/install/environment_msgs/share/environment_msgs/msg/GuidanceField.json
[74.889s] -- Symlinking: /mnt/c/Users/lcata/organic_ws/install/environment_msgs/include/environment_msgs/environment_msgs/msg/agent_state.h
[74.986s] -- Symlinking: /mnt/c/Users/lcata/organic_ws/install/environment_msgs/include/environment_msgs/environment_msgs/msg/detail/agent_state__functions.h
[75.081s] -- Symlinking: /mnt/c/Users/lcata/organic_ws/install/environment_msgs/include/environment_msgs/environment_msgs/msg/detail/agent_state__struct.h
[75.262s] -- Symlinking: /mnt/c/Users/lcata/organic_ws/install/environment_msgs/include/environment_msgs/environment_msgs/msg/detail/agent_state__type_support.h
[75.583s] -- Symlinking: /mnt/c/Users/lcata/organic_ws/install/environment_msgs/include/environment_msgs/environment_msgs/msg/detail/environment_state__functions.h
[75.874s] -- Symlinking: /mnt/c/Users/lcata/organic_ws/install/environment_msgs/include/environment_msgs/environment_msgs/msg/detail/environment_state__struct.h
[76.042s] -- Symlinking: /mnt/c/Users/lcata/organic_ws/install/environment_msgs/include/environment_msgs/environment_msgs/msg/detail/environment_state__type_support.h
[76.364s] -- Symlinking: /mnt/c/Users/lcata/organic_ws/install/environment_msgs/include/environment_msgs/environment_msgs/msg/detail/guidance_field__functions.h
[76.667s] -- Symlinking: /mnt/c/Users/lcata/organic_ws/install/environment_msgs/include/environment_msgs/environment_msgs/msg/detail/guidance_field__struct.h
[76.988s] -- Symlinking: /mnt/c/Users/lcata/organic_ws/install/environment_msgs/include/environment_msgs/environment_msgs/msg/detail/guidance_field__type_support.h
[77.313s] -- Symlinking: /mnt/c/Users/lcata/organic_ws/install/environment_msgs/include/environment_msgs/environment_msgs/msg/detail/local_map_update__functions.h
[77.419s] -- Symlinking: /mnt/c/Users/lcata/organic_ws/install/environment_msgs/include/environment_msgs/environment_msgs/msg/detail/local_map_update__struct.h
[77.499s] -- Symlinking: /mnt/c/Users/lcata/organic_ws/install/environment_msgs/include/environment_msgs/environment_msgs/msg/detail/local_map_update__type_support.h
[77.563s] -- Symlinking: /mnt/c/Users/lcata/organic_ws/install/environment_msgs/include/environment_msgs/environment_msgs/msg/detail/predicted_map__functions.h
[77.636s] -- Symlinking: /mnt/c/Users/lcata/organic_ws/install/environment_msgs/include/environment_msgs/environment_msgs/msg/detail/predicted_map__struct.h
[77.720s] -- Symlinking: /mnt/c/Users/lcata/organic_ws/install/environment_msgs/include/environment_msgs/environment_msgs/msg/detail/predicted_map__type_support.h
[77.791s] -- Symlinking: /mnt/c/Users/lcata/organic_ws/install/environment_msgs/include/environment_msgs/environment_msgs/msg/environment_state.h
[77.853s] -- Symlinking: /mnt/c/Users/lcata/organic_ws/install/environment_msgs/include/environment_msgs/environment_msgs/msg/guidance_field.h
[77.921s] -- Symlinking: /mnt/c/Users/lcata/organic_ws/install/environment_msgs/include/environment_msgs/environment_msgs/msg/local_map_update.h
[77.994s] -- Symlinking: /mnt/c/Users/lcata/organic_ws/install/environment_msgs/include/environment_msgs/environment_msgs/msg/predicted_map.h
[78.066s] -- Symlinking: /mnt/c/Users/lcata/organic_ws/install/environment_msgs/include/environment_msgs/environment_msgs/msg/rosidl_generator_c__visibility_control.h
[78.162s] -- Symlinking: /mnt/c/Users/lcata/organic_ws/install/environment_msgs/share/environment_msgs/environment/library_path.sh
[78.235s] -- Symlinking: /mnt/c/Users/lcata/organic_ws/install/environment_msgs/share/environment_msgs/environment/library_path.dsv
[78.490s] -- Symlinking: /mnt/c/Users/lcata/organic_ws/install/environment_msgs/include/environment_msgs/environment_msgs/msg/detail/agent_state__rosidl_typesupport_fastrtps_c.h
[78.559s] -- Symlinking: /mnt/c/Users/lcata/organic_ws/install/environment_msgs/include/environment_msgs/environment_msgs/msg/detail/environment_state__rosidl_typesupport_fastrtps_c.h
[78.636s] -- Symlinking: /mnt/c/Users/lcata/organic_ws/install/environment_msgs/include/environment_msgs/environment_msgs/msg/detail/guidance_field__rosidl_typesupport_fastrtps_c.h
[78.738s] -- Symlinking: /mnt/c/Users/lcata/organic_ws/install/environment_msgs/include/environment_msgs/environment_msgs/msg/detail/local_map_update__rosidl_typesupport_fastrtps_c.h
[78.813s] -- Symlinking: /mnt/c/Users/lcata/organic_ws/install/environment_msgs/include/environment_msgs/environment_msgs/msg/detail/predicted_map__rosidl_typesupport_fastrtps_c.h
[78.900s] -- Symlinking: /mnt/c/Users/lcata/organic_ws/install/environment_msgs/include/environment_msgs/environment_msgs/msg/rosidl_typesupport_fastrtps_c__visibility_control.h
[79.117s] -- Symlinking: /mnt/c/Users/lcata/organic_ws/install/environment_msgs/include/environment_msgs/environment_msgs/msg/detail/agent_state__rosidl_typesupport_introspection_c.h
[79.183s] -- Symlinking: /mnt/c/Users/lcata/organic_ws/install/environment_msgs/include/environment_msgs/environment_msgs/msg/detail/environment_state__rosidl_typesupport_introspection_c.h
[79.254s] -- Symlinking: /mnt/c/Users/lcata/organic_ws/install/environment_msgs/include/environment_msgs/environment_msgs/msg/detail/guidance_field__rosidl_typesupport_introspection_c.h
[79.337s] -- Symlinking: /mnt/c/Users/lcata/organic_ws/install/environment_msgs/include/environment_msgs/environment_msgs/msg/detail/local_map_update__rosidl_typesupport_introspection_c.h
[79.409s] -- Symlinking: /mnt/c/Users/lcata/organic_ws/install/environment_msgs/include/environment_msgs/environment_msgs/msg/detail/predicted_map__rosidl_typesupport_introspection_c.h
[79.487s] -- Symlinking: /mnt/c/Users/lcata/organic_ws/install/environment_msgs/include/environment_msgs/environment_msgs/msg/rosidl_typesupport_introspection_c__visibility_control.h
[79.745s] -- Symlinking: /mnt/c/Users/lcata/organic_ws/install/environment_msgs/include/environment_msgs/environment_msgs/msg/agent_state.hpp
[79.806s] -- Symlinking: /mnt/c/Users/lcata/organic_ws/install/environment_msgs/include/environment_msgs/environment_msgs/msg/detail/agent_state__builder.hpp
[79.876s] -- Symlinking: /mnt/c/Users/lcata/organic_ws/install/environment_msgs/include/environment_msgs/environment_msgs/msg/detail/agent_state__struct.hpp
[79.953s] -- Symlinking: /mnt/c/Users/lcata/organic_ws/install/environment_msgs/include/environment_msgs/environment_msgs/msg/detail/agent_state__traits.hpp
[80.015s] -- Symlinking: /mnt/c/Users/lcata/organic_ws/install/environment_msgs/include/environment_msgs/environment_msgs/msg/detail/agent_state__type_support.hpp
[80.090s] -- Symlinking: /mnt/c/Users/lcata/organic_ws/install/environment_msgs/include/environment_msgs/environment_msgs/msg/detail/environment_state__builder.hpp
[80.164s] -- Symlinking: /mnt/c/Users/lcata/organic_ws/install/environment_msgs/include/environment_msgs/environment_msgs/msg/detail/environment_state__struct.hpp
[80.245s] -- Symlinking: /mnt/c/Users/lcata/organic_ws/install/environment_msgs/include/environment_msgs/environment_msgs/msg/detail/environment_state__traits.hpp
[80.342s] -- Symlinking: /mnt/c/Users/lcata/organic_ws/install/environment_msgs/include/environment_msgs/environment_msgs/msg/detail/environment_state__type_support.hpp
[80.420s] -- Symlinking: /mnt/c/Users/lcata/organic_ws/install/environment_msgs/include/environment_msgs/environment_msgs/msg/detail/guidance_field__builder.hpp
[80.488s] -- Symlinking: /mnt/c/Users/lcata/organic_ws/install/environment_msgs/include/environment_msgs/environment_msgs/msg/detail/guidance_field__struct.hpp
[80.562s] -- Symlinking: /mnt/c/Users/lcata/organic_ws/install/environment_msgs/include/environment_msgs/environment_msgs/msg/detail/guidance_field__traits.hpp
[80.645s] -- Symlinking: /mnt/c/Users/lcata/organic_ws/install/environment_msgs/include/environment_msgs/environment_msgs/msg/detail/guidance_field__type_support.hpp
[80.730s] -- Symlinking: /mnt/c/Users/lcata/organic_ws/install/environment_msgs/include/environment_msgs/environment_msgs/msg/detail/local_map_update__builder.hpp
[80.804s] -- Symlinking: /mnt/c/Users/lcata/organic_ws/install/environment_msgs/include/environment_msgs/environment_msgs/msg/detail/local_map_update__struct.hpp
[80.881s] -- Symlinking: /mnt/c/Users/lcata/organic_ws/install/environment_msgs/include/environment_msgs/environment_msgs/msg/detail/local_map_update__traits.hpp
[80.966s] -- Symlinking: /mnt/c/Users/lcata/organic_ws/install/environment_msgs/include/environment_msgs/environment_msgs/msg/detail/local_map_update__type_support.hpp
[81.041s] -- Symlinking: /mnt/c/Users/lcata/organic_ws/install/environment_msgs/include/environment_msgs/environment_msgs/msg/detail/predicted_map__builder.hpp
[81.122s] -- Symlinking: /mnt/c/Users/lcata/organic_ws/install/environment_msgs/include/environment_msgs/environment_msgs/msg/detail/predicted_map__struct.hpp
[81.206s] -- Symlinking: /mnt/c/Users/lcata/organic_ws/install/environment_msgs/include/environment_msgs/environment_msgs/msg/detail/predicted_map__traits.hpp
[81.288s] -- Symlinking: /mnt/c/Users/lcata/organic_ws/install/environment_msgs/include/environment_msgs/environment_msgs/msg/detail/predicted_map__type_support.hpp
[81.365s] -- Symlinking: /mnt/c/Users/lcata/organic_ws/install/environment_msgs/include/environment_msgs/environment_msgs/msg/environment_state.hpp
[81.439s] -- Symlinking: /mnt/c/Users/lcata/organic_ws/install/environment_msgs/include/environment_msgs/environment_msgs/msg/guidance_field.hpp
[81.515s] -- Symlinking: /mnt/c/Users/lcata/organic_ws/install/environment_msgs/include/environment_msgs/environment_msgs/msg/local_map_update.hpp
[81.597s] -- Symlinking: /mnt/c/Users/lcata/organic_ws/install/environment_msgs/include/environment_msgs/environment_msgs/msg/predicted_map.hpp
[81.676s] -- Symlinking: /mnt/c/Users/lcata/organic_ws/install/environment_msgs/include/environment_msgs/environment_msgs/msg/rosidl_generator_cpp__visibility_control.hpp
[82.028s] -- Symlinking: /mnt/c/Users/lcata/organic_ws/install/environment_msgs/include/environment_msgs/environment_msgs/msg/detail/agent_state__rosidl_typesupport_fastrtps_cpp.hpp
[82.116s] -- Symlinking: /mnt/c/Users/lcata/organic_ws/install/environment_msgs/include/environment_msgs/environment_msgs/msg/detail/environment_state__rosidl_typesupport_fastrtps_cpp.hpp
[82.198s] -- Symlinking: /mnt/c/Users/lcata/organic_ws/install/environment_msgs/include/environment_msgs/environment_msgs/msg/detail/guidance_field__rosidl_typesupport_fastrtps_cpp.hpp
[82.279s] -- Symlinking: /mnt/c/Users/lcata/organic_ws/install/environment_msgs/include/environment_msgs/environment_msgs/msg/detail/local_map_update__rosidl_typesupport_fastrtps_cpp.hpp
[82.362s] -- Symlinking: /mnt/c/Users/lcata/organic_ws/install/environment_msgs/include/environment_msgs/environment_msgs/msg/detail/predicted_map__rosidl_typesupport_fastrtps_cpp.hpp
[82.442s] -- Symlinking: /mnt/c/Users/lcata/organic_ws/install/environment_msgs/include/environment_msgs/environment_msgs/msg/rosidl_typesupport_fastrtps_cpp__visibility_control.h
[82.634s] -- Symlinking: /mnt/c/Users/lcata/organic_ws/install/environment_msgs/include/environment_msgs/environment_msgs/msg/detail/agent_state__rosidl_typesupport_introspection_cpp.hpp
[82.717s] -- Symlinking: /mnt/c/Users/lcata/organic_ws/install/environment_msgs/include/environment_msgs/environment_msgs/msg/detail/environment_state__rosidl_typesupport_introspection_cpp.hpp
[82.797s] -- Symlinking: /mnt/c/Users/lcata/organic_ws/install/environment_msgs/include/environment_msgs/environment_msgs/msg/detail/guidance_field__rosidl_typesupport_introspection_cpp.hpp
[82.832s] -- Symlinking: /mnt/c/Users/lcata/organic_ws/install/environment_msgs/include/environment_msgs/environment_msgs/msg/detail/local_map_update__rosidl_typesupport_introspection_cpp.hpp
[82.884s] -- Symlinking: /mnt/c/Users/lcata/organic_ws/install/environment_msgs/include/environment_msgs/environment_msgs/msg/detail/predicted_map__rosidl_typesupport_introspection_cpp.hpp
[82.952s] -- Symlinking: /mnt/c/Users/lcata/organic_ws/install/environment_msgs/share/environment_msgs/environment/pythonpath.sh
[83.016s] -- Symlinking: /mnt/c/Users/lcata/organic_ws/install/environment_msgs/share/environment_msgs/environment/pythonpath.dsv
[83.126s] -- Symlinking: /mnt/c/Users/lcata/organic_ws/install/environment_msgs/lib/python3.12/site-packages/environment_msgs-0.0.0-py3.12.egg-info/PKG-INFO
[83.223s] -- Symlinking: /mnt/c/Users/lcata/organic_ws/install/environment_msgs/lib/python3.12/site-packages/environment_msgs-0.0.0-py3.12.egg-info/SOURCES.txt
[83.323s] -- Symlinking: /mnt/c/Users/lcata/organic_ws/install/environment_msgs/lib/python3.12/site-packages/environment_msgs-0.0.0-py3.12.egg-info/dependency_links.txt
[83.445s] -- Symlinking: /mnt/c/Users/lcata/organic_ws/install/environment_msgs/lib/python3.12/site-packages/environment_msgs-0.0.0-py3.12.egg-info/top_level.txt
[84.069s] -- Symlinking: /mnt/c/Users/lcata/organic_ws/install/environment_msgs/lib/python3.12/site-packages/environment_msgs/__init__.py
[84.256s] -- Symlinking: /mnt/c/Users/lcata/organic_ws/install/environment_msgs/lib/python3.12/site-packages/environment_msgs/_environment_msgs_s.ep.rosidl_typesupport_c.c
[84.438s] -- Symlinking: /mnt/c/Users/lcata/organic_ws/install/environment_msgs/lib/python3.12/site-packages/environment_msgs/_environment_msgs_s.ep.rosidl_typesupport_fastrtps_c.c
[84.627s] -- Symlinking: /mnt/c/Users/lcata/organic_ws/install/environment_msgs/lib/python3.12/site-packages/environment_msgs/_environment_msgs_s.ep.rosidl_typesupport_introspection_c.c
[84.811s] -- Symlinking: /mnt/c/Users/lcata/organic_ws/install/environment_msgs/lib/python3.12/site-packages/environment_msgs/environment_msgs_s__rosidl_typesupport_c.so
[84.991s] -- Symlinking: /mnt/c/Users/lcata/organic_ws/install/environment_msgs/lib/python3.12/site-packages/environment_msgs/environment_msgs_s__rosidl_typesupport_fastrtps_c.so
[85.172s] -- Symlinking: /mnt/c/Users/lcata/organic_ws/install/environment_msgs/lib/python3.12/site-packages/environment_msgs/environment_msgs_s__rosidl_typesupport_introspection_c.so
[85.390s] -- Symlinking: /mnt/c/Users/lcata/organic_ws/install/environment_msgs/lib/python3.12/site-packages/environment_msgs/msg/__init__.py
[85.592s] -- Symlinking: /mnt/c/Users/lcata/organic_ws/install/environment_msgs/lib/python3.12/site-packages/environment_msgs/msg/_agent_state.py
[85.787s] -- Symlinking: /mnt/c/Users/lcata/organic_ws/install/environment_msgs/lib/python3.12/site-packages/environment_msgs/msg/_agent_state_s.c
[86.008s] -- Symlinking: /mnt/c/Users/lcata/organic_ws/install/environment_msgs/lib/python3.12/site-packages/environment_msgs/msg/_environment_state.py
[86.213s] -- Symlinking: /mnt/c/Users/lcata/organic_ws/install/environment_msgs/lib/python3.12/site-packages/environment_msgs/msg/_environment_state_s.c
[86.409s] -- Symlinking: /mnt/c/Users/lcata/organic_ws/install/environment_msgs/lib/python3.12/site-packages/environment_msgs/msg/_guidance_field.py
[86.606s] -- Symlinking: /mnt/c/Users/lcata/organic_ws/install/environment_msgs/lib/python3.12/site-packages/environment_msgs/msg/_guidance_field_s.c
[86.800s] -- Symlinking: /mnt/c/Users/lcata/organic_ws/install/environment_msgs/lib/python3.12/site-packages/environment_msgs/msg/_local_map_update.py
[86.993s] -- Symlinking: /mnt/c/Users/lcata/organic_ws/install/environment_msgs/lib/python3.12/site-packages/environment_msgs/msg/_local_map_update_s.c
[87.188s] -- Symlinking: /mnt/c/Users/lcata/organic_ws/install/environment_msgs/lib/python3.12/site-packages/environment_msgs/msg/_predicted_map.py
[87.383s] -- Symlinking: /mnt/c/Users/lcata/organic_ws/install/environment_msgs/lib/python3.12/site-packages/environment_msgs/msg/_predicted_map_s.c
[87.624s] -- Up-to-date symlink: /mnt/c/Users/lcata/organic_ws/install/environment_msgs/lib/python3.12/site-packages/environment_msgs/environment_msgs_s__rosidl_typesupport_fastrtps_c.so
[87.688s] -- Up-to-date symlink: /mnt/c/Users/lcata/organic_ws/install/environment_msgs/lib/python3.12/site-packages/environment_msgs/environment_msgs_s__rosidl_typesupport_introspection_c.so
[87.751s] -- Up-to-date symlink: /mnt/c/Users/lcata/organic_ws/install/environment_msgs/lib/python3.12/site-packages/environment_msgs/environment_msgs_s__rosidl_typesupport_c.so
[87.783s] -- Symlinking: /mnt/c/Users/lcata/organic_ws/install/environment_msgs/share/environment_msgs/msg/EnvironmentState.idl
[87.965s] -- Symlinking: /mnt/c/Users/lcata/organic_ws/install/environment_msgs/share/environment_msgs/msg/AgentState.idl
[88.155s] -- Symlinking: /mnt/c/Users/lcata/organic_ws/install/environment_msgs/share/environment_msgs/msg/LocalMapUpdate.idl
[88.343s] -- Symlinking: /mnt/c/Users/lcata/organic_ws/install/environment_msgs/share/environment_msgs/msg/PredictedMap.idl
[88.540s] -- Symlinking: /mnt/c/Users/lcata/organic_ws/install/environment_msgs/share/environment_msgs/msg/GuidanceField.idl
[88.752s] -- Symlinking: /mnt/c/Users/lcata/organic_ws/install/environment_msgs/share/environment_msgs/msg/EnvironmentState.msg
[88.948s] -- Symlinking: /mnt/c/Users/lcata/organic_ws/install/environment_msgs/share/environment_msgs/msg/AgentState.msg
[89.146s] -- Symlinking: /mnt/c/Users/lcata/organic_ws/install/environment_msgs/share/environment_msgs/msg/LocalMapUpdate.msg
[89.377s] -- Symlinking: /mnt/c/Users/lcata/organic_ws/install/environment_msgs/share/environment_msgs/msg/PredictedMap.msg
[89.579s] -- Symlinking: /mnt/c/Users/lcata/organic_ws/install/environment_msgs/share/environment_msgs/msg/GuidanceField.msg
[89.784s] -- Symlinking: /mnt/c/Users/lcata/organic_ws/install/environment_msgs/share/ament_index/resource_index/package_run_dependencies/environment_msgs
[90.012s] -- Symlinking: /mnt/c/Users/lcata/organic_ws/install/environment_msgs/share/ament_index/resource_index/parent_prefix_path/environment_msgs
[90.207s] -- Symlinking: /mnt/c/Users/lcata/organic_ws/install/environment_msgs/share/environment_msgs/environment/ament_prefix_path.sh
[90.397s] -- Symlinking: /mnt/c/Users/lcata/organic_ws/install/environment_msgs/share/environment_msgs/environment/ament_prefix_path.dsv
[90.632s] -- Symlinking: /mnt/c/Users/lcata/organic_ws/install/environment_msgs/share/environment_msgs/environment/path.sh
[90.844s] -- Symlinking: /mnt/c/Users/lcata/organic_ws/install/environment_msgs/share/environment_msgs/environment/path.dsv
[91.038s] -- Symlinking: /mnt/c/Users/lcata/organic_ws/install/environment_msgs/share/environment_msgs/local_setup.bash
[91.218s] -- Symlinking: /mnt/c/Users/lcata/organic_ws/install/environment_msgs/share/environment_msgs/local_setup.sh
[91.401s] -- Symlinking: /mnt/c/Users/lcata/organic_ws/install/environment_msgs/share/environment_msgs/local_setup.zsh
[91.582s] -- Symlinking: /mnt/c/Users/lcata/organic_ws/install/environment_msgs/share/environment_msgs/local_setup.dsv
[91.815s] -- Symlinking: /mnt/c/Users/lcata/organic_ws/install/environment_msgs/share/environment_msgs/package.dsv
[92.026s] -- Symlinking: /mnt/c/Users/lcata/organic_ws/install/environment_msgs/share/ament_index/resource_index/packages/environment_msgs
[92.237s] -- Symlinking: /mnt/c/Users/lcata/organic_ws/install/environment_msgs/share/environment_msgs/cmake/rosidl_cmake-extras.cmake
[92.423s] -- Symlinking: /mnt/c/Users/lcata/organic_ws/install/environment_msgs/share/environment_msgs/cmake/ament_cmake_export_include_directories-extras.cmake
[92.605s] -- Symlinking: /mnt/c/Users/lcata/organic_ws/install/environment_msgs/share/environment_msgs/cmake/ament_cmake_export_libraries-extras.cmake
[92.798s] -- Symlinking: /mnt/c/Users/lcata/organic_ws/install/environment_msgs/share/environment_msgs/cmake/ament_cmake_export_targets-extras.cmake
[92.998s] -- Symlinking: /mnt/c/Users/lcata/organic_ws/install/environment_msgs/share/environment_msgs/cmake/rosidl_cmake_export_typesupport_targets-extras.cmake
[93.184s] -- Symlinking: /mnt/c/Users/lcata/organic_ws/install/environment_msgs/share/environment_msgs/cmake/ament_cmake_export_dependencies-extras.cmake
[93.377s] -- Symlinking: /mnt/c/Users/lcata/organic_ws/install/environment_msgs/share/environment_msgs/cmake/rosidl_cmake_export_typesupport_libraries-extras.cmake
[93.555s] -- Symlinking: /mnt/c/Users/lcata/organic_ws/install/environment_msgs/share/environment_msgs/cmake/environment_msgsConfig.cmake
[93.740s] -- Symlinking: /mnt/c/Users/lcata/organic_ws/install/environment_msgs/share/environment_msgs/cmake/environment_msgsConfig-version.cmake
[93.917s] -- Symlinking: /mnt/c/Users/lcata/organic_ws/install/environment_msgs/share/environment_msgs/package.xml
[94.101s] -- Installing: /mnt/c/Users/lcata/organic_ws/install/environment_msgs/lib/libenvironment_msgs__rosidl_generator_c.so
[94.219s] -- Set non-toolchain portion of runtime path of "/mnt/c/Users/lcata/organic_ws/install/environment_msgs/lib/libenvironment_msgs__rosidl_generator_c.so" to ""
[94.244s] -- Installing: /mnt/c/Users/lcata/organic_ws/install/environment_msgs/lib/libenvironment_msgs__rosidl_typesupport_fastrtps_c.so
[94.361s] -- Set non-toolchain portion of runtime path of "/mnt/c/Users/lcata/organic_ws/install/environment_msgs/lib/libenvironment_msgs__rosidl_typesupport_fastrtps_c.so" to ""
[94.388s] -- Installing: /mnt/c/Users/lcata/organic_ws/install/environment_msgs/lib/libenvironment_msgs__rosidl_typesupport_introspection_c.so
[94.512s] -- Set non-toolchain portion of runtime path of "/mnt/c/Users/lcata/organic_ws/install/environment_msgs/lib/libenvironment_msgs__rosidl_typesupport_introspection_c.so" to ""
[94.538s] -- Installing: /mnt/c/Users/lcata/organic_ws/install/environment_msgs/lib/libenvironment_msgs__rosidl_typesupport_c.so
[94.655s] -- Set non-toolchain portion of runtime path of "/mnt/c/Users/lcata/organic_ws/install/environment_msgs/lib/libenvironment_msgs__rosidl_typesupport_c.so" to ""
[94.681s] -- Installing: /mnt/c/Users/lcata/organic_ws/install/environment_msgs/lib/libenvironment_msgs__rosidl_typesupport_fastrtps_cpp.so
[94.797s] -- Set non-toolchain portion of runtime path of "/mnt/c/Users/lcata/organic_ws/install/environment_msgs/lib/libenvironment_msgs__rosidl_typesupport_fastrtps_cpp.so" to ""
[94.821s] -- Installing: /mnt/c/Users/lcata/organic_ws/install/environment_msgs/lib/libenvironment_msgs__rosidl_typesupport_introspection_cpp.so
[94.941s] -- Set non-toolchain portion of runtime path of "/mnt/c/Users/lcata/organic_ws/install/environment_msgs/lib/libenvironment_msgs__rosidl_typesupport_introspection_cpp.so" to ""
[94.967s] -- Installing: /mnt/c/Users/lcata/organic_ws/install/environment_msgs/lib/libenvironment_msgs__rosidl_typesupport_cpp.so
[95.083s] -- Set non-toolchain portion of runtime path of "/mnt/c/Users/lcata/organic_ws/install/environment_msgs/lib/libenvironment_msgs__rosidl_typesupport_cpp.so" to ""
[96.373s] Listing '/mnt/c/Users/lcata/organic_ws/install/environment_msgs/lib/python3.12/site-packages/environment_msgs'...
[96.374s] Compiling '/mnt/c/Users/lcata/organic_ws/install/environment_msgs/lib/python3.12/site-packages/environment_msgs/__init__.py'...
[96.375s] Listing '/mnt/c/Users/lcata/organic_ws/install/environment_msgs/lib/python3.12/site-packages/environment_msgs/msg'...
[96.377s] Compiling '/mnt/c/Users/lcata/organic_ws/install/environment_msgs/lib/python3.12/site-packages/environment_msgs/msg/__init__.py'...
[96.378s] Compiling '/mnt/c/Users/lcata/organic_ws/install/environment_msgs/lib/python3.12/site-packages/environment_msgs/msg/_agent_state.py'...
[96.380s] Compiling '/mnt/c/Users/lcata/organic_ws/install/environment_msgs/lib/python3.12/site-packages/environment_msgs/msg/_environment_state.py'...
[96.380s] Compiling '/mnt/c/Users/lcata/organic_ws/install/environment_msgs/lib/python3.12/site-packages/environment_msgs/msg/_guidance_field.py'...
[96.381s] Compiling '/mnt/c/Users/lcata/organic_ws/install/environment_msgs/lib/python3.12/site-packages/environment_msgs/msg/_local_map_update.py'...
[96.383s] Compiling '/mnt/c/Users/lcata/organic_ws/install/environment_msgs/lib/python3.12/site-packages/environment_msgs/msg/_predicted_map.py'...
[96.401s] -- Installing: /mnt/c/Users/lcata/organic_ws/install/environment_msgs/lib/libenvironment_msgs__rosidl_generator_py.so
[96.536s] -- Set non-toolchain portion of runtime path of "/mnt/c/Users/lcata/organic_ws/install/environment_msgs/lib/libenvironment_msgs__rosidl_generator_py.so" to ""
[96.577s] -- Installing: /mnt/c/Users/lcata/organic_ws/install/environment_msgs/share/environment_msgs/cmake/export_environment_msgs__rosidl_generator_cExport.cmake
[96.721s] -- Installing: /mnt/c/Users/lcata/organic_ws/install/environment_msgs/share/environment_msgs/cmake/export_environment_msgs__rosidl_generator_cExport-noconfig.cmake
[96.877s] -- Installing: /mnt/c/Users/lcata/organic_ws/install/environment_msgs/share/environment_msgs/cmake/export_environment_msgs__rosidl_typesupport_fastrtps_cExport.cmake
[96.995s] -- Installing: /mnt/c/Users/lcata/organic_ws/install/environment_msgs/share/environment_msgs/cmake/export_environment_msgs__rosidl_typesupport_fastrtps_cExport-noconfig.cmake
[97.121s] -- Installing: /mnt/c/Users/lcata/organic_ws/install/environment_msgs/share/environment_msgs/cmake/environment_msgs__rosidl_typesupport_introspection_cExport.cmake
[97.248s] -- Installing: /mnt/c/Users/lcata/organic_ws/install/environment_msgs/share/environment_msgs/cmake/environment_msgs__rosidl_typesupport_introspection_cExport-noconfig.cmake
[97.365s] -- Installing: /mnt/c/Users/lcata/organic_ws/install/environment_msgs/share/environment_msgs/cmake/environment_msgs__rosidl_typesupport_cExport.cmake
[97.513s] -- Installing: /mnt/c/Users/lcata/organic_ws/install/environment_msgs/share/environment_msgs/cmake/environment_msgs__rosidl_typesupport_cExport-noconfig.cmake
[97.646s] -- Installing: /mnt/c/Users/lcata/organic_ws/install/environment_msgs/share/environment_msgs/cmake/export_environment_msgs__rosidl_generator_cppExport.cmake
[97.775s] -- Installing: /mnt/c/Users/lcata/organic_ws/install/environment_msgs/share/environment_msgs/cmake/export_environment_msgs__rosidl_typesupport_fastrtps_cppExport.cmake
[97.886s] -- Installing: /mnt/c/Users/lcata/organic_ws/install/environment_msgs/share/environment_msgs/cmake/export_environment_msgs__rosidl_typesupport_fastrtps_cppExport-noconfig.cmake
[98.021s] -- Installing: /mnt/c/Users/lcata/organic_ws/install/environment_msgs/share/environment_msgs/cmake/environment_msgs__rosidl_typesupport_introspection_cppExport.cmake
[98.131s] -- Installing: /mnt/c/Users/lcata/organic_ws/install/environment_msgs/share/environment_msgs/cmake/environment_msgs__rosidl_typesupport_introspection_cppExport-noconfig.cmake
[98.239s] -- Installing: /mnt/c/Users/lcata/organic_ws/install/environment_msgs/share/environment_msgs/cmake/environment_msgs__rosidl_typesupport_cppExport.cmake
[98.330s] -- Installing: /mnt/c/Users/lcata/organic_ws/install/environment_msgs/share/environment_msgs/cmake/environment_msgs__rosidl_typesupport_cppExport-noconfig.cmake
[98.428s] -- Installing: /mnt/c/Users/lcata/organic_ws/install/environment_msgs/share/environment_msgs/cmake/export_environment_msgs__rosidl_generator_pyExport.cmake
[98.524s] -- Installing: /mnt/c/Users/lcata/organic_ws/install/environment_msgs/share/environment_msgs/cmake/export_environment_msgs__rosidl_generator_pyExport-noconfig.cmake
[98.640s] Invoked command in '/mnt/c/Users/lcata/organic_ws/build/environment_msgs' returned '0': CMAKE_PREFIX_PATH=${CMAKE_PREFIX_PATH}:/mnt/c/Users/lcata/organic_ws/install/my_agent:/opt/ros/kilted /usr/bin/cmake --install /mnt/c/Users/lcata/organic_ws/build/environment_msgs
