[0.281s] DEBUG:colcon:Command line arguments: ['/usr/bin/colcon', 'build', '--symlink-install', '--parallel-workers', '4']
[0.282s] DEBUG:colcon:Parsed command line arguments: Namespace(log_base=None, log_level=None, verb_name='build', build_base='build', install_base='install', merge_install=False, symlink_install=True, test_result_base=None, continue_on_error=False, executor='parallel', parallel_workers=4, event_handlers=None, ignore_user_meta=False, metas=['./colcon.meta'], base_paths=['.'], packages_ignore=None, packages_ignore_regex=None, paths=None, packages_up_to=None, packages_up_to_regex=None, packages_above=None, packages_above_and_dependencies=None, packages_above_depth=None, packages_select_by_dep=None, packages_skip_by_dep=None, packages_skip_up_to=None, packages_select_build_failed=False, packages_skip_build_finished=False, packages_select_test_failures=False, packages_skip_test_passed=False, packages_select=None, packages_skip=None, packages_select_regex=None, packages_skip_regex=None, packages_start=None, packages_end=None, cmake_args=None, cmake_target=None, cmake_target_skip_unavailable=False, cmake_clean_cache=False, cmake_clean_first=False, cmake_force_configure=False, ament_cmake_args=None, catkin_cmake_args=None, catkin_skip_building_tests=False, verb_parser=<colcon_defaults.argument_parser.defaults.DefaultArgumentsDecorator object at 0x73da654098b0>, verb_extension=<colcon_core.verb.build.BuildVerb object at 0x73da65530c20>, main=<bound method BuildVerb.main of <colcon_core.verb.build.BuildVerb object at 0x73da65530c20>>)
[0.392s] Level 1:colcon.colcon_core.package_discovery:discover_packages(colcon_meta) check parameters
[0.394s] Level 1:colcon.colcon_core.package_discovery:discover_packages(recursive) check parameters
[0.394s] Level 1:colcon.colcon_core.package_discovery:discover_packages(ignore) check parameters
[0.395s] Level 1:colcon.colcon_core.package_discovery:discover_packages(path) check parameters
[0.396s] Level 1:colcon.colcon_core.package_discovery:discover_packages(colcon_meta) discover
[0.397s] Level 1:colcon.colcon_core.package_discovery:discover_packages(recursive) discover
[0.398s] INFO:colcon.colcon_core.package_discovery:Crawling recursively for packages in '/mnt/c/Users/lcata/organic_ws'
[0.405s] Level 1:colcon.colcon_core.package_identification:_identify(.) by extensions ['ignore', 'ignore_ament_install']
[0.406s] Level 1:colcon.colcon_core.package_identification:_identify(.) by extension 'ignore'
[0.408s] Level 1:colcon.colcon_core.package_identification:_identify(.) by extension 'ignore_ament_install'
[0.411s] Level 1:colcon.colcon_core.package_identification:_identify(.) by extensions ['colcon_pkg']
[0.412s] Level 1:colcon.colcon_core.package_identification:_identify(.) by extension 'colcon_pkg'
[0.413s] Level 1:colcon.colcon_core.package_identification:_identify(.) by extensions ['colcon_meta']
[0.414s] Level 1:colcon.colcon_core.package_identification:_identify(.) by extension 'colcon_meta'
[0.414s] Level 1:colcon.colcon_core.package_identification:_identify(.) by extensions ['ros']
[0.415s] Level 1:colcon.colcon_core.package_identification:_identify(.) by extension 'ros'
[0.492s] Level 1:colcon.colcon_core.package_identification:_identify(.) by extensions ['cmake', 'python']
[0.493s] Level 1:colcon.colcon_core.package_identification:_identify(.) by extension 'cmake'
[0.495s] Level 1:colcon.colcon_core.package_identification:_identify(.) by extension 'python'
[0.497s] Level 1:colcon.colcon_core.package_identification:_identify(.) by extensions ['python_setup_py']
[0.498s] Level 1:colcon.colcon_core.package_identification:_identify(.) by extension 'python_setup_py'
[0.515s] Level 1:colcon.colcon_core.package_identification:_identify(build) by extensions ['ignore', 'ignore_ament_install']
[0.516s] Level 1:colcon.colcon_core.package_identification:_identify(build) by extension 'ignore'
[0.523s] Level 1:colcon.colcon_core.package_identification:_identify(build) ignored
[0.540s] Level 1:colcon.colcon_core.package_identification:_identify(install) by extensions ['ignore', 'ignore_ament_install']
[0.542s] Level 1:colcon.colcon_core.package_identification:_identify(install) by extension 'ignore'
[0.550s] Level 1:colcon.colcon_core.package_identification:_identify(install) ignored
[0.578s] Level 1:colcon.colcon_core.package_identification:_identify(log) by extensions ['ignore', 'ignore_ament_install']
[0.579s] Level 1:colcon.colcon_core.package_identification:_identify(log) by extension 'ignore'
[0.584s] Level 1:colcon.colcon_core.package_identification:_identify(log) ignored
[0.602s] Level 1:colcon.colcon_core.package_identification:_identify(src) by extensions ['ignore', 'ignore_ament_install']
[0.603s] Level 1:colcon.colcon_core.package_identification:_identify(src) by extension 'ignore'
[0.608s] Level 1:colcon.colcon_core.package_identification:_identify(src) by extension 'ignore_ament_install'
[0.615s] Level 1:colcon.colcon_core.package_identification:_identify(src) by extensions ['colcon_pkg']
[0.617s] Level 1:colcon.colcon_core.package_identification:_identify(src) by extension 'colcon_pkg'
[0.621s] Level 1:colcon.colcon_core.package_identification:_identify(src) by extensions ['colcon_meta']
[0.622s] Level 1:colcon.colcon_core.package_identification:_identify(src) by extension 'colcon_meta'
[0.627s] Level 1:colcon.colcon_core.package_identification:_identify(src) by extensions ['ros']
[0.627s] Level 1:colcon.colcon_core.package_identification:_identify(src) by extension 'ros'
[0.645s] Level 1:colcon.colcon_core.package_identification:_identify(src) by extensions ['cmake', 'python']
[0.646s] Level 1:colcon.colcon_core.package_identification:_identify(src) by extension 'cmake'
[0.650s] Level 1:colcon.colcon_core.package_identification:_identify(src) by extension 'python'
[0.654s] Level 1:colcon.colcon_core.package_identification:_identify(src) by extensions ['python_setup_py']
[0.655s] Level 1:colcon.colcon_core.package_identification:_identify(src) by extension 'python_setup_py'
[0.681s] Level 1:colcon.colcon_core.package_identification:_identify(src/environment_msgs) by extensions ['ignore', 'ignore_ament_install']
[0.681s] Level 1:colcon.colcon_core.package_identification:_identify(src/environment_msgs) by extension 'ignore'
[0.687s] Level 1:colcon.colcon_core.package_identification:_identify(src/environment_msgs) by extension 'ignore_ament_install'
[0.696s] Level 1:colcon.colcon_core.package_identification:_identify(src/environment_msgs) by extensions ['colcon_pkg']
[0.696s] Level 1:colcon.colcon_core.package_identification:_identify(src/environment_msgs) by extension 'colcon_pkg'
[0.699s] Level 1:colcon.colcon_core.package_identification:_identify(src/environment_msgs) by extensions ['colcon_meta']
[0.700s] Level 1:colcon.colcon_core.package_identification:_identify(src/environment_msgs) by extension 'colcon_meta'
[0.708s] Level 1:colcon.colcon_core.package_identification:_identify(src/environment_msgs) by extensions ['ros']
[0.709s] Level 1:colcon.colcon_core.package_identification:_identify(src/environment_msgs) by extension 'ros'
[0.776s] DEBUG:colcon.colcon_core.package_identification:Package 'src/environment_msgs' with type 'ros.ament_cmake' and name 'environment_msgs'
[0.796s] Level 1:colcon.colcon_core.package_identification:_identify(src/my_agent) by extensions ['ignore', 'ignore_ament_install']
[0.797s] Level 1:colcon.colcon_core.package_identification:_identify(src/my_agent) by extension 'ignore'
[0.804s] Level 1:colcon.colcon_core.package_identification:_identify(src/my_agent) by extension 'ignore_ament_install'
[0.816s] Level 1:colcon.colcon_core.package_identification:_identify(src/my_agent) by extensions ['colcon_pkg']
[0.817s] Level 1:colcon.colcon_core.package_identification:_identify(src/my_agent) by extension 'colcon_pkg'
[0.824s] Level 1:colcon.colcon_core.package_identification:_identify(src/my_agent) by extensions ['colcon_meta']
[0.824s] Level 1:colcon.colcon_core.package_identification:_identify(src/my_agent) by extension 'colcon_meta'
[0.836s] Level 1:colcon.colcon_core.package_identification:_identify(src/my_agent) by extensions ['ros']
[0.837s] Level 1:colcon.colcon_core.package_identification:_identify(src/my_agent) by extension 'ros'
[0.914s] DEBUG:colcon.colcon_core.package_identification:Package 'src/my_agent' with type 'ros.ament_python' and name 'my_agent'
[0.915s] Level 1:colcon.colcon_core.package_discovery:discover_packages(recursive) using defaults
[0.916s] Level 1:colcon.colcon_core.package_discovery:discover_packages(ignore) discover
[0.916s] Level 1:colcon.colcon_core.package_discovery:discover_packages(ignore) using defaults
[0.917s] Level 1:colcon.colcon_core.package_discovery:discover_packages(path) discover
[0.918s] Level 1:colcon.colcon_core.package_discovery:discover_packages(path) using defaults
[1.018s] Level 5:colcon.colcon_core.verb:set package 'environment_msgs' build argument 'cmake_args' from command line to 'None'
[1.019s] Level 5:colcon.colcon_core.verb:set package 'environment_msgs' build argument 'cmake_target' from command line to 'None'
[1.020s] Level 5:colcon.colcon_core.verb:set package 'environment_msgs' build argument 'cmake_target_skip_unavailable' from command line to 'False'
[1.020s] Level 5:colcon.colcon_core.verb:set package 'environment_msgs' build argument 'cmake_clean_cache' from command line to 'False'
[1.021s] Level 5:colcon.colcon_core.verb:set package 'environment_msgs' build argument 'cmake_clean_first' from command line to 'False'
[1.022s] Level 5:colcon.colcon_core.verb:set package 'environment_msgs' build argument 'cmake_force_configure' from command line to 'False'
[1.023s] Level 5:colcon.colcon_core.verb:set package 'environment_msgs' build argument 'ament_cmake_args' from command line to 'None'
[1.024s] Level 5:colcon.colcon_core.verb:set package 'environment_msgs' build argument 'catkin_cmake_args' from command line to 'None'
[1.025s] Level 5:colcon.colcon_core.verb:set package 'environment_msgs' build argument 'catkin_skip_building_tests' from command line to 'False'
[1.026s] DEBUG:colcon.colcon_core.verb:Building package 'environment_msgs' with the following arguments: {'ament_cmake_args': None, 'build_base': '/mnt/c/Users/lcata/organic_ws/build/environment_msgs', 'catkin_cmake_args': None, 'catkin_skip_building_tests': False, 'cmake_args': None, 'cmake_clean_cache': False, 'cmake_clean_first': False, 'cmake_force_configure': False, 'cmake_target': None, 'cmake_target_skip_unavailable': False, 'install_base': '/mnt/c/Users/lcata/organic_ws/install/environment_msgs', 'merge_install': False, 'path': '/mnt/c/Users/lcata/organic_ws/src/environment_msgs', 'symlink_install': True, 'test_result_base': None}
[1.027s] Level 5:colcon.colcon_core.verb:set package 'my_agent' build argument 'cmake_args' from command line to 'None'
[1.028s] Level 5:colcon.colcon_core.verb:set package 'my_agent' build argument 'cmake_target' from command line to 'None'
[1.029s] Level 5:colcon.colcon_core.verb:set package 'my_agent' build argument 'cmake_target_skip_unavailable' from command line to 'False'
[1.030s] Level 5:colcon.colcon_core.verb:set package 'my_agent' build argument 'cmake_clean_cache' from command line to 'False'
[1.031s] Level 5:colcon.colcon_core.verb:set package 'my_agent' build argument 'cmake_clean_first' from command line to 'False'
[1.032s] Level 5:colcon.colcon_core.verb:set package 'my_agent' build argument 'cmake_force_configure' from command line to 'False'
[1.032s] Level 5:colcon.colcon_core.verb:set package 'my_agent' build argument 'ament_cmake_args' from command line to 'None'
[1.033s] Level 5:colcon.colcon_core.verb:set package 'my_agent' build argument 'catkin_cmake_args' from command line to 'None'
[1.034s] Level 5:colcon.colcon_core.verb:set package 'my_agent' build argument 'catkin_skip_building_tests' from command line to 'False'
[1.034s] DEBUG:colcon.colcon_core.verb:Building package 'my_agent' with the following arguments: {'ament_cmake_args': None, 'build_base': '/mnt/c/Users/lcata/organic_ws/build/my_agent', 'catkin_cmake_args': None, 'catkin_skip_building_tests': False, 'cmake_args': None, 'cmake_clean_cache': False, 'cmake_clean_first': False, 'cmake_force_configure': False, 'cmake_target': None, 'cmake_target_skip_unavailable': False, 'install_base': '/mnt/c/Users/lcata/organic_ws/install/my_agent', 'merge_install': False, 'path': '/mnt/c/Users/lcata/organic_ws/src/my_agent', 'symlink_install': True, 'test_result_base': None}
[1.035s] INFO:colcon.colcon_core.executor:Executing jobs using 'parallel' executor
[1.038s] DEBUG:colcon.colcon_parallel_executor.executor.parallel:run_until_complete
[1.038s] INFO:colcon.colcon_ros.task.ament_cmake.build:Building ROS package in '/mnt/c/Users/lcata/organic_ws/src/environment_msgs' with build type 'ament_cmake'
[1.039s] INFO:colcon.colcon_cmake.task.cmake.build:Building CMake package in '/mnt/c/Users/lcata/organic_ws/src/environment_msgs'
[1.048s] INFO:colcon.colcon_core.plugin_system:Skipping extension 'colcon_core.shell.bat': Not used on non-Windows systems
[1.049s] DEBUG:colcon.colcon_core.shell:Skip shell extension 'dsv' for command environment
[1.057s] WARNING:colcon.colcon_ros.prefix_path.ament:The path '/mnt/c/Users/lcata/organic_ws/install/my_agent' in the environment variable AMENT_PREFIX_PATH doesn't exist
[1.059s] WARNING:colcon.colcon_ros.prefix_path.ament:The path '/mnt/c/Users/lcata/organic_ws/install/environment_msgs' in the environment variable AMENT_PREFIX_PATH doesn't exist
[1.062s] WARNING:colcon.colcon_ros.prefix_path.catkin:The path '/mnt/c/Users/lcata/organic_ws/install/environment_msgs' in the environment variable CMAKE_PREFIX_PATH doesn't exist
[1.539s] DEBUG:colcon.colcon_core.event_handler.log_command:Invoking command in '/mnt/c/Users/lcata/organic_ws/build/environment_msgs': CMAKE_PREFIX_PATH=${CMAKE_PREFIX_PATH}:/mnt/c/Users/lcata/organic_ws/install/my_agent:/opt/ros/kilted /usr/bin/cmake /mnt/c/Users/lcata/organic_ws/src/environment_msgs -DAMENT_CMAKE_SYMLINK_INSTALL=1 -DCMAKE_INSTALL_PREFIX=/mnt/c/Users/lcata/organic_ws/install/environment_msgs
[55.651s] DEBUG:colcon.colcon_core.event_handler.log_command:Invoked command in '/mnt/c/Users/lcata/organic_ws/build/environment_msgs' returned '0': CMAKE_PREFIX_PATH=${CMAKE_PREFIX_PATH}:/mnt/c/Users/lcata/organic_ws/install/my_agent:/opt/ros/kilted /usr/bin/cmake /mnt/c/Users/lcata/organic_ws/src/environment_msgs -DAMENT_CMAKE_SYMLINK_INSTALL=1 -DCMAKE_INSTALL_PREFIX=/mnt/c/Users/lcata/organic_ws/install/environment_msgs
[55.710s] DEBUG:colcon.colcon_core.event_handler.log_command:Invoking command in '/mnt/c/Users/lcata/organic_ws/build/environment_msgs': CMAKE_PREFIX_PATH=${CMAKE_PREFIX_PATH}:/mnt/c/Users/lcata/organic_ws/install/my_agent:/opt/ros/kilted /usr/bin/cmake --build /mnt/c/Users/lcata/organic_ws/build/environment_msgs -- -j8 -l8
[81.683s] DEBUG:colcon.colcon_core.event_handler.log_command:Invoked command in '/mnt/c/Users/lcata/organic_ws/build/environment_msgs' returned '0': CMAKE_PREFIX_PATH=${CMAKE_PREFIX_PATH}:/mnt/c/Users/lcata/organic_ws/install/my_agent:/opt/ros/kilted /usr/bin/cmake --build /mnt/c/Users/lcata/organic_ws/build/environment_msgs -- -j8 -l8
[81.741s] DEBUG:colcon.colcon_core.event_handler.log_command:Invoking command in '/mnt/c/Users/lcata/organic_ws/build/environment_msgs': CMAKE_PREFIX_PATH=${CMAKE_PREFIX_PATH}:/mnt/c/Users/lcata/organic_ws/install/my_agent:/opt/ros/kilted /usr/bin/cmake --install /mnt/c/Users/lcata/organic_ws/build/environment_msgs
[117.008s] Level 1:colcon.colcon_core.environment:create_environment_scripts_only(environment_msgs)
[117.011s] DEBUG:colcon.colcon_core.event_handler.log_command:Invoked command in '/mnt/c/Users/lcata/organic_ws/build/environment_msgs' returned '0': CMAKE_PREFIX_PATH=${CMAKE_PREFIX_PATH}:/mnt/c/Users/lcata/organic_ws/install/my_agent:/opt/ros/kilted /usr/bin/cmake --install /mnt/c/Users/lcata/organic_ws/build/environment_msgs
[117.013s] Level 1:colcon.colcon_core.environment:checking '/mnt/c/Users/lcata/organic_ws/install/environment_msgs' for CMake module files
[118.134s] Level 1:colcon.colcon_core.environment:checking '/mnt/c/Users/lcata/organic_ws/install/environment_msgs' for CMake config files
[118.961s] Level 1:colcon.colcon_core.shell:create_environment_hook('environment_msgs', 'cmake_prefix_path')
[118.961s] INFO:colcon.colcon_core.shell:Creating environment descriptor '/mnt/c/Users/lcata/organic_ws/install/environment_msgs/share/environment_msgs/hook/cmake_prefix_path.dsv'
[118.976s] INFO:colcon.colcon_core.shell:Creating environment hook '/mnt/c/Users/lcata/organic_ws/install/environment_msgs/share/environment_msgs/hook/cmake_prefix_path.sh'
[119.021s] Level 1:colcon.colcon_core.environment:checking '/mnt/c/Users/lcata/organic_ws/install/environment_msgs/lib'
[119.035s] Level 1:colcon.colcon_core.shell:create_environment_hook('environment_msgs', 'ld_library_path_lib')
[119.036s] INFO:colcon.colcon_core.shell:Creating environment descriptor '/mnt/c/Users/lcata/organic_ws/install/environment_msgs/share/environment_msgs/hook/ld_library_path_lib.dsv'
[119.064s] INFO:colcon.colcon_core.shell:Creating environment hook '/mnt/c/Users/lcata/organic_ws/install/environment_msgs/share/environment_msgs/hook/ld_library_path_lib.sh'
[119.081s] Level 1:colcon.colcon_core.environment:checking '/mnt/c/Users/lcata/organic_ws/install/environment_msgs/bin'
[119.083s] Level 1:colcon.colcon_core.environment:checking '/mnt/c/Users/lcata/organic_ws/install/environment_msgs/lib/pkgconfig/environment_msgs.pc'
[119.090s] Level 1:colcon.colcon_core.environment:checking '/mnt/c/Users/lcata/organic_ws/install/environment_msgs/lib/python3.12/site-packages'
[119.096s] Level 1:colcon.colcon_core.shell:create_environment_hook('environment_msgs', 'pythonpath')
[119.096s] INFO:colcon.colcon_core.shell:Creating environment descriptor '/mnt/c/Users/lcata/organic_ws/install/environment_msgs/share/environment_msgs/hook/pythonpath.dsv'
[119.113s] INFO:colcon.colcon_core.shell:Creating environment hook '/mnt/c/Users/lcata/organic_ws/install/environment_msgs/share/environment_msgs/hook/pythonpath.sh'
[119.136s] Level 1:colcon.colcon_core.environment:checking '/mnt/c/Users/lcata/organic_ws/install/environment_msgs/bin'
[119.138s] INFO:colcon.colcon_core.shell:Creating package descriptor '/mnt/c/Users/lcata/organic_ws/install/environment_msgs/share/environment_msgs/package.dsv'
[119.174s] INFO:colcon.colcon_core.shell:Creating package script '/mnt/c/Users/lcata/organic_ws/install/environment_msgs/share/environment_msgs/package.sh'
[119.206s] INFO:colcon.colcon_core.shell:Creating package script '/mnt/c/Users/lcata/organic_ws/install/environment_msgs/share/environment_msgs/package.bash'
[119.243s] INFO:colcon.colcon_core.shell:Creating package script '/mnt/c/Users/lcata/organic_ws/install/environment_msgs/share/environment_msgs/package.zsh'
[119.290s] Level 1:colcon.colcon_core.environment:create_file_with_runtime_dependencies(/mnt/c/Users/lcata/organic_ws/install/environment_msgs/share/colcon-core/packages/environment_msgs)
[119.379s] Level 1:colcon.colcon_core.environment:create_environment_scripts_only(environment_msgs)
[119.380s] Level 1:colcon.colcon_core.environment:checking '/mnt/c/Users/lcata/organic_ws/install/environment_msgs' for CMake module files
[119.780s] Level 1:colcon.colcon_core.environment:checking '/mnt/c/Users/lcata/organic_ws/install/environment_msgs' for CMake config files
[121.540s] Level 1:colcon.colcon_core.shell:create_environment_hook('environment_msgs', 'cmake_prefix_path')
[121.542s] INFO:colcon.colcon_core.shell:Creating environment descriptor '/mnt/c/Users/lcata/organic_ws/install/environment_msgs/share/environment_msgs/hook/cmake_prefix_path.dsv'
[121.624s] INFO:colcon.colcon_core.shell:Creating environment hook '/mnt/c/Users/lcata/organic_ws/install/environment_msgs/share/environment_msgs/hook/cmake_prefix_path.sh'
[121.695s] Level 1:colcon.colcon_core.environment:checking '/mnt/c/Users/lcata/organic_ws/install/environment_msgs/lib'
[121.707s] Level 1:colcon.colcon_core.shell:create_environment_hook('environment_msgs', 'ld_library_path_lib')
[121.708s] INFO:colcon.colcon_core.shell:Creating environment descriptor '/mnt/c/Users/lcata/organic_ws/install/environment_msgs/share/environment_msgs/hook/ld_library_path_lib.dsv'
[121.741s] INFO:colcon.colcon_core.shell:Creating environment hook '/mnt/c/Users/lcata/organic_ws/install/environment_msgs/share/environment_msgs/hook/ld_library_path_lib.sh'
[121.773s] Level 1:colcon.colcon_core.environment:checking '/mnt/c/Users/lcata/organic_ws/install/environment_msgs/bin'
[121.778s] Level 1:colcon.colcon_core.environment:checking '/mnt/c/Users/lcata/organic_ws/install/environment_msgs/lib/pkgconfig/environment_msgs.pc'
[121.783s] Level 1:colcon.colcon_core.environment:checking '/mnt/c/Users/lcata/organic_ws/install/environment_msgs/lib/python3.12/site-packages'
[121.789s] Level 1:colcon.colcon_core.shell:create_environment_hook('environment_msgs', 'pythonpath')
[121.789s] INFO:colcon.colcon_core.shell:Creating environment descriptor '/mnt/c/Users/lcata/organic_ws/install/environment_msgs/share/environment_msgs/hook/pythonpath.dsv'
[121.822s] INFO:colcon.colcon_core.shell:Creating environment hook '/mnt/c/Users/lcata/organic_ws/install/environment_msgs/share/environment_msgs/hook/pythonpath.sh'
[121.846s] Level 1:colcon.colcon_core.environment:checking '/mnt/c/Users/lcata/organic_ws/install/environment_msgs/bin'
[121.849s] INFO:colcon.colcon_core.shell:Creating package descriptor '/mnt/c/Users/lcata/organic_ws/install/environment_msgs/share/environment_msgs/package.dsv'
[121.865s] INFO:colcon.colcon_core.shell:Creating package script '/mnt/c/Users/lcata/organic_ws/install/environment_msgs/share/environment_msgs/package.sh'
[121.887s] INFO:colcon.colcon_core.shell:Creating package script '/mnt/c/Users/lcata/organic_ws/install/environment_msgs/share/environment_msgs/package.bash'
[121.902s] INFO:colcon.colcon_core.shell:Creating package script '/mnt/c/Users/lcata/organic_ws/install/environment_msgs/share/environment_msgs/package.zsh'
[121.920s] Level 1:colcon.colcon_core.environment:create_file_with_runtime_dependencies(/mnt/c/Users/lcata/organic_ws/install/environment_msgs/share/colcon-core/packages/environment_msgs)
[121.932s] INFO:colcon.colcon_ros.task.ament_python.build:Building ROS package in '/mnt/c/Users/lcata/organic_ws/src/my_agent' with build type 'ament_python'
[121.933s] Level 1:colcon.colcon_core.shell:create_environment_hook('my_agent', 'ament_prefix_path')
[121.933s] INFO:colcon.colcon_core.shell:Creating environment descriptor '/mnt/c/Users/lcata/organic_ws/install/my_agent/share/my_agent/hook/ament_prefix_path.dsv'
[121.975s] INFO:colcon.colcon_core.shell:Creating environment hook '/mnt/c/Users/lcata/organic_ws/install/my_agent/share/my_agent/hook/ament_prefix_path.sh'
[121.993s] DEBUG:colcon.colcon_core.shell:Skip shell extension 'dsv' for command environment
[124.803s] INFO:colcon.colcon_core.task.python.build:Building Python package in '/mnt/c/Users/lcata/organic_ws/src/my_agent'
[124.803s] DEBUG:colcon.colcon_core.shell:Skip shell extension 'dsv' for command environment
[128.251s] DEBUG:colcon.colcon_core.event_handler.log_command:Invoking command in '/mnt/c/Users/lcata/organic_ws/build/my_agent': PYTHONPATH=/mnt/c/Users/lcata/organic_ws/build/my_agent/prefix_override:/usr/lib/python3/dist-packages/colcon_core/task/python/colcon_distutils_commands:/mnt/c/Users/lcata/organic_ws/install/my_agent/lib/python3.12/site-packages:/mnt/c/Users/lcata/organic_ws/install/environment_msgs/lib/python3.12/site-packages:/mnt/c/Users/lcata/organic_ws/build/my_agent:/mnt/c/Users/lcata/organic_ws/install/my_agent/lib/python3.12/site-packages:/opt/ros/kilted/lib/python3.12/site-packages /usr/bin/python3 -W ignore:setup.py install is deprecated -W ignore:easy_install command is deprecated setup.py develop --editable --build-directory /mnt/c/Users/lcata/organic_ws/build/my_agent/build --no-deps symlink_data
[131.452s] Level 1:colcon.colcon_core.shell:create_environment_hook('my_agent', 'pythonpath_develop')
[131.453s] INFO:colcon.colcon_core.shell:Creating environment descriptor '/mnt/c/Users/lcata/organic_ws/build/my_agent/share/my_agent/hook/pythonpath_develop.dsv'
[131.453s] DEBUG:colcon.colcon_core.event_handler.log_command:Invoked command in '/mnt/c/Users/lcata/organic_ws/build/my_agent' returned '0': PYTHONPATH=/mnt/c/Users/lcata/organic_ws/build/my_agent/prefix_override:/usr/lib/python3/dist-packages/colcon_core/task/python/colcon_distutils_commands:/mnt/c/Users/lcata/organic_ws/install/my_agent/lib/python3.12/site-packages:/mnt/c/Users/lcata/organic_ws/install/environment_msgs/lib/python3.12/site-packages:/mnt/c/Users/lcata/organic_ws/build/my_agent:/mnt/c/Users/lcata/organic_ws/install/my_agent/lib/python3.12/site-packages:/opt/ros/kilted/lib/python3.12/site-packages /usr/bin/python3 -W ignore:setup.py install is deprecated -W ignore:easy_install command is deprecated setup.py develop --editable --build-directory /mnt/c/Users/lcata/organic_ws/build/my_agent/build --no-deps symlink_data
[131.492s] INFO:colcon.colcon_core.shell:Creating environment hook '/mnt/c/Users/lcata/organic_ws/build/my_agent/share/my_agent/hook/pythonpath_develop.sh'
[131.527s] Level 1:colcon.colcon_core.environment:checking '/mnt/c/Users/lcata/organic_ws/install/my_agent' for CMake module files
[131.595s] Level 1:colcon.colcon_core.environment:checking '/mnt/c/Users/lcata/organic_ws/install/my_agent' for CMake config files
[131.685s] Level 1:colcon.colcon_core.environment:checking '/mnt/c/Users/lcata/organic_ws/install/my_agent/lib'
[131.692s] Level 1:colcon.colcon_core.environment:checking '/mnt/c/Users/lcata/organic_ws/install/my_agent/bin'
[131.694s] Level 1:colcon.colcon_core.environment:checking '/mnt/c/Users/lcata/organic_ws/install/my_agent/lib/pkgconfig/my_agent.pc'
[131.696s] Level 1:colcon.colcon_core.environment:checking '/mnt/c/Users/lcata/organic_ws/install/my_agent/lib/python3.12/site-packages'
[131.699s] Level 1:colcon.colcon_core.shell:create_environment_hook('my_agent', 'pythonpath')
[131.700s] INFO:colcon.colcon_core.shell:Creating environment descriptor '/mnt/c/Users/lcata/organic_ws/install/my_agent/share/my_agent/hook/pythonpath.dsv'
[131.713s] INFO:colcon.colcon_core.shell:Creating environment hook '/mnt/c/Users/lcata/organic_ws/install/my_agent/share/my_agent/hook/pythonpath.sh'
[131.732s] Level 1:colcon.colcon_core.environment:checking '/mnt/c/Users/lcata/organic_ws/install/my_agent/bin'
[131.734s] Level 1:colcon.colcon_core.environment:create_environment_scripts_only(my_agent)
[131.734s] INFO:colcon.colcon_core.shell:Creating package descriptor '/mnt/c/Users/lcata/organic_ws/install/my_agent/share/my_agent/package.dsv'
[131.746s] INFO:colcon.colcon_core.shell:Creating package script '/mnt/c/Users/lcata/organic_ws/install/my_agent/share/my_agent/package.sh'
[131.763s] INFO:colcon.colcon_core.shell:Creating package script '/mnt/c/Users/lcata/organic_ws/install/my_agent/share/my_agent/package.bash'
[131.781s] INFO:colcon.colcon_core.shell:Creating package script '/mnt/c/Users/lcata/organic_ws/install/my_agent/share/my_agent/package.zsh'
[131.805s] Level 1:colcon.colcon_core.environment:create_file_with_runtime_dependencies(/mnt/c/Users/lcata/organic_ws/install/my_agent/share/colcon-core/packages/my_agent)
[131.822s] DEBUG:colcon.colcon_parallel_executor.executor.parallel:closing loop
[131.823s] DEBUG:colcon.colcon_parallel_executor.executor.parallel:loop closed
[131.824s] DEBUG:colcon.colcon_parallel_executor.executor.parallel:run_until_complete finished with '0'
[131.824s] DEBUG:colcon.colcon_core.event_reactor:joining thread
[131.906s] INFO:colcon.colcon_core.plugin_system:Skipping extension 'colcon_notification.desktop_notification.notify_send': Could not find 'notify-send'
[131.907s] INFO:colcon.colcon_core.plugin_system:Skipping extension 'colcon_notification.desktop_notification.terminal_notifier': Not used on non-Darwin systems
[131.907s] INFO:colcon.colcon_core.plugin_system:Skipping extension 'colcon_notification.desktop_notification.win32': Not used on non-Windows systems
[131.907s] INFO:colcon.colcon_notification.desktop_notification:Sending desktop notification using 'notify2'
[131.908s] DEBUG:colcon.colcon_notification.desktop_notification.notify2:Failed to initialize notify2: org.freedesktop.DBus.Error.ServiceUnknown: The name org.freedesktop.Notifications was not provided by any .service files
[131.908s] DEBUG:colcon.colcon_core.event_reactor:joined thread
[131.909s] INFO:colcon.colcon_core.shell:Creating prefix script '/mnt/c/Users/lcata/organic_ws/install/local_setup.sh'
[131.921s] INFO:colcon.colcon_core.shell:Creating prefix util module '/mnt/c/Users/lcata/organic_ws/install/_local_setup_util_sh.py'
[131.932s] INFO:colcon.colcon_core.shell:Creating prefix chain script '/mnt/c/Users/lcata/organic_ws/install/setup.sh'
[131.983s] INFO:colcon.colcon_core.shell:Creating prefix script '/mnt/c/Users/lcata/organic_ws/install/local_setup.bash'
[132.000s] INFO:colcon.colcon_core.shell:Creating prefix chain script '/mnt/c/Users/lcata/organic_ws/install/setup.bash'
[132.100s] INFO:colcon.colcon_core.shell:Creating prefix script '/mnt/c/Users/lcata/organic_ws/install/local_setup.zsh'
[132.125s] INFO:colcon.colcon_core.shell:Creating prefix chain script '/mnt/c/Users/lcata/organic_ws/install/setup.zsh'
