[0.334s] DEBUG:colcon:Command line arguments: ['/usr/bin/colcon', 'build', '--symlink-install', '--parallel-workers', '4']
[0.334s] DEBUG:colcon:Parsed command line arguments: Namespace(log_base=None, log_level=None, verb_name='build', build_base='build', install_base='install', merge_install=False, symlink_install=True, test_result_base=None, continue_on_error=False, executor='parallel', parallel_workers=4, event_handlers=None, ignore_user_meta=False, metas=['./colcon.meta'], base_paths=['.'], packages_ignore=None, packages_ignore_regex=None, paths=None, packages_up_to=None, packages_up_to_regex=None, packages_above=None, packages_above_and_dependencies=None, packages_above_depth=None, packages_select_by_dep=None, packages_skip_by_dep=None, packages_skip_up_to=None, packages_select_build_failed=False, packages_skip_build_finished=False, packages_select_test_failures=False, packages_skip_test_passed=False, packages_select=None, packages_skip=None, packages_select_regex=None, packages_skip_regex=None, packages_start=None, packages_end=None, cmake_args=None, cmake_target=None, cmake_target_skip_unavailable=False, cmake_clean_cache=False, cmake_clean_first=False, cmake_force_configure=False, ament_cmake_args=None, catkin_cmake_args=None, catkin_skip_building_tests=False, verb_parser=<colcon_defaults.argument_parser.defaults.DefaultArgumentsDecorator object at 0x7328124096a0>, verb_extension=<colcon_core.verb.build.BuildVerb object at 0x732812531a60>, main=<bound method BuildVerb.main of <colcon_core.verb.build.BuildVerb object at 0x732812531a60>>)
[0.429s] Level 1:colcon.colcon_core.package_discovery:discover_packages(colcon_meta) check parameters
[0.430s] Level 1:colcon.colcon_core.package_discovery:discover_packages(recursive) check parameters
[0.430s] Level 1:colcon.colcon_core.package_discovery:discover_packages(ignore) check parameters
[0.431s] Level 1:colcon.colcon_core.package_discovery:discover_packages(path) check parameters
[0.431s] Level 1:colcon.colcon_core.package_discovery:discover_packages(colcon_meta) discover
[0.431s] Level 1:colcon.colcon_core.package_discovery:discover_packages(recursive) discover
[0.431s] INFO:colcon.colcon_core.package_discovery:Crawling recursively for packages in '/mnt/c/Users/lcata/organic_ws'
[0.434s] Level 1:colcon.colcon_core.package_identification:_identify(.) by extensions ['ignore', 'ignore_ament_install']
[0.434s] Level 1:colcon.colcon_core.package_identification:_identify(.) by extension 'ignore'
[0.435s] Level 1:colcon.colcon_core.package_identification:_identify(.) by extension 'ignore_ament_install'
[0.436s] Level 1:colcon.colcon_core.package_identification:_identify(.) by extensions ['colcon_pkg']
[0.436s] Level 1:colcon.colcon_core.package_identification:_identify(.) by extension 'colcon_pkg'
[0.437s] Level 1:colcon.colcon_core.package_identification:_identify(.) by extensions ['colcon_meta']
[0.437s] Level 1:colcon.colcon_core.package_identification:_identify(.) by extension 'colcon_meta'
[0.438s] Level 1:colcon.colcon_core.package_identification:_identify(.) by extensions ['ros']
[0.438s] Level 1:colcon.colcon_core.package_identification:_identify(.) by extension 'ros'
[0.471s] Level 1:colcon.colcon_core.package_identification:_identify(.) by extensions ['cmake', 'python']
[0.471s] Level 1:colcon.colcon_core.package_identification:_identify(.) by extension 'cmake'
[0.472s] Level 1:colcon.colcon_core.package_identification:_identify(.) by extension 'python'
[0.474s] Level 1:colcon.colcon_core.package_identification:_identify(.) by extensions ['python_setup_py']
[0.474s] Level 1:colcon.colcon_core.package_identification:_identify(.) by extension 'python_setup_py'
[0.484s] Level 1:colcon.colcon_core.package_identification:_identify(build) by extensions ['ignore', 'ignore_ament_install']
[0.485s] Level 1:colcon.colcon_core.package_identification:_identify(build) by extension 'ignore'
[0.488s] Level 1:colcon.colcon_core.package_identification:_identify(build) ignored
[0.495s] Level 1:colcon.colcon_core.package_identification:_identify(install) by extensions ['ignore', 'ignore_ament_install']
[0.495s] Level 1:colcon.colcon_core.package_identification:_identify(install) by extension 'ignore'
[0.499s] Level 1:colcon.colcon_core.package_identification:_identify(install) ignored
[0.510s] Level 1:colcon.colcon_core.package_identification:_identify(log) by extensions ['ignore', 'ignore_ament_install']
[0.511s] Level 1:colcon.colcon_core.package_identification:_identify(log) by extension 'ignore'
[0.515s] Level 1:colcon.colcon_core.package_identification:_identify(log) ignored
[0.527s] Level 1:colcon.colcon_core.package_identification:_identify(src) by extensions ['ignore', 'ignore_ament_install']
[0.528s] Level 1:colcon.colcon_core.package_identification:_identify(src) by extension 'ignore'
[0.533s] Level 1:colcon.colcon_core.package_identification:_identify(src) by extension 'ignore_ament_install'
[0.543s] Level 1:colcon.colcon_core.package_identification:_identify(src) by extensions ['colcon_pkg']
[0.544s] Level 1:colcon.colcon_core.package_identification:_identify(src) by extension 'colcon_pkg'
[0.550s] Level 1:colcon.colcon_core.package_identification:_identify(src) by extensions ['colcon_meta']
[0.551s] Level 1:colcon.colcon_core.package_identification:_identify(src) by extension 'colcon_meta'
[0.556s] Level 1:colcon.colcon_core.package_identification:_identify(src) by extensions ['ros']
[0.557s] Level 1:colcon.colcon_core.package_identification:_identify(src) by extension 'ros'
[0.579s] Level 1:colcon.colcon_core.package_identification:_identify(src) by extensions ['cmake', 'python']
[0.583s] Level 1:colcon.colcon_core.package_identification:_identify(src) by extension 'cmake'
[0.588s] Level 1:colcon.colcon_core.package_identification:_identify(src) by extension 'python'
[0.592s] Level 1:colcon.colcon_core.package_identification:_identify(src) by extensions ['python_setup_py']
[0.593s] Level 1:colcon.colcon_core.package_identification:_identify(src) by extension 'python_setup_py'
[0.608s] Level 1:colcon.colcon_core.package_identification:_identify(src/environment_msgs) by extensions ['ignore', 'ignore_ament_install']
[0.609s] Level 1:colcon.colcon_core.package_identification:_identify(src/environment_msgs) by extension 'ignore'
[0.613s] Level 1:colcon.colcon_core.package_identification:_identify(src/environment_msgs) by extension 'ignore_ament_install'
[0.618s] Level 1:colcon.colcon_core.package_identification:_identify(src/environment_msgs) by extensions ['colcon_pkg']
[0.619s] Level 1:colcon.colcon_core.package_identification:_identify(src/environment_msgs) by extension 'colcon_pkg'
[0.621s] Level 1:colcon.colcon_core.package_identification:_identify(src/environment_msgs) by extensions ['colcon_meta']
[0.621s] Level 1:colcon.colcon_core.package_identification:_identify(src/environment_msgs) by extension 'colcon_meta'
[0.625s] Level 1:colcon.colcon_core.package_identification:_identify(src/environment_msgs) by extensions ['ros']
[0.625s] Level 1:colcon.colcon_core.package_identification:_identify(src/environment_msgs) by extension 'ros'
[0.655s] DEBUG:colcon.colcon_core.package_identification:Package 'src/environment_msgs' with type 'ros.ament_cmake' and name 'environment_msgs'
[0.662s] Level 1:colcon.colcon_core.package_identification:_identify(src/my_agent) by extensions ['ignore', 'ignore_ament_install']
[0.662s] Level 1:colcon.colcon_core.package_identification:_identify(src/my_agent) by extension 'ignore'
[0.665s] Level 1:colcon.colcon_core.package_identification:_identify(src/my_agent) by extension 'ignore_ament_install'
[0.669s] Level 1:colcon.colcon_core.package_identification:_identify(src/my_agent) by extensions ['colcon_pkg']
[0.669s] Level 1:colcon.colcon_core.package_identification:_identify(src/my_agent) by extension 'colcon_pkg'
[0.671s] Level 1:colcon.colcon_core.package_identification:_identify(src/my_agent) by extensions ['colcon_meta']
[0.672s] Level 1:colcon.colcon_core.package_identification:_identify(src/my_agent) by extension 'colcon_meta'
[0.677s] Level 1:colcon.colcon_core.package_identification:_identify(src/my_agent) by extensions ['ros']
[0.678s] Level 1:colcon.colcon_core.package_identification:_identify(src/my_agent) by extension 'ros'
[0.731s] DEBUG:colcon.colcon_core.package_identification:Package 'src/my_agent' with type 'ros.ament_python' and name 'my_agent'
[0.732s] Level 1:colcon.colcon_core.package_discovery:discover_packages(recursive) using defaults
[0.732s] Level 1:colcon.colcon_core.package_discovery:discover_packages(ignore) discover
[0.733s] Level 1:colcon.colcon_core.package_discovery:discover_packages(ignore) using defaults
[0.733s] Level 1:colcon.colcon_core.package_discovery:discover_packages(path) discover
[0.734s] Level 1:colcon.colcon_core.package_discovery:discover_packages(path) using defaults
[0.814s] Level 5:colcon.colcon_core.verb:set package 'environment_msgs' build argument 'cmake_args' from command line to 'None'
[0.815s] Level 5:colcon.colcon_core.verb:set package 'environment_msgs' build argument 'cmake_target' from command line to 'None'
[0.816s] Level 5:colcon.colcon_core.verb:set package 'environment_msgs' build argument 'cmake_target_skip_unavailable' from command line to 'False'
[0.817s] Level 5:colcon.colcon_core.verb:set package 'environment_msgs' build argument 'cmake_clean_cache' from command line to 'False'
[0.818s] Level 5:colcon.colcon_core.verb:set package 'environment_msgs' build argument 'cmake_clean_first' from command line to 'False'
[0.818s] Level 5:colcon.colcon_core.verb:set package 'environment_msgs' build argument 'cmake_force_configure' from command line to 'False'
[0.819s] Level 5:colcon.colcon_core.verb:set package 'environment_msgs' build argument 'ament_cmake_args' from command line to 'None'
[0.820s] Level 5:colcon.colcon_core.verb:set package 'environment_msgs' build argument 'catkin_cmake_args' from command line to 'None'
[0.821s] Level 5:colcon.colcon_core.verb:set package 'environment_msgs' build argument 'catkin_skip_building_tests' from command line to 'False'
[0.822s] DEBUG:colcon.colcon_core.verb:Building package 'environment_msgs' with the following arguments: {'ament_cmake_args': None, 'build_base': '/mnt/c/Users/lcata/organic_ws/build/environment_msgs', 'catkin_cmake_args': None, 'catkin_skip_building_tests': False, 'cmake_args': None, 'cmake_clean_cache': False, 'cmake_clean_first': False, 'cmake_force_configure': False, 'cmake_target': None, 'cmake_target_skip_unavailable': False, 'install_base': '/mnt/c/Users/lcata/organic_ws/install/environment_msgs', 'merge_install': False, 'path': '/mnt/c/Users/lcata/organic_ws/src/environment_msgs', 'symlink_install': True, 'test_result_base': None}
[0.823s] Level 5:colcon.colcon_core.verb:set package 'my_agent' build argument 'cmake_args' from command line to 'None'
[0.824s] Level 5:colcon.colcon_core.verb:set package 'my_agent' build argument 'cmake_target' from command line to 'None'
[0.824s] Level 5:colcon.colcon_core.verb:set package 'my_agent' build argument 'cmake_target_skip_unavailable' from command line to 'False'
[0.824s] Level 5:colcon.colcon_core.verb:set package 'my_agent' build argument 'cmake_clean_cache' from command line to 'False'
[0.825s] Level 5:colcon.colcon_core.verb:set package 'my_agent' build argument 'cmake_clean_first' from command line to 'False'
[0.826s] Level 5:colcon.colcon_core.verb:set package 'my_agent' build argument 'cmake_force_configure' from command line to 'False'
[0.826s] Level 5:colcon.colcon_core.verb:set package 'my_agent' build argument 'ament_cmake_args' from command line to 'None'
[0.827s] Level 5:colcon.colcon_core.verb:set package 'my_agent' build argument 'catkin_cmake_args' from command line to 'None'
[0.827s] Level 5:colcon.colcon_core.verb:set package 'my_agent' build argument 'catkin_skip_building_tests' from command line to 'False'
[0.827s] DEBUG:colcon.colcon_core.verb:Building package 'my_agent' with the following arguments: {'ament_cmake_args': None, 'build_base': '/mnt/c/Users/lcata/organic_ws/build/my_agent', 'catkin_cmake_args': None, 'catkin_skip_building_tests': False, 'cmake_args': None, 'cmake_clean_cache': False, 'cmake_clean_first': False, 'cmake_force_configure': False, 'cmake_target': None, 'cmake_target_skip_unavailable': False, 'install_base': '/mnt/c/Users/lcata/organic_ws/install/my_agent', 'merge_install': False, 'path': '/mnt/c/Users/lcata/organic_ws/src/my_agent', 'symlink_install': True, 'test_result_base': None}
[0.828s] INFO:colcon.colcon_core.executor:Executing jobs using 'parallel' executor
[0.830s] DEBUG:colcon.colcon_parallel_executor.executor.parallel:run_until_complete
[0.832s] INFO:colcon.colcon_ros.task.ament_cmake.build:Building ROS package in '/mnt/c/Users/lcata/organic_ws/src/environment_msgs' with build type 'ament_cmake'
[0.833s] INFO:colcon.colcon_cmake.task.cmake.build:Building CMake package in '/mnt/c/Users/lcata/organic_ws/src/environment_msgs'
[0.839s] INFO:colcon.colcon_core.plugin_system:Skipping extension 'colcon_core.shell.bat': Not used on non-Windows systems
[0.840s] DEBUG:colcon.colcon_core.shell:Skip shell extension 'dsv' for command environment
[0.851s] WARNING:colcon.colcon_ros.prefix_path.ament:The path '/mnt/c/Users/lcata/organic_ws/install/my_agent' in the environment variable AMENT_PREFIX_PATH doesn't exist
[0.856s] WARNING:colcon.colcon_ros.prefix_path.ament:The path '/mnt/c/Users/lcata/organic_ws/install/environment_msgs' in the environment variable AMENT_PREFIX_PATH doesn't exist
[0.861s] WARNING:colcon.colcon_ros.prefix_path.catkin:The path '/mnt/c/Users/lcata/organic_ws/install/environment_msgs' in the environment variable CMAKE_PREFIX_PATH doesn't exist
[1.303s] DEBUG:colcon.colcon_core.event_handler.log_command:Invoking command in '/mnt/c/Users/lcata/organic_ws/build/environment_msgs': CMAKE_PREFIX_PATH=${CMAKE_PREFIX_PATH}:/mnt/c/Users/lcata/organic_ws/install/my_agent:/opt/ros/kilted /usr/bin/cmake /mnt/c/Users/lcata/organic_ws/src/environment_msgs -DAMENT_CMAKE_SYMLINK_INSTALL=1 -DCMAKE_INSTALL_PREFIX=/mnt/c/Users/lcata/organic_ws/install/environment_msgs
[51.110s] DEBUG:colcon.colcon_core.event_handler.log_command:Invoked command in '/mnt/c/Users/lcata/organic_ws/build/environment_msgs' returned '0': CMAKE_PREFIX_PATH=${CMAKE_PREFIX_PATH}:/mnt/c/Users/lcata/organic_ws/install/my_agent:/opt/ros/kilted /usr/bin/cmake /mnt/c/Users/lcata/organic_ws/src/environment_msgs -DAMENT_CMAKE_SYMLINK_INSTALL=1 -DCMAKE_INSTALL_PREFIX=/mnt/c/Users/lcata/organic_ws/install/environment_msgs
[51.148s] DEBUG:colcon.colcon_core.event_handler.log_command:Invoking command in '/mnt/c/Users/lcata/organic_ws/build/environment_msgs': CMAKE_PREFIX_PATH=${CMAKE_PREFIX_PATH}:/mnt/c/Users/lcata/organic_ws/install/my_agent:/opt/ros/kilted /usr/bin/cmake --build /mnt/c/Users/lcata/organic_ws/build/environment_msgs -- -j8 -l8
[73.220s] DEBUG:colcon.colcon_core.event_handler.log_command:Invoked command in '/mnt/c/Users/lcata/organic_ws/build/environment_msgs' returned '0': CMAKE_PREFIX_PATH=${CMAKE_PREFIX_PATH}:/mnt/c/Users/lcata/organic_ws/install/my_agent:/opt/ros/kilted /usr/bin/cmake --build /mnt/c/Users/lcata/organic_ws/build/environment_msgs -- -j8 -l8
[73.276s] DEBUG:colcon.colcon_core.event_handler.log_command:Invoking command in '/mnt/c/Users/lcata/organic_ws/build/environment_msgs': CMAKE_PREFIX_PATH=${CMAKE_PREFIX_PATH}:/mnt/c/Users/lcata/organic_ws/install/my_agent:/opt/ros/kilted /usr/bin/cmake --install /mnt/c/Users/lcata/organic_ws/build/environment_msgs
[97.939s] Level 1:colcon.colcon_core.environment:create_environment_scripts_only(environment_msgs)
[97.943s] DEBUG:colcon.colcon_core.event_handler.log_command:Invoked command in '/mnt/c/Users/lcata/organic_ws/build/environment_msgs' returned '0': CMAKE_PREFIX_PATH=${CMAKE_PREFIX_PATH}:/mnt/c/Users/lcata/organic_ws/install/my_agent:/opt/ros/kilted /usr/bin/cmake --install /mnt/c/Users/lcata/organic_ws/build/environment_msgs
[97.948s] Level 1:colcon.colcon_core.environment:checking '/mnt/c/Users/lcata/organic_ws/install/environment_msgs' for CMake module files
[98.309s] Level 1:colcon.colcon_core.environment:checking '/mnt/c/Users/lcata/organic_ws/install/environment_msgs' for CMake config files
[99.029s] Level 1:colcon.colcon_core.shell:create_environment_hook('environment_msgs', 'cmake_prefix_path')
[99.030s] INFO:colcon.colcon_core.shell:Creating environment descriptor '/mnt/c/Users/lcata/organic_ws/install/environment_msgs/share/environment_msgs/hook/cmake_prefix_path.dsv'
[99.042s] INFO:colcon.colcon_core.shell:Creating environment hook '/mnt/c/Users/lcata/organic_ws/install/environment_msgs/share/environment_msgs/hook/cmake_prefix_path.sh'
[99.056s] Level 1:colcon.colcon_core.environment:checking '/mnt/c/Users/lcata/organic_ws/install/environment_msgs/lib'
[99.062s] Level 1:colcon.colcon_core.shell:create_environment_hook('environment_msgs', 'ld_library_path_lib')
[99.063s] INFO:colcon.colcon_core.shell:Creating environment descriptor '/mnt/c/Users/lcata/organic_ws/install/environment_msgs/share/environment_msgs/hook/ld_library_path_lib.dsv'
[99.076s] INFO:colcon.colcon_core.shell:Creating environment hook '/mnt/c/Users/lcata/organic_ws/install/environment_msgs/share/environment_msgs/hook/ld_library_path_lib.sh'
[99.098s] Level 1:colcon.colcon_core.environment:checking '/mnt/c/Users/lcata/organic_ws/install/environment_msgs/bin'
[99.100s] Level 1:colcon.colcon_core.environment:checking '/mnt/c/Users/lcata/organic_ws/install/environment_msgs/lib/pkgconfig/environment_msgs.pc'
[99.106s] Level 1:colcon.colcon_core.environment:checking '/mnt/c/Users/lcata/organic_ws/install/environment_msgs/lib/python3.12/site-packages'
[99.110s] Level 1:colcon.colcon_core.shell:create_environment_hook('environment_msgs', 'pythonpath')
[99.111s] INFO:colcon.colcon_core.shell:Creating environment descriptor '/mnt/c/Users/lcata/organic_ws/install/environment_msgs/share/environment_msgs/hook/pythonpath.dsv'
[99.133s] INFO:colcon.colcon_core.shell:Creating environment hook '/mnt/c/Users/lcata/organic_ws/install/environment_msgs/share/environment_msgs/hook/pythonpath.sh'
[99.161s] Level 1:colcon.colcon_core.environment:checking '/mnt/c/Users/lcata/organic_ws/install/environment_msgs/bin'
[99.164s] INFO:colcon.colcon_core.shell:Creating package descriptor '/mnt/c/Users/lcata/organic_ws/install/environment_msgs/share/environment_msgs/package.dsv'
[99.190s] INFO:colcon.colcon_core.shell:Creating package script '/mnt/c/Users/lcata/organic_ws/install/environment_msgs/share/environment_msgs/package.sh'
[99.210s] INFO:colcon.colcon_core.shell:Creating package script '/mnt/c/Users/lcata/organic_ws/install/environment_msgs/share/environment_msgs/package.bash'
[99.231s] INFO:colcon.colcon_core.shell:Creating package script '/mnt/c/Users/lcata/organic_ws/install/environment_msgs/share/environment_msgs/package.zsh'
[99.250s] Level 1:colcon.colcon_core.environment:create_file_with_runtime_dependencies(/mnt/c/Users/lcata/organic_ws/install/environment_msgs/share/colcon-core/packages/environment_msgs)
[99.276s] Level 1:colcon.colcon_core.environment:create_environment_scripts_only(environment_msgs)
[99.277s] Level 1:colcon.colcon_core.environment:checking '/mnt/c/Users/lcata/organic_ws/install/environment_msgs' for CMake module files
[99.716s] Level 1:colcon.colcon_core.environment:checking '/mnt/c/Users/lcata/organic_ws/install/environment_msgs' for CMake config files
[100.481s] Level 1:colcon.colcon_core.shell:create_environment_hook('environment_msgs', 'cmake_prefix_path')
[100.482s] INFO:colcon.colcon_core.shell:Creating environment descriptor '/mnt/c/Users/lcata/organic_ws/install/environment_msgs/share/environment_msgs/hook/cmake_prefix_path.dsv'
[100.502s] INFO:colcon.colcon_core.shell:Creating environment hook '/mnt/c/Users/lcata/organic_ws/install/environment_msgs/share/environment_msgs/hook/cmake_prefix_path.sh'
[100.532s] Level 1:colcon.colcon_core.environment:checking '/mnt/c/Users/lcata/organic_ws/install/environment_msgs/lib'
[100.538s] Level 1:colcon.colcon_core.shell:create_environment_hook('environment_msgs', 'ld_library_path_lib')
[100.538s] INFO:colcon.colcon_core.shell:Creating environment descriptor '/mnt/c/Users/lcata/organic_ws/install/environment_msgs/share/environment_msgs/hook/ld_library_path_lib.dsv'
[100.563s] INFO:colcon.colcon_core.shell:Creating environment hook '/mnt/c/Users/lcata/organic_ws/install/environment_msgs/share/environment_msgs/hook/ld_library_path_lib.sh'
[100.591s] Level 1:colcon.colcon_core.environment:checking '/mnt/c/Users/lcata/organic_ws/install/environment_msgs/bin'
[100.593s] Level 1:colcon.colcon_core.environment:checking '/mnt/c/Users/lcata/organic_ws/install/environment_msgs/lib/pkgconfig/environment_msgs.pc'
[100.596s] Level 1:colcon.colcon_core.environment:checking '/mnt/c/Users/lcata/organic_ws/install/environment_msgs/lib/python3.12/site-packages'
[100.599s] Level 1:colcon.colcon_core.shell:create_environment_hook('environment_msgs', 'pythonpath')
[100.599s] INFO:colcon.colcon_core.shell:Creating environment descriptor '/mnt/c/Users/lcata/organic_ws/install/environment_msgs/share/environment_msgs/hook/pythonpath.dsv'
[100.621s] INFO:colcon.colcon_core.shell:Creating environment hook '/mnt/c/Users/lcata/organic_ws/install/environment_msgs/share/environment_msgs/hook/pythonpath.sh'
[100.641s] Level 1:colcon.colcon_core.environment:checking '/mnt/c/Users/lcata/organic_ws/install/environment_msgs/bin'
[100.643s] INFO:colcon.colcon_core.shell:Creating package descriptor '/mnt/c/Users/lcata/organic_ws/install/environment_msgs/share/environment_msgs/package.dsv'
[100.664s] INFO:colcon.colcon_core.shell:Creating package script '/mnt/c/Users/lcata/organic_ws/install/environment_msgs/share/environment_msgs/package.sh'
[100.681s] INFO:colcon.colcon_core.shell:Creating package script '/mnt/c/Users/lcata/organic_ws/install/environment_msgs/share/environment_msgs/package.bash'
[100.701s] INFO:colcon.colcon_core.shell:Creating package script '/mnt/c/Users/lcata/organic_ws/install/environment_msgs/share/environment_msgs/package.zsh'
[100.718s] Level 1:colcon.colcon_core.environment:create_file_with_runtime_dependencies(/mnt/c/Users/lcata/organic_ws/install/environment_msgs/share/colcon-core/packages/environment_msgs)
[100.734s] INFO:colcon.colcon_ros.task.ament_python.build:Building ROS package in '/mnt/c/Users/lcata/organic_ws/src/my_agent' with build type 'ament_python'
[100.735s] Level 1:colcon.colcon_core.shell:create_environment_hook('my_agent', 'ament_prefix_path')
[100.735s] INFO:colcon.colcon_core.shell:Creating environment descriptor '/mnt/c/Users/lcata/organic_ws/install/my_agent/share/my_agent/hook/ament_prefix_path.dsv'
[100.794s] INFO:colcon.colcon_core.shell:Creating environment hook '/mnt/c/Users/lcata/organic_ws/install/my_agent/share/my_agent/hook/ament_prefix_path.sh'
[100.813s] DEBUG:colcon.colcon_core.shell:Skip shell extension 'dsv' for command environment
[102.133s] INFO:colcon.colcon_core.task.python.build:Building Python package in '/mnt/c/Users/lcata/organic_ws/src/my_agent'
[102.134s] DEBUG:colcon.colcon_core.shell:Skip shell extension 'dsv' for command environment
[105.120s] DEBUG:colcon.colcon_core.event_handler.log_command:Invoking command in '/mnt/c/Users/lcata/organic_ws/build/my_agent': PYTHONPATH=/mnt/c/Users/lcata/organic_ws/build/my_agent/prefix_override:/usr/lib/python3/dist-packages/colcon_core/task/python/colcon_distutils_commands:/mnt/c/Users/lcata/organic_ws/install/my_agent/lib/python3.12/site-packages:/mnt/c/Users/lcata/organic_ws/install/environment_msgs/lib/python3.12/site-packages:/mnt/c/Users/lcata/organic_ws/build/my_agent:/mnt/c/Users/lcata/organic_ws/install/my_agent/lib/python3.12/site-packages:/opt/ros/kilted/lib/python3.12/site-packages /usr/bin/python3 -W ignore:setup.py install is deprecated -W ignore:easy_install command is deprecated setup.py develop --editable --build-directory /mnt/c/Users/lcata/organic_ws/build/my_agent/build --no-deps symlink_data
[108.159s] Level 1:colcon.colcon_core.shell:create_environment_hook('my_agent', 'pythonpath_develop')
[108.160s] INFO:colcon.colcon_core.shell:Creating environment descriptor '/mnt/c/Users/lcata/organic_ws/build/my_agent/share/my_agent/hook/pythonpath_develop.dsv'
[108.162s] DEBUG:colcon.colcon_core.event_handler.log_command:Invoked command in '/mnt/c/Users/lcata/organic_ws/build/my_agent' returned '0': PYTHONPATH=/mnt/c/Users/lcata/organic_ws/build/my_agent/prefix_override:/usr/lib/python3/dist-packages/colcon_core/task/python/colcon_distutils_commands:/mnt/c/Users/lcata/organic_ws/install/my_agent/lib/python3.12/site-packages:/mnt/c/Users/lcata/organic_ws/install/environment_msgs/lib/python3.12/site-packages:/mnt/c/Users/lcata/organic_ws/build/my_agent:/mnt/c/Users/lcata/organic_ws/install/my_agent/lib/python3.12/site-packages:/opt/ros/kilted/lib/python3.12/site-packages /usr/bin/python3 -W ignore:setup.py install is deprecated -W ignore:easy_install command is deprecated setup.py develop --editable --build-directory /mnt/c/Users/lcata/organic_ws/build/my_agent/build --no-deps symlink_data
[108.200s] INFO:colcon.colcon_core.shell:Creating environment hook '/mnt/c/Users/lcata/organic_ws/build/my_agent/share/my_agent/hook/pythonpath_develop.sh'
[108.231s] Level 1:colcon.colcon_core.environment:checking '/mnt/c/Users/lcata/organic_ws/install/my_agent' for CMake module files
[108.325s] Level 1:colcon.colcon_core.environment:checking '/mnt/c/Users/lcata/organic_ws/install/my_agent' for CMake config files
[108.429s] Level 1:colcon.colcon_core.environment:checking '/mnt/c/Users/lcata/organic_ws/install/my_agent/lib'
[108.434s] Level 1:colcon.colcon_core.environment:checking '/mnt/c/Users/lcata/organic_ws/install/my_agent/bin'
[108.436s] Level 1:colcon.colcon_core.environment:checking '/mnt/c/Users/lcata/organic_ws/install/my_agent/lib/pkgconfig/my_agent.pc'
[108.438s] Level 1:colcon.colcon_core.environment:checking '/mnt/c/Users/lcata/organic_ws/install/my_agent/lib/python3.12/site-packages'
[108.443s] Level 1:colcon.colcon_core.shell:create_environment_hook('my_agent', 'pythonpath')
[108.443s] INFO:colcon.colcon_core.shell:Creating environment descriptor '/mnt/c/Users/lcata/organic_ws/install/my_agent/share/my_agent/hook/pythonpath.dsv'
[108.462s] INFO:colcon.colcon_core.shell:Creating environment hook '/mnt/c/Users/lcata/organic_ws/install/my_agent/share/my_agent/hook/pythonpath.sh'
[108.478s] Level 1:colcon.colcon_core.environment:checking '/mnt/c/Users/lcata/organic_ws/install/my_agent/bin'
[108.479s] Level 1:colcon.colcon_core.environment:create_environment_scripts_only(my_agent)
[108.480s] INFO:colcon.colcon_core.shell:Creating package descriptor '/mnt/c/Users/lcata/organic_ws/install/my_agent/share/my_agent/package.dsv'
[108.491s] INFO:colcon.colcon_core.shell:Creating package script '/mnt/c/Users/lcata/organic_ws/install/my_agent/share/my_agent/package.sh'
[108.504s] INFO:colcon.colcon_core.shell:Creating package script '/mnt/c/Users/lcata/organic_ws/install/my_agent/share/my_agent/package.bash'
[108.520s] INFO:colcon.colcon_core.shell:Creating package script '/mnt/c/Users/lcata/organic_ws/install/my_agent/share/my_agent/package.zsh'
[108.529s] Level 1:colcon.colcon_core.environment:create_file_with_runtime_dependencies(/mnt/c/Users/lcata/organic_ws/install/my_agent/share/colcon-core/packages/my_agent)
[108.541s] DEBUG:colcon.colcon_parallel_executor.executor.parallel:closing loop
[108.543s] DEBUG:colcon.colcon_parallel_executor.executor.parallel:loop closed
[108.543s] DEBUG:colcon.colcon_parallel_executor.executor.parallel:run_until_complete finished with '0'
[108.544s] DEBUG:colcon.colcon_core.event_reactor:joining thread
[108.622s] INFO:colcon.colcon_core.plugin_system:Skipping extension 'colcon_notification.desktop_notification.notify_send': Could not find 'notify-send'
[108.623s] INFO:colcon.colcon_core.plugin_system:Skipping extension 'colcon_notification.desktop_notification.terminal_notifier': Not used on non-Darwin systems
[108.623s] INFO:colcon.colcon_core.plugin_system:Skipping extension 'colcon_notification.desktop_notification.win32': Not used on non-Windows systems
[108.623s] INFO:colcon.colcon_notification.desktop_notification:Sending desktop notification using 'notify2'
[108.626s] DEBUG:colcon.colcon_notification.desktop_notification.notify2:Failed to initialize notify2: org.freedesktop.DBus.Error.ServiceUnknown: The name org.freedesktop.Notifications was not provided by any .service files
[108.626s] DEBUG:colcon.colcon_core.event_reactor:joined thread
[108.627s] INFO:colcon.colcon_core.shell:Creating prefix script '/mnt/c/Users/lcata/organic_ws/install/local_setup.sh'
[108.632s] INFO:colcon.colcon_core.shell:Creating prefix util module '/mnt/c/Users/lcata/organic_ws/install/_local_setup_util_sh.py'
[108.637s] INFO:colcon.colcon_core.shell:Creating prefix chain script '/mnt/c/Users/lcata/organic_ws/install/setup.sh'
[108.666s] INFO:colcon.colcon_core.shell:Creating prefix script '/mnt/c/Users/lcata/organic_ws/install/local_setup.bash'
[108.670s] INFO:colcon.colcon_core.shell:Creating prefix chain script '/mnt/c/Users/lcata/organic_ws/install/setup.bash'
[108.697s] INFO:colcon.colcon_core.shell:Creating prefix script '/mnt/c/Users/lcata/organic_ws/install/local_setup.zsh'
[108.704s] INFO:colcon.colcon_core.shell:Creating prefix chain script '/mnt/c/Users/lcata/organic_ws/install/setup.zsh'
